Files to be considered for IR
	./data/input/something.json
{}
	./data/input/todo.json
{'todo': {'*id:int': {}, 'name:str': {'limit': 50}, 'completed:bool': {}, '@arson->id:int': {}}}
	./data/input/new_file.json
{'wtf': {'*ow:int': {}, 'my:int': {}, 'on:int': {}, 'why:str': {'limit': 100}}}
	./data/input/portfolios.json
{'portfolio': {'*id:int': {}, 'name:str': {'limit': 50}, 'prio:int': {}, 'completed:bool': {}, 'records:str': {'limit': 500}}}
	./data/input/user.json
{'user': {'*id:int': {}, 'fname:str': {'regex': '', 'limit': 32}, 'lname:str': {'regex': '', 'limit': 32}, 'email:str!': {'regex': 'email', 'limit': 100}, 'gender:bool': {}, 'bio:str': {'limit': 300}}, 'follower': {'*id:int': {}, '@user->id=follower_id:int!': {}, '@user->id=followee_id:int!': {}}, 'post': {'*id:int': {}, 'content:str': {'limit': 300}, '@user->id:int!': {}}, 'comment': {'*id:int': {}, 'content:str': {'limit': 300}, '@user->id:int!': {}, '@post->id:int!': {}}, 'like': {'*id:int': {}, '@user->id:int!': {}, 'money:str': {'limit': 500}, '#likeable': {}}}
	./data/input/arson.json
{'arson': {'*id:int': {}, '@portfolio->id:int': {}, 'text:str': {'limit': 100}, '@follower->id:int': {}}, 'shite': {'*id:int': {}, 'get:str': {'limit': 500}, 'why:str': {'limit': 100}}}
{'todo': {'*id:int': {}, 'name:str': {'limit': 50}, 'completed:bool': {}, '@arson->id:int': {}}, 'wtf': {'*ow:int': {}, 'my:int': {}, 'on:int': {}, 'why:str': {'limit': 100}}, 'portfolio': {'*id:int': {}, 'name:str': {'limit': 50}, 'prio:int': {}, 'completed:bool': {}, 'records:str': {'limit': 500}}, 'user': {'*id:int': {}, 'fname:str': {'regex': '', 'limit': 32}, 'lname:str': {'regex': '', 'limit': 32}, 'email:str!': {'regex': 'email', 'limit': 100}, 'gender:bool': {}, 'bio:str': {'limit': 300}}, 'follower': {'*id:int': {}, '@user->id=follower_id:int!': {}, '@user->id=followee_id:int!': {}}, 'post': {'*id:int': {}, 'content:str': {'limit': 300}, '@user->id:int!': {}}, 'comment': {'*id:int': {}, 'content:str': {'limit': 300}, '@user->id:int!': {}, '@post->id:int!': {}}, 'like': {'*id:int': {}, '@user->id:int!': {}, 'money:str': {'limit': 500}, '#likeable': {}}, 'arson': {'*id:int': {}, '@portfolio->id:int': {}, 'text:str': {'limit': 100}, '@follower->id:int': {}}, 'shite': {'*id:int': {}, 'get:str': {'limit': 500}, 'why:str': {'limit': 100}}}
Dependency Graph
	{'todo': 'arson', 'follower': 'user', 'post': 'user', 'comment': 'user', 'like': 'user', 'arson': 'portfolio'}
Sorted deps
	['user', 'portfolio', 'follower', 'post', 'comment', 'like', 'arson', 'todo']
Schema IR
	user
		*id:int          -- {}              
		fname:str        -- {'regex': '', 'limit': 32}
		lname:str        -- {'regex': '', 'limit': 32}
		email:str!       -- {'regex': 'email', 'limit': 100}
		gender:bool      -- {}              
		bio:str          -- {'limit': 300}  
	portfolio
		*id:int          -- {}              
		name:str         -- {'limit': 50}   
		prio:int         -- {}              
		completed:bool   -- {}              
		records:str      -- {'limit': 500}  
	follower
		*id:int          -- {}              
		@user->id=follower_id:int! -- {}              
		@user->id=followee_id:int! -- {}              
	post
		*id:int          -- {}              
		content:str      -- {'limit': 300}  
		@user->id:int!   -- {}              
	comment
		*id:int          -- {}              
		content:str      -- {'limit': 300}  
		@user->id:int!   -- {}              
		@post->id:int!   -- {}              
	like
		*id:int          -- {}              
		@user->id:int!   -- {}              
		money:str        -- {'limit': 500}  
		#likeable        -- {}              
	arson
		*id:int          -- {}              
		@portfolio->id:int -- {}              
		text:str         -- {'limit': 100}  
		@follower->id:int -- {}              
	todo
		*id:int          -- {}              
		name:str         -- {'limit': 50}   
		completed:bool   -- {}              
		@arson->id:int   -- {}              
	shite
		*id:int          -- {}              
		get:str          -- {'limit': 500}  
		why:str          -- {'limit': 100}  
	wtf
		*ow:int          -- {}              
		my:int           -- {}              
		on:int           -- {}              
		why:str          -- {'limit': 100}  
Path Index
	./data/input/something.json     : []              
	./data/input/todo.json          : ['todo']        
	./data/input/new_file.json      : ['wtf']         
	./data/input/portfolios.json    : ['portfolio']   
	./data/input/user.json          : ['user', 'follower', 'post', 'comment', 'like']
	./data/input/arson.json         : ['arson', 'shite']
Table attrs for table 'user'
	Raw Attr: *id:int
	Raw Attr: fname:str
	Raw Attr: lname:str
	Raw Attr: email:str!
	Raw Attr: gender:bool
	Raw Attr: bio:str
Table attrs for table 'portfolio'
	Raw Attr: *id:int
	Raw Attr: name:str
	Raw Attr: prio:int
	Raw Attr: completed:bool
	Raw Attr: records:str
Table attrs for table 'follower'
	Raw Attr: *id:int
	Raw Attr: @user->id=follower_id:int!
	Raw Attr: @user->id=followee_id:int!
Table attrs for table 'post'
	Raw Attr: *id:int
	Raw Attr: content:str
	Raw Attr: @user->id:int!
Table attrs for table 'comment'
	Raw Attr: *id:int
	Raw Attr: content:str
	Raw Attr: @user->id:int!
	Raw Attr: @post->id:int!
Table attrs for table 'like'
	Raw Attr: *id:int
	Raw Attr: @user->id:int!
	Raw Attr: money:str
	Raw Attr: #likeable
Table attrs for table 'arson'
	Raw Attr: *id:int
	Raw Attr: @portfolio->id:int
	Raw Attr: text:str
	Raw Attr: @follower->id:int
Table attrs for table 'todo'
	Raw Attr: *id:int
	Raw Attr: name:str
	Raw Attr: completed:bool
	Raw Attr: @arson->id:int
Table attrs for table 'shite'
	Raw Attr: *id:int
	Raw Attr: get:str
	Raw Attr: why:str
Table attrs for table 'wtf'
	Raw Attr: *ow:int
	Raw Attr: my:int
	Raw Attr: on:int
	Raw Attr: why:str
Schema Bytes
CREATE TABLE IF NOT EXISTS "user" (
	id SERIAL PRIMARY KEY,
	fname VARCHAR(32) NOT NULL,
	lname VARCHAR(32) NOT NULL,
	email VARCHAR(100) NOT NULL CHECK (email ~* '^[a-zA-Z0-9._%+-]+@[a-zA-Z0-9.-]+\.[a-zA-Z]{2,}$'),
	gender BOOLEAN NOT NULL,
	bio VARCHAR(300) NOT NULL
);
CREATE TABLE IF NOT EXISTS "portfolio" (
	id SERIAL PRIMARY KEY,
	name VARCHAR(50) NOT NULL,
	prio INTEGER NOT NULL,
	completed BOOLEAN NOT NULL,
	records VARCHAR(500) NOT NULL
);
CREATE TABLE IF NOT EXISTS "follower" (
	id SERIAL PRIMARY KEY,
	follower_id INTEGER NOT NULL,
	followee_id INTEGER NOT NULL,
	FOREIGN KEY (follower_id) REFERENCES "user"(id) ON DELETE CASCADE,
	FOREIGN KEY (followee_id) REFERENCES "user"(id) ON DELETE CASCADE
);
CREATE TABLE IF NOT EXISTS "post" (
	id SERIAL PRIMARY KEY,
	content VARCHAR(300) NOT NULL,
	user_id INTEGER NOT NULL,
	FOREIGN KEY (user_id) REFERENCES "user"(id) ON DELETE CASCADE
);
CREATE TABLE IF NOT EXISTS "comment" (
	id SERIAL PRIMARY KEY,
	content VARCHAR(300) NOT NULL,
	user_id INTEGER NOT NULL,
	post_id INTEGER NOT NULL,
	FOREIGN KEY (user_id) REFERENCES "user"(id) ON DELETE CASCADE,
	FOREIGN KEY (post_id) REFERENCES "post"(id) ON DELETE CASCADE
);
CREATE TABLE IF NOT EXISTS "like" (
	id SERIAL PRIMARY KEY,
	user_id INTEGER NOT NULL,
	money VARCHAR(500) NOT NULL,
	likeable_type VARCHAR(50) NOT NULL,
	likeable_id INTEGER NOT NULL,
	UNIQUE (likeable_id, likeable_type),
	FOREIGN KEY (user_id) REFERENCES "user"(id) ON DELETE CASCADE
);
CREATE TABLE IF NOT EXISTS "arson" (
	id SERIAL PRIMARY KEY,
	portfolio_id INTEGER NOT NULL,
	text VARCHAR(100) NOT NULL,
	follower_id INTEGER NOT NULL,
	FOREIGN KEY (portfolio_id) REFERENCES "portfolio"(id) ON DELETE CASCADE,
	FOREIGN KEY (follower_id) REFERENCES "follower"(id) ON DELETE CASCADE
);
CREATE TABLE IF NOT EXISTS "todo" (
	id SERIAL PRIMARY KEY,
	name VARCHAR(50) NOT NULL,
	completed BOOLEAN NOT NULL,
	arson_id INTEGER NOT NULL,
	FOREIGN KEY (arson_id) REFERENCES "arson"(id) ON DELETE CASCADE
);
CREATE TABLE IF NOT EXISTS "shite" (
	id SERIAL PRIMARY KEY,
	get VARCHAR(500) NOT NULL,
	why VARCHAR(100) NOT NULL
);
CREATE TABLE IF NOT EXISTS "wtf" (
	ow SERIAL PRIMARY KEY,
	my INTEGER NOT NULL,
	on INTEGER NOT NULL,
	why VARCHAR(100) NOT NULL
);

Schema being rewritten
Delta

old schema
CREATE TABLE IF NOT EXISTS "user" (
	id SERIAL PRIMARY KEY,
	fname VARCHAR(32) NOT NULL,
	lname VARCHAR(32) NOT NULL,
	email VARCHAR(100) NOT NULL CHECK (email ~* '^[a-zA-Z0-9._%+-]+@[a-zA-Z0-9.-]+\.[a-zA-Z]{2,}$'),
	gender BOOLEAN NOT NULL,
	bio VARCHAR(300) NOT NULL
);
CREATE TABLE IF NOT EXISTS "portfolio" (
	id SERIAL PRIMARY KEY,
	name VARCHAR(50) NOT NULL,
	prio INTEGER NOT NULL,
	completed BOOLEAN NOT NULL,
	records VARCHAR(500) NOT NULL
);
CREATE TABLE IF NOT EXISTS "follower" (
	id SERIAL PRIMARY KEY,
	follower_id INTEGER NOT NULL,
	followee_id INTEGER NOT NULL,
	FOREIGN KEY (follower_id) REFERENCES "user"(id) ON DELETE CASCADE,
	FOREIGN KEY (followee_id) REFERENCES "user"(id) ON DELETE CASCADE
);
CREATE TABLE IF NOT EXISTS "post" (
	id SERIAL PRIMARY KEY,
	content VARCHAR(300) NOT NULL,
	user_id INTEGER NOT NULL,
	FOREIGN KEY (user_id) REFERENCES "user"(id) ON DELETE CASCADE
);
CREATE TABLE IF NOT EXISTS "comment" (
	id SERIAL PRIMARY KEY,
	content VARCHAR(300) NOT NULL,
	user_id INTEGER NOT NULL,
	post_id INTEGER NOT NULL,
	FOREIGN KEY (user_id) REFERENCES "user"(id) ON DELETE CASCADE,
	FOREIGN KEY (post_id) REFERENCES "post"(id) ON DELETE CASCADE
);
CREATE TABLE IF NOT EXISTS "like" (
	id SERIAL PRIMARY KEY,
	user_id INTEGER NOT NULL,
	money VARCHAR(500) NOT NULL,
	likeable_type VARCHAR(50) NOT NULL,
	likeable_id INTEGER NOT NULL,
	UNIQUE (likeable_id, likeable_type),
	FOREIGN KEY (user_id) REFERENCES "user"(id) ON DELETE CASCADE
);
CREATE TABLE IF NOT EXISTS "arson" (
	id SERIAL PRIMARY KEY,
	portfolio_id INTEGER NOT NULL,
	text VARCHAR(100) NOT NULL,
	follower_id INTEGER NOT NULL,
	FOREIGN KEY (portfolio_id) REFERENCES "portfolio"(id) ON DELETE CASCADE,
	FOREIGN KEY (follower_id) REFERENCES "follower"(id) ON DELETE CASCADE
);
CREATE TABLE IF NOT EXISTS "todo" (
	id SERIAL PRIMARY KEY,
	name VARCHAR(50) NOT NULL,
	completed BOOLEAN NOT NULL,
	arson_id INTEGER NOT NULL,
	FOREIGN KEY (arson_id) REFERENCES "arson"(id) ON DELETE CASCADE
);
CREATE TABLE IF NOT EXISTS "shite" (
	id SERIAL PRIMARY KEY,
	get VARCHAR(500) NOT NULL,
	why VARCHAR(100) NOT NULL
);
CREATE TABLE IF NOT EXISTS "wtf" (
	ow SERIAL PRIMARY KEY,
	my INTEGER NOT NULL,
	on INTEGER NOT NULL,
	why VARCHAR(100) NOT NULL
);

<celerity.transpiler.meta_schema.MetaSchema object at 0x1025f25a0>
<bound method MetaSchema.metadata of <celerity.transpiler.meta_schema.MetaSchema object at 0x1025f25a0>>
{'id': '1728500806129.021', 'path_index': {'/Users/josephbender/Desktop/programming/python/pycelerity/data/input/something.json': [], '/Users/josephbender/Desktop/programming/python/pycelerity/data/input/todo.json': ['todo'], '/Users/josephbender/Desktop/programming/python/pycelerity/data/input/new_file.json': ['wtf'], '/Users/josephbender/Desktop/programming/python/pycelerity/data/input/portfolios.json': ['portfolio'], '/Users/josephbender/Desktop/programming/python/pycelerity/data/input/user.json': ['user', 'follower', 'post', 'comment', 'like'], '/Users/josephbender/Desktop/programming/python/pycelerity/data/input/arson.json': ['arson', 'shite']}, 'checksums': {'/Users/josephbender/Desktop/programming/python/pycelerity/data/input/something.json': '44136fa355b3678a1146ad16f7e8649e94fb4fc21fe77e8310c060f61caaff8a', '/Users/josephbender/Desktop/programming/python/pycelerity/data/input/todo.json': 'b47c33fd4cd751172b562aa7636b8dbea3cde8d7af991e2a51dc71e4fd26b60a', '/Users/josephbender/Desktop/programming/python/pycelerity/data/input/new_file.json': '24032b5a896ac11ead94ccd8e0b7f9217d459547119b66a2567f35b0fb20aa35', '/Users/josephbender/Desktop/programming/python/pycelerity/data/input/portfolios.json': '95edafe6b51707693630d2c99a46403e6009f7418accf904c5c50c3e1af721ec', '/Users/josephbender/Desktop/programming/python/pycelerity/data/input/user.json': 'ea838ae9675307250fa22f717690a0b77f0c70fdb968dec37943124902a8a1d0', '/Users/josephbender/Desktop/programming/python/pycelerity/data/input/arson.json': '7455a8e7590f4ff6770a4d3766b8e93dd461e6a76aa0633c2b85bc554bda1ec3'}, 'schools': ['user', 'portfolio', 'follower', 'post', 'comment', 'like', 'arson', 'todo', 'shite', 'wtf'], 'history': ['./data/rollback/1728500799093.5217', './data/rollback/1728500806129.021'], 'school_index': {'todo': ['/Users/josephbender/Desktop/programming/python/pycelerity/data/input/todo.json'], 'wtf': ['/Users/josephbender/Desktop/programming/python/pycelerity/data/input/new_file.json'], 'portfolio': ['/Users/josephbender/Desktop/programming/python/pycelerity/data/input/portfolios.json'], 'user': ['/Users/josephbender/Desktop/programming/python/pycelerity/data/input/user.json'], 'follower': ['/Users/josephbender/Desktop/programming/python/pycelerity/data/input/user.json'], 'post': ['/Users/josephbender/Desktop/programming/python/pycelerity/data/input/user.json'], 'comment': ['/Users/josephbender/Desktop/programming/python/pycelerity/data/input/user.json'], 'like': ['/Users/josephbender/Desktop/programming/python/pycelerity/data/input/user.json'], 'arson': ['/Users/josephbender/Desktop/programming/python/pycelerity/data/input/arson.json'], 'shite': ['/Users/josephbender/Desktop/programming/python/pycelerity/data/input/arson.json']}}
