Files to be considered for IR
	./test/data/creation/case1/a/input/table.json
{'table': {'!id:int': {}, 'comment:str': {'limit': 100}, 'priority:int': {}}}
{'table': {'!id:int': {}, 'comment:str': {'limit': 100}, 'priority:int': {}}}
Dependency Graph
	{}
Sorted deps
	[]
	Raw Fish: !id:int
	Raw Fish: comment:str
	Raw Fish: priority:int
Schema IR
	table
		!id:int          -- {}              
		comment:str      -- {'limit': 100}  
		priority:int     -- {}              
Path Index
	./test/data/creation/case1/a/input/table.json: ['table']       
School fishs for school 'table'
ATTR SPECIAL

ATTR SPECIAL

{'pk': <celerity.transpiler.school_constraint.SchoolConstraint object at 0x10218a360>}
Files to be considered for IR
	./test/data/creation/case2/a/input/multiple.json
{'table1': {'!id:int': {}, 'gate:bool': {}, 'effective:int': {}}, 'table2': {'!id:int': {}, 'gate:bool': {}, 'prio:int': {}}}
{'table1': {'!id:int': {}, 'gate:bool': {}, 'effective:int': {}}, 'table2': {'!id:int': {}, 'gate:bool': {}, 'prio:int': {}}}
Dependency Graph
	{}
Sorted deps
	[]
	Raw Fish: !id:int
	Raw Fish: gate:bool
	Raw Fish: effective:int
	Raw Fish: !id:int
	Raw Fish: gate:bool
	Raw Fish: prio:int
Schema IR
	table1
		!id:int          -- {}              
		gate:bool        -- {}              
		effective:int    -- {}              
	table2
		!id:int          -- {}              
		gate:bool        -- {}              
		prio:int         -- {}              
Path Index
	./test/data/creation/case2/a/input/multiple.json: ['table1', 'table2']
School fishs for school 'table1'
ATTR SPECIAL

ATTR SPECIAL

{'pk': <celerity.transpiler.school_constraint.SchoolConstraint object at 0x1023124e0>}
Files to be considered for IR
	./test/data/creation/case3/a/input/optional.json
{'table1': {'!id:int': {}, 'opt:int?': {}, 'string:str': {'limit': 100}}}
{'table1': {'!id:int': {}, 'opt:int?': {}, 'string:str': {'limit': 100}}}
Dependency Graph
	{}
Sorted deps
	[]
	Raw Fish: !id:int
	Raw Fish: opt:int?
	Raw Fish: string:str
Schema IR
	table1
		!id:int          -- {}              
		opt:int?         -- {}              
		string:str       -- {'limit': 100}  
Path Index
	./test/data/creation/case3/a/input/optional.json: ['table1']      
School fishs for school 'table1'
ATTR SPECIAL
optional
ATTR SPECIAL

{'pk': <celerity.transpiler.school_constraint.SchoolConstraint object at 0x1021cf1d0>}
Files to be considered for IR
	./test/data/creation/case4/a/input/something.json
{'table1': {'!id:int': {}, 'opt:int*': {}, 'string:str': {'limit': 100}}}
{'table1': {'!id:int': {}, 'opt:int*': {}, 'string:str': {'limit': 100}}}
Dependency Graph
	{}
Sorted deps
	[]
	Raw Fish: !id:int
	Raw Fish: opt:int*
	Raw Fish: string:str
Schema IR
	table1
		!id:int          -- {}              
		opt:int*         -- {}              
		string:str       -- {'limit': 100}  
Path Index
	./test/data/creation/case4/a/input/something.json: ['table1']      
School fishs for school 'table1'
ATTR SPECIAL
unique
ATTR SPECIAL

{'pk': <celerity.transpiler.school_constraint.SchoolConstraint object at 0x102189460>}
Files to be considered for IR
	./test/data/creation/case5/a/input/something.json
{'table1': {'!id:int': {}, 'opt:int+': {}, 'string:str': {'limit': 100}}}
{'table1': {'!id:int': {}, 'opt:int+': {}, 'string:str': {'limit': 100}}}
Dependency Graph
	{}
Sorted deps
	[]
	Raw Fish: !id:int
	Raw Fish: opt:int+
	Raw Fish: string:str
Schema IR
	table1
		!id:int          -- {}              
		opt:int+         -- {}              
		string:str       -- {'limit': 100}  
Path Index
	./test/data/creation/case5/a/input/something.json: ['table1']      
School fishs for school 'table1'
ATTR SPECIAL
reqopt
ATTR SPECIAL

{'pk': <celerity.transpiler.school_constraint.SchoolConstraint object at 0x10218abd0>}
Files to be considered for IR
	./test/data/creation/case6/a/input/input.json
{'table1': {'!id:int=alias1': {}, 'name:str=alias2': {'limit': 100}, 'something:int=alias3': {}}}
{'table1': {'!id:int=alias1': {}, 'name:str=alias2': {'limit': 100}, 'something:int=alias3': {}}}
Dependency Graph
	{}
Sorted deps
	[]
	Raw Fish: !id:int=alias1
	Raw Fish: name:str=alias2
	Raw Fish: something:int=alias3
Schema IR
	table1
		!id:int=alias1   -- {}              
		name:str=alias2  -- {'limit': 100}  
		something:int=alias3 -- {}              
Path Index
	./test/data/creation/case6/a/input/input.json: ['table1']      
School fishs for school 'table1'
ATTR SPECIAL
alias
ATTR SPECIAL
alias
{'pk': <celerity.transpiler.school_constraint.SchoolConstraint object at 0x1021cc650>}
Files to be considered for IR
	./test/data/creation/case7/a/input/user.json
{'user': {'!id:int': {}, 'fname:str': {'limit': 50}, 'lname:str': {'limit': 50}, 'email:str': {'limit': 100}, 'gender:bool': {}, 'bio:str': {'limit': 500}}, 'post': {'!id:int': {}, 'content:str': {'limit': 300}, '@user->id:int=user_id': {}}}
{'user': {'!id:int': {}, 'fname:str': {'limit': 50}, 'lname:str': {'limit': 50}, 'email:str': {'limit': 100}, 'gender:bool': {}, 'bio:str': {'limit': 500}}, 'post': {'!id:int': {}, 'content:str': {'limit': 300}, '@user->id:int=user_id': {}}}
Dependency Graph
	{'post': 'user'}
Sorted deps
	['user', 'post']
	Raw Fish: !id:int
	Raw Fish: fname:str
	Raw Fish: lname:str
	Raw Fish: email:str
	Raw Fish: gender:bool
	Raw Fish: bio:str
	Raw Fish: !id:int
	Raw Fish: content:str
	Raw Fish: @user->id:int=user_id
Schema IR
	user
		!id:int          -- {}              
		fname:str        -- {'limit': 50}   
		lname:str        -- {'limit': 50}   
		email:str        -- {'limit': 100}  
		gender:bool      -- {}              
		bio:str          -- {'limit': 500}  
	post
		!id:int          -- {}              
		content:str      -- {'limit': 300}  
		@user->id:int=user_id -- {}              
Path Index
	./test/data/creation/case7/a/input/user.json: ['user', 'post']
School fishs for school 'user'
ATTR SPECIAL

ATTR SPECIAL

ATTR SPECIAL

ATTR SPECIAL

ATTR SPECIAL

{'pk': <celerity.transpiler.school_constraint.SchoolConstraint object at 0x1021620f0>}
Files to be considered for IR
	./test/data/creation/case8/a/input/polymorphic.json
{'user': {'!id:int': {}, 'gender:bool': {}}, 'employee': {'!id:int': {}, '#employable': {}}}
{'user': {'!id:int': {}, 'gender:bool': {}}, 'employee': {'!id:int': {}, '#employable': {}}}
Dependency Graph
	{}
Sorted deps
	[]
	Raw Fish: !id:int
	Raw Fish: #employable
	Raw Fish: !id:int
	Raw Fish: gender:bool
Schema IR
	employee
		!id:int          -- {}              
		#employable      -- {}              
	user
		!id:int          -- {}              
		gender:bool      -- {}              
Path Index
	./test/data/creation/case8/a/input/polymorphic.json: ['user', 'employee']
School fishs for school 'employee'
Files to be considered for IR
	./test/data/creation/case9/a/input/file2.json
{'table2': {'!id:int': {}, 'eureka:int': {}}}
	./test/data/creation/case9/a/input/file1.json
{'table1': {'!id:int': {}, 'name:str': {'limit': 100}, 'cool:bool': {}}}
{'table2': {'!id:int': {}, 'eureka:int': {}}, 'table1': {'!id:int': {}, 'name:str': {'limit': 100}, 'cool:bool': {}}}
Dependency Graph
	{}
Sorted deps
	[]
	Raw Fish: !id:int
	Raw Fish: name:str
	Raw Fish: cool:bool
	Raw Fish: !id:int
	Raw Fish: eureka:int
Schema IR
	table1
		!id:int          -- {}              
		name:str         -- {'limit': 100}  
		cool:bool        -- {}              
	table2
		!id:int          -- {}              
		eureka:int       -- {}              
Path Index
	./test/data/creation/case9/a/input/file2.json: ['table2']      
	./test/data/creation/case9/a/input/file1.json: ['table1']      
School fishs for school 'table1'
ATTR SPECIAL

ATTR SPECIAL

{'pk': <celerity.transpiler.school_constraint.SchoolConstraint object at 0x10218bbc0>}
