[]
Mock Timestamp
1002.0
CREATING CONGREGATION WITH:
{}
[]
Mock Timestamp
1003.0
CREATING CONGREGATION WITH:
{}
[]
Mock Timestamp
1004.0
CREATING CONGREGATION WITH:
{}
[]
Mock Timestamp
1005.0
CREATING CONGREGATION WITH:
{}
[]
Mock Timestamp
1006.0
CREATING CONGREGATION WITH:
{}
[]
Mock Timestamp
1007.0
CREATING CONGREGATION WITH:
{}
[]
Mock Timestamp
1008.0
CREATING CONGREGATION WITH:
{}
[]
Mock Timestamp
1009.0
CREATING CONGREGATION WITH:
{}
[]
Mock Timestamp
1010.0
CREATING CONGREGATION WITH:
{}
[]
Mock Timestamp
1011.0
CREATING CONGREGATION WITH:
{}
[]
Mock Timestamp
1000.0
CREATING CONGREGATION WITH:
{}
[]
Mock Timestamp
1000.0
CREATING CONGREGATION WITH:
{}
[]
Mock Timestamp
1000.0
CREATING CONGREGATION WITH:
{}
