Files to be considered for IR
	./test/data/case1/a/input/table.json
{'table': {'!id:int': {}, 'comment:str': {'limit': 100}, 'priority:int': {}}}
{'table': {'!id:int': {}, 'comment:str': {'limit': 100}, 'priority:int': {}}}
Dependency Graph
	{}
Sorted deps
	[]
Schema IR
	table
		!id:int          -- {}              
		comment:str      -- {'limit': 100}  
		priority:int     -- {}              
Path Index
	./test/data/case1/a/input/table.json: ['table']       
Table attrs for table 'table'
	Raw Attr: !id:int
	Raw Attr: comment:str
	Raw Attr: priority:int
Schema Bytes
CREATE TABLE IF NOT EXISTS "table" (
	id SERIAL PRIMARY KEY,
	comment VARCHAR(100) NOT NULL,
	priority INTEGER NOT NULL
);

Schema being rewritten
Delta

old schema
CREATE TABLE IF NOT EXISTS "table" (
	id SERIAL PRIMARY KEY,
	comment VARCHAR(100) NOT NULL,
	priority INTEGER NOT NULL
);

<celerity.transpiler.data_manager.DataManager object at 0x10442d130>
<bound method DataManager.metadata of <celerity.transpiler.data_manager.DataManager object at 0x10442d130>>
{'id': '1728568236058.002', 'path_index': {'/Users/josephbender/Desktop/programming/python/pycelerity/test/data/case1/a/input/table.json': ['table']}, 'checksums': {'/Users/josephbender/Desktop/programming/python/pycelerity/test/data/case1/a/input/table.json': 'aacbba7f6659fc3ea4379903ff1e449ce13c25e64dad8e9bc613aa41c75a5edd'}, 'schools': ['table'], 'history': ['./test/data/case1/a/rollback/1728568236058.002'], 'school_index': {'table': ['/Users/josephbender/Desktop/programming/python/pycelerity/test/data/case1/a/input/table.json']}}
Files to be considered for IR
	./test/data/case2/a/input/multiple.json
{'table1': {'!id:int': {}, 'gate:bool': {}, 'effective:int': {}}, 'table2': {'!id:int': {}, 'gate:bool': {}, 'prio:int': {}}}
{'table1': {'!id:int': {}, 'gate:bool': {}, 'effective:int': {}}, 'table2': {'!id:int': {}, 'gate:bool': {}, 'prio:int': {}}}
Dependency Graph
	{}
Sorted deps
	[]
Schema IR
	table1
		!id:int          -- {}              
		gate:bool        -- {}              
		effective:int    -- {}              
	table2
		!id:int          -- {}              
		gate:bool        -- {}              
		prio:int         -- {}              
Path Index
	./test/data/case2/a/input/multiple.json: ['table1', 'table2']
Table attrs for table 'table1'
	Raw Attr: !id:int
	Raw Attr: gate:bool
	Raw Attr: effective:int
Table attrs for table 'table2'
	Raw Attr: !id:int
	Raw Attr: gate:bool
	Raw Attr: prio:int
Schema Bytes
CREATE TABLE IF NOT EXISTS "table1" (
	id SERIAL PRIMARY KEY,
	gate BOOLEAN NOT NULL,
	effective INTEGER NOT NULL
);
CREATE TABLE IF NOT EXISTS "table2" (
	id SERIAL PRIMARY KEY,
	gate BOOLEAN NOT NULL,
	prio INTEGER NOT NULL
);

Schema being rewritten
Delta

old schema
CREATE TABLE IF NOT EXISTS "table1" (
	id SERIAL PRIMARY KEY,
	gate BOOLEAN NOT NULL,
	effective INTEGER NOT NULL
);
CREATE TABLE IF NOT EXISTS "table2" (
	id SERIAL PRIMARY KEY,
	gate BOOLEAN NOT NULL,
	prio INTEGER NOT NULL
);

<celerity.transpiler.data_manager.DataManager object at 0x1043ce240>
<bound method DataManager.metadata of <celerity.transpiler.data_manager.DataManager object at 0x1043ce240>>
{'id': '1728568236062.076', 'path_index': {'/Users/josephbender/Desktop/programming/python/pycelerity/test/data/case2/a/input/multiple.json': ['table1', 'table2']}, 'checksums': {'/Users/josephbender/Desktop/programming/python/pycelerity/test/data/case2/a/input/multiple.json': 'ff543c904e2ad60c907b7b9c1bc42a921be0593f54048842a15feb9d8a935d65'}, 'schools': ['table1', 'table2'], 'history': ['./test/data/case2/a/rollback/1728568236062.076'], 'school_index': {'table1': ['/Users/josephbender/Desktop/programming/python/pycelerity/test/data/case2/a/input/multiple.json'], 'table2': ['/Users/josephbender/Desktop/programming/python/pycelerity/test/data/case2/a/input/multiple.json']}}
Files to be considered for IR
{}
Dependency Graph
	{}
Sorted deps
	[]
Schema IR
Path Index
Schema Bytes

Schema being rewritten
Delta

old schema

<celerity.transpiler.data_manager.DataManager object at 0x1043ccb30>
<bound method DataManager.metadata of <celerity.transpiler.data_manager.DataManager object at 0x1043ccb30>>
{'id': '1728568236067.559', 'path_index': {}, 'checksums': {}, 'schools': [], 'history': ['./test/data/case3/a/rollback/1728568236067.559'], 'school_index': {}}
Files to be considered for IR
{}
Dependency Graph
	{}
Sorted deps
	[]
Schema IR
Path Index
Schema Bytes

Schema being rewritten
Delta

old schema

<celerity.transpiler.data_manager.DataManager object at 0x1044a2c00>
<bound method DataManager.metadata of <celerity.transpiler.data_manager.DataManager object at 0x1044a2c00>>
{'id': '1728568236082.987', 'path_index': {}, 'checksums': {}, 'schools': [], 'history': ['./test/data/case4/a/rollback/1728568236082.987'], 'school_index': {}}
Files to be considered for IR
{}
Dependency Graph
	{}
Sorted deps
	[]
Schema IR
Path Index
Schema Bytes

Schema being rewritten
Delta

old schema

<celerity.transpiler.data_manager.DataManager object at 0x1044a0710>
<bound method DataManager.metadata of <celerity.transpiler.data_manager.DataManager object at 0x1044a0710>>
{'id': '1728568236088.401', 'path_index': {}, 'checksums': {}, 'schools': [], 'history': ['./test/data/case5/a/rollback/1728568236088.401'], 'school_index': {}}
Files to be considered for IR
{}
Dependency Graph
	{}
Sorted deps
	[]
Schema IR
Path Index
Schema Bytes

Schema being rewritten
Delta

old schema

<celerity.transpiler.data_manager.DataManager object at 0x1043ed850>
<bound method DataManager.metadata of <celerity.transpiler.data_manager.DataManager object at 0x1043ed850>>
{'id': '1728568236095.3213', 'path_index': {}, 'checksums': {}, 'schools': [], 'history': ['./test/data/case6/a/rollback/1728568236095.3213'], 'school_index': {}}
Files to be considered for IR
{}
Dependency Graph
	{}
Sorted deps
	[]
Schema IR
Path Index
Schema Bytes

Schema being rewritten
Delta

old schema

<celerity.transpiler.data_manager.DataManager object at 0x1043ecc80>
<bound method DataManager.metadata of <celerity.transpiler.data_manager.DataManager object at 0x1043ecc80>>
{'id': '1728568236101.8582', 'path_index': {}, 'checksums': {}, 'schools': [], 'history': ['./test/data/case6/a/rollback/1728568236101.8582'], 'school_index': {}}
