Files to be considered for IR
	./data/input/something.json
{}
	./data/input/todo.json
{'todo': {'*id:int': {}, 'name:str': {'limit': 100}, 'completed:bool': {}, '@arson->id:int': {}}}
	./data/input/new_file.json
{'wtf': {'*ow:int': {}, 'my:int': {}, 'on:int': {}, 'why:str': {'limit': 100}, 'again:str': {}}}
	./data/input/portfolios.json
{'portfolio': {'*id:int': {}, 'name:str': {'limit': 50}, 'prio:int': {}, 'completed:bool': {}, 'records:str': {'limit': 500}, 'great:int': {}}}
	./data/input/user.json
{'user': {'*id:int': {}, 'fname:str': {'regex': '', 'limit': 32}, 'lname:str': {'regex': '', 'limit': 32}, 'email:str!': {'regex': 'email', 'limit': 100}, 'gender:bool': {}, 'bio:str': {'limit': 300}}, 'follower': {'*id:int': {}, '@user->id=follower_id:int!': {}, '@user->id=followee_id:int!': {}}, 'post': {'*id:int': {}, 'content:str': {'limit': 300}, '@user->id:int!': {}}, 'comment': {'*id:int': {}, 'content:str': {'limit': 300}, '@user->id:int!': {}, '@post->id:int!': {}}, 'like': {'*id:int': {}, '@user->id:int!': {}, 'money:str': {'limit': 500}, '#likeable': {}}}
	./data/input/arson.json
{'arson': {'*id:int': {}, '@portfolio->id:int': {}, 'text:str': {'limit': 100}, '@follower->id:int': {}}, 'shite': {'*id:int': {}, 'get:str': {'limit': 500}, 'why:str': {'limit': 100}}}
{'todo': {'*id:int': {}, 'name:str': {'limit': 100}, 'completed:bool': {}, '@arson->id:int': {}}, 'wtf': {'*ow:int': {}, 'my:int': {}, 'on:int': {}, 'why:str': {'limit': 100}, 'again:str': {}}, 'portfolio': {'*id:int': {}, 'name:str': {'limit': 50}, 'prio:int': {}, 'completed:bool': {}, 'records:str': {'limit': 500}, 'great:int': {}}, 'user': {'*id:int': {}, 'fname:str': {'regex': '', 'limit': 32}, 'lname:str': {'regex': '', 'limit': 32}, 'email:str!': {'regex': 'email', 'limit': 100}, 'gender:bool': {}, 'bio:str': {'limit': 300}}, 'follower': {'*id:int': {}, '@user->id=follower_id:int!': {}, '@user->id=followee_id:int!': {}}, 'post': {'*id:int': {}, 'content:str': {'limit': 300}, '@user->id:int!': {}}, 'comment': {'*id:int': {}, 'content:str': {'limit': 300}, '@user->id:int!': {}, '@post->id:int!': {}}, 'like': {'*id:int': {}, '@user->id:int!': {}, 'money:str': {'limit': 500}, '#likeable': {}}, 'arson': {'*id:int': {}, '@portfolio->id:int': {}, 'text:str': {'limit': 100}, '@follower->id:int': {}}, 'shite': {'*id:int': {}, 'get:str': {'limit': 500}, 'why:str': {'limit': 100}}}
Dependency Graph
	{'todo': 'arson', 'follower': 'user', 'post': 'user', 'comment': 'user', 'like': 'user', 'arson': 'portfolio'}
Sorted deps
	['user', 'portfolio', 'follower', 'post', 'comment', 'like', 'arson', 'todo']
Schema IR
	user
		*id:int          -- {}              
		fname:str        -- {'regex': '', 'limit': 32}
		lname:str        -- {'regex': '', 'limit': 32}
		email:str!       -- {'regex': 'email', 'limit': 100}
		gender:bool      -- {}              
		bio:str          -- {'limit': 300}  
	portfolio
		*id:int          -- {}              
		name:str         -- {'limit': 50}   
		prio:int         -- {}              
		completed:bool   -- {}              
		records:str      -- {'limit': 500}  
		great:int        -- {}              
	follower
		*id:int          -- {}              
		@user->id=follower_id:int! -- {}              
		@user->id=followee_id:int! -- {}              
	post
		*id:int          -- {}              
		content:str      -- {'limit': 300}  
		@user->id:int!   -- {}              
	comment
		*id:int          -- {}              
		content:str      -- {'limit': 300}  
		@user->id:int!   -- {}              
		@post->id:int!   -- {}              
	like
		*id:int          -- {}              
		@user->id:int!   -- {}              
		money:str        -- {'limit': 500}  
		#likeable        -- {}              
	arson
		*id:int          -- {}              
		@portfolio->id:int -- {}              
		text:str         -- {'limit': 100}  
		@follower->id:int -- {}              
	todo
		*id:int          -- {}              
		name:str         -- {'limit': 100}  
		completed:bool   -- {}              
		@arson->id:int   -- {}              
	shite
		*id:int          -- {}              
		get:str          -- {'limit': 500}  
		why:str          -- {'limit': 100}  
	wtf
		*ow:int          -- {}              
		my:int           -- {}              
		on:int           -- {}              
		why:str          -- {'limit': 100}  
		again:str        -- {}              
Path Index
	./data/input/something.json     : []              
	./data/input/todo.json          : ['todo']        
	./data/input/new_file.json      : ['wtf']         
	./data/input/portfolios.json    : ['portfolio']   
	./data/input/user.json          : ['user', 'follower', 'post', 'comment', 'like']
	./data/input/arson.json         : ['arson', 'shite']
Table attrs for table 'user'
	Raw Attr: *id:int
	Raw Attr: fname:str
	Raw Attr: lname:str
	Raw Attr: email:str!
	Raw Attr: gender:bool
	Raw Attr: bio:str
Table attrs for table 'portfolio'
	Raw Attr: *id:int
	Raw Attr: name:str
	Raw Attr: prio:int
	Raw Attr: completed:bool
	Raw Attr: records:str
	Raw Attr: great:int
Table attrs for table 'follower'
	Raw Attr: *id:int
	Raw Attr: @user->id=follower_id:int!
	Raw Attr: @user->id=followee_id:int!
Table attrs for table 'post'
	Raw Attr: *id:int
	Raw Attr: content:str
	Raw Attr: @user->id:int!
Table attrs for table 'comment'
	Raw Attr: *id:int
	Raw Attr: content:str
	Raw Attr: @user->id:int!
	Raw Attr: @post->id:int!
Table attrs for table 'like'
	Raw Attr: *id:int
	Raw Attr: @user->id:int!
	Raw Attr: money:str
	Raw Attr: #likeable
Table attrs for table 'arson'
	Raw Attr: *id:int
	Raw Attr: @portfolio->id:int
	Raw Attr: text:str
	Raw Attr: @follower->id:int
Table attrs for table 'todo'
	Raw Attr: *id:int
	Raw Attr: name:str
	Raw Attr: completed:bool
	Raw Attr: @arson->id:int
Table attrs for table 'shite'
	Raw Attr: *id:int
	Raw Attr: get:str
	Raw Attr: why:str
Table attrs for table 'wtf'
	Raw Attr: *ow:int
	Raw Attr: my:int
	Raw Attr: on:int
	Raw Attr: why:str
	Raw Attr: again:str
