Files to be considered for IR
	./test/data/case1/a/input/table.json
{'table': {'!id:int': {}, 'comment:str': {'limit': 100}, 'priority:int': {}}}
{'table': {'!id:int': {}, 'comment:str': {'limit': 100}, 'priority:int': {}}}
Dependency Graph
	{}
Sorted deps
	[]
Schema IR
	table
		!id:int          -- {}              
		comment:str      -- {'limit': 100}  
		priority:int     -- {}              
Path Index
	./test/data/case1/a/input/table.json: ['table']       
Table attrs for table 'table'
	Raw Attr: !id:int
	Raw Attr: comment:str
	Raw Attr: priority:int
Schema Bytes
CREATE TABLE IF NOT EXISTS "table" (
	id SERIAL PRIMARY KEY,
	comment VARCHAR(100) NOT NULL,
	priority INTEGER NOT NULL
);

Schema being rewritten
Delta

old schema
CREATE TABLE IF NOT EXISTS "table" (
	id SERIAL PRIMARY KEY,
	comment VARCHAR(100) NOT NULL,
	priority INTEGER NOT NULL
);

<celerity.transpiler.data_manager.DataManager object at 0x105559010>
<bound method DataManager.metadata of <celerity.transpiler.data_manager.DataManager object at 0x105559010>>
