Files to be considered for IR
	./data/input/something.json
{}
	./data/input/todo.json
{'todo': {'*id:int': {}, 'name:str': {'limit': 50}, 'completed:bool': {}, '@arson->id:int': {}}}
	./data/input/new_file.json
{'wtf': {'*ow:int': {}, 'my:int': {}}}
	./data/input/portfolios.json
{'portfolio': {'*id:int': {}, 'name:str': {'limit': 50}, 'prio:int': {}, 'completed:bool': {}, 'records:str': {'limit': 500}}}
	./data/input/user.json
{'user': {'*id:int': {}, 'fname:str': {'regex': '', 'limit': 32}, 'lname:str': {'regex': '', 'limit': 32}, 'email:str!': {'regex': 'email', 'limit': 100}, 'gender:bool': {}, 'bio:str': {'limit': 300}}, 'follower': {'*id:int': {}, '@user->id=follower_id:int!': {}, '@user->id=followee_id:int!': {}}, 'post': {'*id:int': {}, 'content:str': {'limit': 300}, '@user->id:int!': {}}, 'comment': {'*id:int': {}, 'content:str': {'limit': 300}, '@user->id:int!': {}, '@post->id:int!': {}}, 'like': {'*id:int': {}, '@user->id:int!': {}, 'money:str': {'limit': 500}, '#likeable': {}}}
	./data/input/arson.json
{'arson': {'*id:int': {}, '@portfolio->id:int': {}, 'text:str': {'limit': 50}, '@follower->id:int': {}}, 'shite': {'*id:int': {}, 'why:str': {'limit': 100}}}
{'todo': {'*id:int': {}, 'name:str': {'limit': 50}, 'completed:bool': {}, '@arson->id:int': {}}, 'wtf': {'*ow:int': {}, 'my:int': {}}, 'portfolio': {'*id:int': {}, 'name:str': {'limit': 50}, 'prio:int': {}, 'completed:bool': {}, 'records:str': {'limit': 500}}, 'user': {'*id:int': {}, 'fname:str': {'regex': '', 'limit': 32}, 'lname:str': {'regex': '', 'limit': 32}, 'email:str!': {'regex': 'email', 'limit': 100}, 'gender:bool': {}, 'bio:str': {'limit': 300}}, 'follower': {'*id:int': {}, '@user->id=follower_id:int!': {}, '@user->id=followee_id:int!': {}}, 'post': {'*id:int': {}, 'content:str': {'limit': 300}, '@user->id:int!': {}}, 'comment': {'*id:int': {}, 'content:str': {'limit': 300}, '@user->id:int!': {}, '@post->id:int!': {}}, 'like': {'*id:int': {}, '@user->id:int!': {}, 'money:str': {'limit': 500}, '#likeable': {}}, 'arson': {'*id:int': {}, '@portfolio->id:int': {}, 'text:str': {'limit': 50}, '@follower->id:int': {}}, 'shite': {'*id:int': {}, 'why:str': {'limit': 100}}}
Dependency Graph
	{'todo': 'arson', 'follower': 'user', 'post': 'user', 'comment': 'user', 'like': 'user', 'arson': 'portfolio'}
Sorted deps
	['user', 'portfolio', 'follower', 'post', 'comment', 'like', 'arson', 'todo']
Schema IR
	user
		*id:int          -- {}              
		fname:str        -- {'regex': '', 'limit': 32}
		lname:str        -- {'regex': '', 'limit': 32}
		email:str!       -- {'regex': 'email', 'limit': 100}
		gender:bool      -- {}              
		bio:str          -- {'limit': 300}  
	portfolio
		*id:int          -- {}              
		name:str         -- {'limit': 50}   
		prio:int         -- {}              
		completed:bool   -- {}              
		records:str      -- {'limit': 500}  
	follower
		*id:int          -- {}              
		@user->id=follower_id:int! -- {}              
		@user->id=followee_id:int! -- {}              
	post
		*id:int          -- {}              
		content:str      -- {'limit': 300}  
		@user->id:int!   -- {}              
	comment
		*id:int          -- {}              
		content:str      -- {'limit': 300}  
		@user->id:int!   -- {}              
		@post->id:int!   -- {}              
	like
		*id:int          -- {}              
		@user->id:int!   -- {}              
		money:str        -- {'limit': 500}  
		#likeable        -- {}              
	arson
		*id:int          -- {}              
		@portfolio->id:int -- {}              
		text:str         -- {'limit': 50}   
		@follower->id:int -- {}              
	todo
		*id:int          -- {}              
		name:str         -- {'limit': 50}   
		completed:bool   -- {}              
		@arson->id:int   -- {}              
	shite
		*id:int          -- {}              
		why:str          -- {'limit': 100}  
	wtf
		*ow:int          -- {}              
		my:int           -- {}              
Path Index
	./data/input/something.json     : []              
	./data/input/todo.json          : ['todo']        
	./data/input/new_file.json      : ['wtf']         
	./data/input/portfolios.json    : ['portfolio']   
	./data/input/user.json          : ['user', 'follower', 'post', 'comment', 'like']
	./data/input/arson.json         : ['arson', 'shite']
Table attrs for table 'user'
	*id:int
TABLE ID SET
id
	fname:str
id
	lname:str
id
	email:str!
id
	gender:bool
id
	bio:str
id
Table attrs for table 'portfolio'
	*id:int
TABLE ID SET
id
	name:str
id
	prio:int
id
	completed:bool
id
	records:str
id
Table attrs for table 'follower'
	*id:int
TABLE ID SET
id
	@user->id=follower_id:int!
id
	@user->id=followee_id:int!
id
Table attrs for table 'post'
	*id:int
TABLE ID SET
id
	content:str
id
	@user->id:int!
id
Table attrs for table 'comment'
	*id:int
TABLE ID SET
id
	content:str
id
	@user->id:int!
id
	@post->id:int!
id
Table attrs for table 'like'
	*id:int
TABLE ID SET
id
	@user->id:int!
id
	money:str
id
	#likeable
id
Table attrs for table 'arson'
	*id:int
TABLE ID SET
id
	@portfolio->id:int
id
	text:str
id
	@follower->id:int
id
Table attrs for table 'todo'
	*id:int
TABLE ID SET
id
	name:str
id
	completed:bool
id
	@arson->id:int
id
Table attrs for table 'shite'
	*id:int
TABLE ID SET
id
	why:str
id
Table attrs for table 'wtf'
	*ow:int
TABLE ID SET
ow
	my:int
ow
Schema Bytes
CREATE TABLE IF NOT EXISTS "user" (
	id SERIAL PRIMARY KEY,
	fname VARCHAR(32) NOT NULL,
	lname VARCHAR(32) NOT NULL,
	email VARCHAR(100) NOT NULL CHECK (email ~* '^[a-zA-Z0-9._%+-]+@[a-zA-Z0-9.-]+\.[a-zA-Z]{2,}$'),
	gender BOOLEAN NOT NULL,
	bio VARCHAR(300) NOT NULL
);
CREATE TABLE IF NOT EXISTS "portfolio" (
	id SERIAL PRIMARY KEY,
	name VARCHAR(50) NOT NULL,
	prio INTEGER NOT NULL,
	completed BOOLEAN NOT NULL,
	records VARCHAR(500) NOT NULL
);
CREATE TABLE IF NOT EXISTS "follower" (
	id SERIAL PRIMARY KEY,
	follower_id INTEGER NOT NULL,
	followee_id INTEGER NOT NULL,
	FOREIGN KEY (follower_id) REFERENCES "user"(id) ON DELETE CASCADE,
	FOREIGN KEY (followee_id) REFERENCES "user"(id) ON DELETE CASCADE
);
CREATE TABLE IF NOT EXISTS "post" (
	id SERIAL PRIMARY KEY,
	content VARCHAR(300) NOT NULL,
	user_id INTEGER NOT NULL,
	FOREIGN KEY (user_id) REFERENCES "user"(id) ON DELETE CASCADE
);
CREATE TABLE IF NOT EXISTS "comment" (
	id SERIAL PRIMARY KEY,
	content VARCHAR(300) NOT NULL,
	user_id INTEGER NOT NULL,
	post_id INTEGER NOT NULL,
	FOREIGN KEY (user_id) REFERENCES "user"(id) ON DELETE CASCADE,
	FOREIGN KEY (post_id) REFERENCES "post"(id) ON DELETE CASCADE
);
CREATE TABLE IF NOT EXISTS "like" (
	id SERIAL PRIMARY KEY,
	user_id INTEGER NOT NULL,
	money VARCHAR(500) NOT NULL,
	likeable_type VARCHAR(50) NOT NULL,
	likeable_id INTEGER NOT NULL,
	UNIQUE (likeable_id, likeable_type),
	FOREIGN KEY (user_id) REFERENCES "user"(id) ON DELETE CASCADE
);
CREATE TABLE IF NOT EXISTS "arson" (
	id SERIAL PRIMARY KEY,
	portfolio_id INTEGER NOT NULL,
	text VARCHAR(50) NOT NULL,
	follower_id INTEGER NOT NULL,
	FOREIGN KEY (portfolio_id) REFERENCES "portfolio"(id) ON DELETE CASCADE,
	FOREIGN KEY (follower_id) REFERENCES "follower"(id) ON DELETE CASCADE
);
CREATE TABLE IF NOT EXISTS "todo" (
	id SERIAL PRIMARY KEY,
	name VARCHAR(50) NOT NULL,
	completed BOOLEAN NOT NULL,
	arson_id INTEGER NOT NULL,
	FOREIGN KEY (arson_id) REFERENCES "arson"(id) ON DELETE CASCADE
);
CREATE TABLE IF NOT EXISTS "shite" (
	id SERIAL PRIMARY KEY,
	why VARCHAR(100) NOT NULL
);
CREATE TABLE IF NOT EXISTS "wtf" (
	ow SERIAL PRIMARY KEY,
	my INTEGER NOT NULL
);

Old schools
	['user', 'portfolio', 'follower', 'post', 'comment', 'like', 'arson', 'todo', 'okay', 'wtf']
New Schools
	['user', 'portfolio', 'follower', 'post', 'comment', 'like', 'arson', 'todo', 'shite', 'wtf']
Creation detected
	['shite']
Table attrs for table 'shite'
	*id:int
TABLE ID SET
id
	why:str
id
Delta Creation
CREATE TABLE IF NOT EXISTS "shite" (
	id SERIAL PRIMARY KEY,
	why VARCHAR(100) NOT NULL
);

Deletion detected
	['okay']
Delta Deletion
DROP TABLE IF EXISTS "okay"; 
No move detected
Updation Detected
	Old school
		{'*id:int': {}, 'name:str': {'limit': 50}, 'prio:int': {}, 'completed:bool': {}, '@arson->id:int': {}}
	New school
		{'*id:int': {}, 'name:str': {'limit': 50}, 'completed:bool': {}, '@arson->id:int': {}}
	*id:int
	name:str
	completed:bool
	@arson->id:int
	*id:int
	name:str
	prio:int
	completed:bool
	@arson->id:int
	Created Keys
		[]
	Deleted Keys
		['prio:int']
	(Del) Altered Validations
		ALTER TABLE "todo" DROP COLUMN "prio"
;
<celerity.transpiler.attr.Attr object at 0x10645ddf0>
<celerity.transpiler.attr.Attr object at 0x10645e0c0>
Old Validations
{}
New Validations
{}
		TODO: Constraint updated
<celerity.transpiler.attr.Attr object at 0x104d04c80>
<celerity.transpiler.attr.Attr object at 0x10645ddc0>
Old Validations
{}
New Validations
{}
		TODO: Constraint updated
<celerity.transpiler.attr.Attr object at 0x10645dd60>
<celerity.transpiler.attr.Attr object at 0x10645e030>
Old Validations
{}
New Validations
{}
		TODO: Constraint updated
<celerity.transpiler.attr.Attr object at 0x10645dca0>
<celerity.transpiler.attr.Attr object at 0x10645df10>
Old Validations
{'limit': 50}
New Validations
{'limit': 50}
		TODO: Constraint updated
Updation Detected
	Old school
		{'*id:int': {}, 'name:str': {'limit': 50}, 'prio:int': {}, 'completed:bool': {}}
	New school
		{'*id:int': {}, 'name:str': {'limit': 50}, 'prio:int': {}, 'completed:bool': {}, 'records:str': {'limit': 500}}
	*id:int
	name:str
	prio:int
	completed:bool
	records:str
	*id:int
	name:str
	prio:int
	completed:bool
	Created Keys
		['records:str']
	Deleted Keys
		[]
	records:str
	(Add) Altered Validations
		ALTER TABLE "portfolio" ADD COLUMN records VARCHAR(500) NOT NULL;

<celerity.transpiler.attr.Attr object at 0x10645e180>
<celerity.transpiler.attr.Attr object at 0x10645de80>
Old Validations
{}
New Validations
{}
		TODO: Constraint updated
<celerity.transpiler.attr.Attr object at 0x104d04c80>
<celerity.transpiler.attr.Attr object at 0x10645e060>
Old Validations
{}
New Validations
{}
		TODO: Constraint updated
<celerity.transpiler.attr.Attr object at 0x10645e120>
<celerity.transpiler.attr.Attr object at 0x10645de50>
Old Validations
{}
New Validations
{}
		TODO: Constraint updated
<celerity.transpiler.attr.Attr object at 0x10645dd90>
<celerity.transpiler.attr.Attr object at 0x10645df40>
Old Validations
{'limit': 50}
New Validations
{'limit': 50}
		TODO: Constraint updated
Attribute Deltas
{'creation': ['ALTER TABLE "portfolio" ADD COLUMN records VARCHAR(500) NOT NULL;\n'], 'updation': [], 'deletion': ['ALTER TABLE "todo" DROP COLUMN "prio"\n;']}
