Mock Timestamp
1002.0
----------------------------------------------------------------------------------------------------LOADING OCEAN----------------------------------------------------------------------------------------------------
Files to be considered for IR
	./test/data/creation/case1/a/input/table.json
{'table': {'!id:int': {}, 'comment:str': {'limit': 100}, 'priority:int': {}}}
{'table': {'!id:int': {}, 'comment:str': {'limit': 100}, 'priority:int': {}}}
Dependency Graph
	{}
Sorted deps
	[]
School fishs for school 'table'
	Raw Fish: !id:int
		Fish Info
		==================================================
		Fish Name              : id
		Fish Type              : int
		Fish School Constraint : pk
		Fish Reference         : 
		Fish Special           : 
		Fish Alias             : 
	Raw Fish: comment:str
		Fish Info
		==================================================
		Fish Name              : comment
		Fish Type              : str
		Fish School Constraint : None
		Fish Reference         : 
		Fish Special           : 
		Fish Alias             : 
	Raw Fish: priority:int
		Fish Info
		==================================================
		Fish Name              : priority
		Fish Type              : int
		Fish School Constraint : None
		Fish Reference         : 
		Fish Special           : 
		Fish Alias             : 
WHAT THE HELlllLLLLLLLLLLLLLL
Path index is {'./test/data/creation/case1/a/input/table.json': ['table']}
Schema IR
	table
		!id:int          -- {}              
		comment:str      -- {'limit': 100}  
		priority:int     -- {}              
Path Index: TODO ocean.dump()
====================================================================================================OCEAN LOADED====================================================================================================
----------------------------------------------------------------------------------------------------SERIALIZING OCEAN----------------------------------------------------------------------------------------------------
ATTR SPECIAL

ATTR SPECIAL

{'pk': <celerity.ir.school_constraint.SchoolConstraint object at 0x1037f3890>}
Serialized Congregation
===========================================
CREATE TABLE IF NOT EXISTS "table" (
	comment VARCHAR(100) NOT NULL,
	priority INTEGER NOT NULL,
	id SERIAL PRIMARY KEY
);

====================================================================================================OCEAN SERIALIZED====================================================================================================
----------------------------------------------------------------------------------------------------LOADING DELTA----------------------------------------------------------------------------------------------------
====================================================================================================DELTA RAN====================================================================================================
----------------------------------------------------------------------------------------------------PERSISTING OCEAN----------------------------------------------------------------------------------------------------
Delta

PERSIST DIRECTORIES
{'input': './test/data/creation/case1/a/input/', 'output': './test/data/creation/case1/a/output/', 'rollback': './test/data/creation/case1/a/rollback/'}
old schema
CREATE TABLE IF NOT EXISTS "table" (
	comment VARCHAR(100) NOT NULL,
	priority INTEGER NOT NULL,
	id SERIAL PRIMARY KEY
);

Metadata
	{'id': '1002.0', 'path_index': {'/Users/josephbender/Desktop/programming/python/pycelerity/test/data/creation/case1/a/input/table.json': ['table']}, 'checksums': {'/Users/josephbender/Desktop/programming/python/pycelerity/test/data/creation/case1/a/input/table.json': 'aacbba7f6659fc3ea4379903ff1e449ce13c25e64dad8e9bc613aa41c75a5edd'}, 'schools': ['table'], 'history': [], 'school_index': {'table': ['/Users/josephbender/Desktop/programming/python/pycelerity/test/data/creation/case1/a/input/table.json']}}
====================================================================================================OCEAN PERSISTED====================================================================================================
====================================================================================================Terminated Gracefully====================================================================================================
Mock Timestamp
1003.0
----------------------------------------------------------------------------------------------------LOADING OCEAN----------------------------------------------------------------------------------------------------
Files to be considered for IR
	./test/data/creation/case2/a/input/multiple.json
{'table1': {'!id:int': {}, 'gate:bool': {}, 'effective:int': {}}, 'table2': {'!id:int': {}, 'gate:bool': {}, 'prio:int': {}}}
{'table1': {'!id:int': {}, 'gate:bool': {}, 'effective:int': {}}, 'table2': {'!id:int': {}, 'gate:bool': {}, 'prio:int': {}}}
Dependency Graph
	{}
Sorted deps
	[]
School fishs for school 'table1'
	Raw Fish: !id:int
		Fish Info
		==================================================
		Fish Name              : id
		Fish Type              : int
		Fish School Constraint : pk
		Fish Reference         : 
		Fish Special           : 
		Fish Alias             : 
	Raw Fish: gate:bool
		Fish Info
		==================================================
		Fish Name              : gate
		Fish Type              : bool
		Fish School Constraint : None
		Fish Reference         : 
		Fish Special           : 
		Fish Alias             : 
	Raw Fish: effective:int
		Fish Info
		==================================================
		Fish Name              : effective
		Fish Type              : int
		Fish School Constraint : None
		Fish Reference         : 
		Fish Special           : 
		Fish Alias             : 
School fishs for school 'table2'
	Raw Fish: !id:int
		Fish Info
		==================================================
		Fish Name              : id
		Fish Type              : int
		Fish School Constraint : pk
		Fish Reference         : 
		Fish Special           : 
		Fish Alias             : 
	Raw Fish: gate:bool
		Fish Info
		==================================================
		Fish Name              : gate
		Fish Type              : bool
		Fish School Constraint : None
		Fish Reference         : 
		Fish Special           : 
		Fish Alias             : 
	Raw Fish: prio:int
		Fish Info
		==================================================
		Fish Name              : prio
		Fish Type              : int
		Fish School Constraint : None
		Fish Reference         : 
		Fish Special           : 
		Fish Alias             : 
WHAT THE HELlllLLLLLLLLLLLLLL
Path index is {'./test/data/creation/case2/a/input/multiple.json': ['table1', 'table2']}
Schema IR
	table1
		!id:int          -- {}              
		gate:bool        -- {}              
		effective:int    -- {}              
	table2
		!id:int          -- {}              
		gate:bool        -- {}              
		prio:int         -- {}              
Path Index: TODO ocean.dump()
====================================================================================================OCEAN LOADED====================================================================================================
----------------------------------------------------------------------------------------------------SERIALIZING OCEAN----------------------------------------------------------------------------------------------------
ATTR SPECIAL

ATTR SPECIAL

{'pk': <celerity.ir.school_constraint.SchoolConstraint object at 0x10378f6b0>}
ATTR SPECIAL

ATTR SPECIAL

{'pk': <celerity.ir.school_constraint.SchoolConstraint object at 0x10378ebd0>}
Serialized Congregation
===========================================
CREATE TABLE IF NOT EXISTS "table1" (
	gate BOOLEAN NOT NULL,
	effective INTEGER NOT NULL,
	id SERIAL PRIMARY KEY
);
CREATE TABLE IF NOT EXISTS "table2" (
	gate BOOLEAN NOT NULL,
	prio INTEGER NOT NULL,
	id SERIAL PRIMARY KEY
);

====================================================================================================OCEAN SERIALIZED====================================================================================================
----------------------------------------------------------------------------------------------------LOADING DELTA----------------------------------------------------------------------------------------------------
====================================================================================================DELTA RAN====================================================================================================
----------------------------------------------------------------------------------------------------PERSISTING OCEAN----------------------------------------------------------------------------------------------------
Delta

PERSIST DIRECTORIES
{'input': './test/data/creation/case2/a/input/', 'output': './test/data/creation/case2/a/output/', 'rollback': './test/data/creation/case2/a/rollback/'}
old schema
CREATE TABLE IF NOT EXISTS "table1" (
	gate BOOLEAN NOT NULL,
	effective INTEGER NOT NULL,
	id SERIAL PRIMARY KEY
);
CREATE TABLE IF NOT EXISTS "table2" (
	gate BOOLEAN NOT NULL,
	prio INTEGER NOT NULL,
	id SERIAL PRIMARY KEY
);

Metadata
	{'id': '1003.0', 'path_index': {'/Users/josephbender/Desktop/programming/python/pycelerity/test/data/creation/case2/a/input/multiple.json': ['table1', 'table2']}, 'checksums': {'/Users/josephbender/Desktop/programming/python/pycelerity/test/data/creation/case2/a/input/multiple.json': 'ff543c904e2ad60c907b7b9c1bc42a921be0593f54048842a15feb9d8a935d65'}, 'schools': ['table1', 'table2'], 'history': [], 'school_index': {'table1': ['/Users/josephbender/Desktop/programming/python/pycelerity/test/data/creation/case2/a/input/multiple.json'], 'table2': ['/Users/josephbender/Desktop/programming/python/pycelerity/test/data/creation/case2/a/input/multiple.json']}}
====================================================================================================OCEAN PERSISTED====================================================================================================
====================================================================================================Terminated Gracefully====================================================================================================
Mock Timestamp
1004.0
----------------------------------------------------------------------------------------------------LOADING OCEAN----------------------------------------------------------------------------------------------------
Files to be considered for IR
	./test/data/creation/case3/a/input/optional.json
{'table1': {'!id:int': {}, 'opt:int?': {}, 'string:str': {'limit': 100}}}
{'table1': {'!id:int': {}, 'opt:int?': {}, 'string:str': {'limit': 100}}}
Dependency Graph
	{}
Sorted deps
	[]
School fishs for school 'table1'
	Raw Fish: !id:int
		Fish Info
		==================================================
		Fish Name              : id
		Fish Type              : int
		Fish School Constraint : pk
		Fish Reference         : 
		Fish Special           : 
		Fish Alias             : 
	Raw Fish: opt:int?
		Fish Info
		==================================================
		Fish Name              : opt
		Fish Type              : int
		Fish School Constraint : None
		Fish Reference         : 
		Fish Special           : optional
		Fish Alias             : 
	Raw Fish: string:str
		Fish Info
		==================================================
		Fish Name              : string
		Fish Type              : str
		Fish School Constraint : None
		Fish Reference         : 
		Fish Special           : 
		Fish Alias             : 
WHAT THE HELlllLLLLLLLLLLLLLL
Path index is {'./test/data/creation/case3/a/input/optional.json': ['table1']}
Schema IR
	table1
		!id:int          -- {}              
		opt:int?         -- {}              
		string:str       -- {'limit': 100}  
Path Index: TODO ocean.dump()
====================================================================================================OCEAN LOADED====================================================================================================
----------------------------------------------------------------------------------------------------SERIALIZING OCEAN----------------------------------------------------------------------------------------------------
ATTR SPECIAL
optional
ATTR SPECIAL

{'pk': <celerity.ir.school_constraint.SchoolConstraint object at 0x103717f80>}
Serialized Congregation
===========================================
CREATE TABLE IF NOT EXISTS "table1" (
	opt INTEGER NULL,
	string VARCHAR(100) NOT NULL,
	id SERIAL PRIMARY KEY
);

====================================================================================================OCEAN SERIALIZED====================================================================================================
----------------------------------------------------------------------------------------------------LOADING DELTA----------------------------------------------------------------------------------------------------
====================================================================================================DELTA RAN====================================================================================================
----------------------------------------------------------------------------------------------------PERSISTING OCEAN----------------------------------------------------------------------------------------------------
Delta

PERSIST DIRECTORIES
{'input': './test/data/creation/case3/a/input/', 'output': './test/data/creation/case3/a/output/', 'rollback': './test/data/creation/case3/a/rollback/'}
old schema
CREATE TABLE IF NOT EXISTS "table1" (
	opt INTEGER NULL,
	string VARCHAR(100) NOT NULL,
	id SERIAL PRIMARY KEY
);

Metadata
	{'id': '1004.0', 'path_index': {'/Users/josephbender/Desktop/programming/python/pycelerity/test/data/creation/case3/a/input/optional.json': ['table1']}, 'checksums': {'/Users/josephbender/Desktop/programming/python/pycelerity/test/data/creation/case3/a/input/optional.json': '1ae8f60dd8dc0c63ad4965c58ba44b4ed49d927ed2b859323318283669cb1151'}, 'schools': ['table1'], 'history': [], 'school_index': {'table1': ['/Users/josephbender/Desktop/programming/python/pycelerity/test/data/creation/case3/a/input/optional.json']}}
====================================================================================================OCEAN PERSISTED====================================================================================================
====================================================================================================Terminated Gracefully====================================================================================================
Mock Timestamp
1005.0
----------------------------------------------------------------------------------------------------LOADING OCEAN----------------------------------------------------------------------------------------------------
Files to be considered for IR
	./test/data/creation/case4/a/input/something.json
{'table1': {'!id:int': {}, 'opt:int*': {}, 'string:str': {'limit': 100}}}
{'table1': {'!id:int': {}, 'opt:int*': {}, 'string:str': {'limit': 100}}}
Dependency Graph
	{}
Sorted deps
	[]
School fishs for school 'table1'
	Raw Fish: !id:int
		Fish Info
		==================================================
		Fish Name              : id
		Fish Type              : int
		Fish School Constraint : pk
		Fish Reference         : 
		Fish Special           : 
		Fish Alias             : 
	Raw Fish: opt:int*
		Fish Info
		==================================================
		Fish Name              : opt
		Fish Type              : int
		Fish School Constraint : None
		Fish Reference         : 
		Fish Special           : unique
		Fish Alias             : 
	Raw Fish: string:str
		Fish Info
		==================================================
		Fish Name              : string
		Fish Type              : str
		Fish School Constraint : None
		Fish Reference         : 
		Fish Special           : 
		Fish Alias             : 
WHAT THE HELlllLLLLLLLLLLLLLL
Path index is {'./test/data/creation/case4/a/input/something.json': ['table1']}
Schema IR
	table1
		!id:int          -- {}              
		opt:int*         -- {}              
		string:str       -- {'limit': 100}  
Path Index: TODO ocean.dump()
====================================================================================================OCEAN LOADED====================================================================================================
----------------------------------------------------------------------------------------------------SERIALIZING OCEAN----------------------------------------------------------------------------------------------------
ATTR SPECIAL
unique
ATTR SPECIAL

{'pk': <celerity.ir.school_constraint.SchoolConstraint object at 0x10386c740>}
Serialized Congregation
===========================================
CREATE TABLE IF NOT EXISTS "table1" (
	opt INTEGER UNIQUE NOT NULL,
	string VARCHAR(100) NOT NULL,
	id SERIAL PRIMARY KEY
);

====================================================================================================OCEAN SERIALIZED====================================================================================================
----------------------------------------------------------------------------------------------------LOADING DELTA----------------------------------------------------------------------------------------------------
====================================================================================================DELTA RAN====================================================================================================
----------------------------------------------------------------------------------------------------PERSISTING OCEAN----------------------------------------------------------------------------------------------------
Delta

PERSIST DIRECTORIES
{'input': './test/data/creation/case4/a/input/', 'output': './test/data/creation/case4/a/output/', 'rollback': './test/data/creation/case4/a/rollback/'}
old schema
CREATE TABLE IF NOT EXISTS "table1" (
	opt INTEGER UNIQUE NOT NULL,
	string VARCHAR(100) NOT NULL,
	id SERIAL PRIMARY KEY
);

Metadata
	{'id': '1005.0', 'path_index': {'/Users/josephbender/Desktop/programming/python/pycelerity/test/data/creation/case4/a/input/something.json': ['table1']}, 'checksums': {'/Users/josephbender/Desktop/programming/python/pycelerity/test/data/creation/case4/a/input/something.json': '818865fa9d3df9f9706573a42b183325bd30fe5897f87b6ba25da16e8df85dff'}, 'schools': ['table1'], 'history': [], 'school_index': {'table1': ['/Users/josephbender/Desktop/programming/python/pycelerity/test/data/creation/case4/a/input/something.json']}}
====================================================================================================OCEAN PERSISTED====================================================================================================
====================================================================================================Terminated Gracefully====================================================================================================
Mock Timestamp
1006.0
----------------------------------------------------------------------------------------------------LOADING OCEAN----------------------------------------------------------------------------------------------------
Files to be considered for IR
	./test/data/creation/case5/a/input/something.json
{'table1': {'!id:int': {}, 'opt:int+': {}, 'string:str': {'limit': 100}}}
{'table1': {'!id:int': {}, 'opt:int+': {}, 'string:str': {'limit': 100}}}
Dependency Graph
	{}
Sorted deps
	[]
School fishs for school 'table1'
	Raw Fish: !id:int
		Fish Info
		==================================================
		Fish Name              : id
		Fish Type              : int
		Fish School Constraint : pk
		Fish Reference         : 
		Fish Special           : 
		Fish Alias             : 
	Raw Fish: opt:int+
		Fish Info
		==================================================
		Fish Name              : opt
		Fish Type              : int
		Fish School Constraint : None
		Fish Reference         : 
		Fish Special           : reqopt
		Fish Alias             : 
	Raw Fish: string:str
		Fish Info
		==================================================
		Fish Name              : string
		Fish Type              : str
		Fish School Constraint : None
		Fish Reference         : 
		Fish Special           : 
		Fish Alias             : 
WHAT THE HELlllLLLLLLLLLLLLLL
Path index is {'./test/data/creation/case5/a/input/something.json': ['table1']}
Schema IR
	table1
		!id:int          -- {}              
		opt:int+         -- {}              
		string:str       -- {'limit': 100}  
Path Index: TODO ocean.dump()
====================================================================================================OCEAN LOADED====================================================================================================
----------------------------------------------------------------------------------------------------SERIALIZING OCEAN----------------------------------------------------------------------------------------------------
ATTR SPECIAL
reqopt
ATTR SPECIAL

{'pk': <celerity.ir.school_constraint.SchoolConstraint object at 0x10380c1a0>}
Serialized Congregation
===========================================
CREATE TABLE IF NOT EXISTS "table1" (
	opt INTEGER UNIQUE NULL,
	string VARCHAR(100) NOT NULL,
	id SERIAL PRIMARY KEY
);

====================================================================================================OCEAN SERIALIZED====================================================================================================
----------------------------------------------------------------------------------------------------LOADING DELTA----------------------------------------------------------------------------------------------------
====================================================================================================DELTA RAN====================================================================================================
----------------------------------------------------------------------------------------------------PERSISTING OCEAN----------------------------------------------------------------------------------------------------
Delta

PERSIST DIRECTORIES
{'input': './test/data/creation/case5/a/input/', 'output': './test/data/creation/case5/a/output/', 'rollback': './test/data/creation/case5/a/rollback/'}
old schema
CREATE TABLE IF NOT EXISTS "table1" (
	opt INTEGER UNIQUE NULL,
	string VARCHAR(100) NOT NULL,
	id SERIAL PRIMARY KEY
);

Metadata
	{'id': '1006.0', 'path_index': {'/Users/josephbender/Desktop/programming/python/pycelerity/test/data/creation/case5/a/input/something.json': ['table1']}, 'checksums': {'/Users/josephbender/Desktop/programming/python/pycelerity/test/data/creation/case5/a/input/something.json': '1729065ae144d74d0ff9fd6857f5cfe92cc245e6f5032a6d76483b6a5e67adbb'}, 'schools': ['table1'], 'history': [], 'school_index': {'table1': ['/Users/josephbender/Desktop/programming/python/pycelerity/test/data/creation/case5/a/input/something.json']}}
====================================================================================================OCEAN PERSISTED====================================================================================================
====================================================================================================Terminated Gracefully====================================================================================================
Mock Timestamp
1007.0
----------------------------------------------------------------------------------------------------LOADING OCEAN----------------------------------------------------------------------------------------------------
Files to be considered for IR
	./test/data/creation/case6/a/input/input.json
{'table1': {'!id:int=alias1': {}, 'name:str=alias2': {'limit': 100}, 'something:int=alias3': {}}}
{'table1': {'!id:int=alias1': {}, 'name:str=alias2': {'limit': 100}, 'something:int=alias3': {}}}
Dependency Graph
	{}
Sorted deps
	[]
School fishs for school 'table1'
	Raw Fish: !id:int=alias1
		Fish Info
		==================================================
		Fish Name              : id
		Fish Type              : int
		Fish School Constraint : pk
		Fish Reference         : 
		Fish Special           : alias
		Fish Alias             : alias1
	Raw Fish: name:str=alias2
		Fish Info
		==================================================
		Fish Name              : name
		Fish Type              : str
		Fish School Constraint : None
		Fish Reference         : 
		Fish Special           : alias
		Fish Alias             : alias2
	Raw Fish: something:int=alias3
		Fish Info
		==================================================
		Fish Name              : something
		Fish Type              : int
		Fish School Constraint : None
		Fish Reference         : 
		Fish Special           : alias
		Fish Alias             : alias3
WHAT THE HELlllLLLLLLLLLLLLLL
Path index is {'./test/data/creation/case6/a/input/input.json': ['table1']}
Schema IR
	table1
		!id:int=alias1   -- {}              
		name:str=alias2  -- {'limit': 100}  
		something:int=alias3 -- {}              
Path Index: TODO ocean.dump()
====================================================================================================OCEAN LOADED====================================================================================================
----------------------------------------------------------------------------------------------------SERIALIZING OCEAN----------------------------------------------------------------------------------------------------
ATTR SPECIAL
alias
ATTR SPECIAL
alias
{'pk': <celerity.ir.school_constraint.SchoolConstraint object at 0x1037f3500>}
Serialized Congregation
===========================================
CREATE TABLE IF NOT EXISTS "table1" (
	alias2 VARCHAR(100) NOT NULL,
	alias3 INTEGER NOT NULL,
	alias1 SERIAL PRIMARY KEY
);

====================================================================================================OCEAN SERIALIZED====================================================================================================
----------------------------------------------------------------------------------------------------LOADING DELTA----------------------------------------------------------------------------------------------------
====================================================================================================DELTA RAN====================================================================================================
----------------------------------------------------------------------------------------------------PERSISTING OCEAN----------------------------------------------------------------------------------------------------
Delta

PERSIST DIRECTORIES
{'input': './test/data/creation/case6/a/input/', 'output': './test/data/creation/case6/a/output/', 'rollback': './test/data/creation/case6/a/rollback/'}
old schema
CREATE TABLE IF NOT EXISTS "table1" (
	alias2 VARCHAR(100) NOT NULL,
	alias3 INTEGER NOT NULL,
	alias1 SERIAL PRIMARY KEY
);

Metadata
	{'id': '1007.0', 'path_index': {'/Users/josephbender/Desktop/programming/python/pycelerity/test/data/creation/case6/a/input/input.json': ['table1']}, 'checksums': {'/Users/josephbender/Desktop/programming/python/pycelerity/test/data/creation/case6/a/input/input.json': 'd8caa444de6ad3c032a67da233075d4b22e4f1e20d18577db6f00407001a513a'}, 'schools': ['table1'], 'history': [], 'school_index': {'table1': ['/Users/josephbender/Desktop/programming/python/pycelerity/test/data/creation/case6/a/input/input.json']}}
====================================================================================================OCEAN PERSISTED====================================================================================================
====================================================================================================Terminated Gracefully====================================================================================================
Mock Timestamp
1008.0
----------------------------------------------------------------------------------------------------LOADING OCEAN----------------------------------------------------------------------------------------------------
Files to be considered for IR
	./test/data/creation/case7/a/input/user.json
{'user': {'!id:int': {}, 'fname:str': {'limit': 50}, 'lname:str': {'limit': 50}, 'email:str': {'limit': 100}, 'gender:bool': {}, 'bio:str': {'limit': 500}}, 'post': {'!id:int': {}, 'content:str': {'limit': 300}, '@user->id:int=user_id': {}}}
{'user': {'!id:int': {}, 'fname:str': {'limit': 50}, 'lname:str': {'limit': 50}, 'email:str': {'limit': 100}, 'gender:bool': {}, 'bio:str': {'limit': 500}}, 'post': {'!id:int': {}, 'content:str': {'limit': 300}, '@user->id:int=user_id': {}}}
Dependency Graph
	{'post': 'user'}
Sorted deps
	['user', 'post']
School fishs for school 'user'
	Raw Fish: !id:int
		Fish Info
		==================================================
		Fish Name              : id
		Fish Type              : int
		Fish School Constraint : pk
		Fish Reference         : 
		Fish Special           : 
		Fish Alias             : 
	Raw Fish: fname:str
		Fish Info
		==================================================
		Fish Name              : fname
		Fish Type              : str
		Fish School Constraint : None
		Fish Reference         : 
		Fish Special           : 
		Fish Alias             : 
	Raw Fish: lname:str
		Fish Info
		==================================================
		Fish Name              : lname
		Fish Type              : str
		Fish School Constraint : None
		Fish Reference         : 
		Fish Special           : 
		Fish Alias             : 
	Raw Fish: email:str
		Fish Info
		==================================================
		Fish Name              : email
		Fish Type              : str
		Fish School Constraint : None
		Fish Reference         : 
		Fish Special           : 
		Fish Alias             : 
	Raw Fish: gender:bool
		Fish Info
		==================================================
		Fish Name              : gender
		Fish Type              : bool
		Fish School Constraint : None
		Fish Reference         : 
		Fish Special           : 
		Fish Alias             : 
	Raw Fish: bio:str
		Fish Info
		==================================================
		Fish Name              : bio
		Fish Type              : str
		Fish School Constraint : None
		Fish Reference         : 
		Fish Special           : 
		Fish Alias             : 
School fishs for school 'post'
	Raw Fish: !id:int
		Fish Info
		==================================================
		Fish Name              : id
		Fish Type              : int
		Fish School Constraint : pk
		Fish Reference         : 
		Fish Special           : 
		Fish Alias             : 
	Raw Fish: content:str
		Fish Info
		==================================================
		Fish Name              : content
		Fish Type              : str
		Fish School Constraint : None
		Fish Reference         : 
		Fish Special           : 
		Fish Alias             : 
	Raw Fish: @user->id:int=user_id
		Fish Info
		==================================================
		Fish Name              : user
		Fish Type              : int
		Fish School Constraint : fk
		Fish Reference         : id
		Fish Special           : alias
		Fish Alias             : user_id
WHAT THE HELlllLLLLLLLLLLLLLL
Path index is {'./test/data/creation/case7/a/input/user.json': ['user', 'post']}
Schema IR
	user
		!id:int          -- {}              
		fname:str        -- {'limit': 50}   
		lname:str        -- {'limit': 50}   
		email:str        -- {'limit': 100}  
		gender:bool      -- {}              
		bio:str          -- {'limit': 500}  
	post
		!id:int          -- {}              
		content:str      -- {'limit': 300}  
		@user->id:int=user_id -- {}              
Path Index: TODO ocean.dump()
====================================================================================================OCEAN LOADED====================================================================================================
----------------------------------------------------------------------------------------------------SERIALIZING OCEAN----------------------------------------------------------------------------------------------------
ATTR SPECIAL

ATTR SPECIAL

ATTR SPECIAL

ATTR SPECIAL

ATTR SPECIAL

{'pk': <celerity.ir.school_constraint.SchoolConstraint object at 0x103856c90>}
ATTR SPECIAL

{'pk': <celerity.ir.school_constraint.SchoolConstraint object at 0x103856750>, 'fk': <celerity.ir.school_constraint.SchoolConstraint object at 0x103856120>}
ATTR SPECIAL
alias
Serialized Congregation
===========================================
CREATE TABLE IF NOT EXISTS "user" (
	fname VARCHAR(50) NOT NULL,
	lname VARCHAR(50) NOT NULL,
	email VARCHAR(100) NOT NULL,
	gender BOOLEAN NOT NULL,
	bio VARCHAR(500) NOT NULL,
	id SERIAL PRIMARY KEY
);
CREATE TABLE IF NOT EXISTS "post" (
	content VARCHAR(300) NOT NULL,
	id SERIAL PRIMARY KEY,
	user_id INTEGER NOT NULL,
	FOREIGN KEY (user_id) REFERENCES "user"(id) ON DELETE CASCADE
);

====================================================================================================OCEAN SERIALIZED====================================================================================================
----------------------------------------------------------------------------------------------------LOADING DELTA----------------------------------------------------------------------------------------------------
====================================================================================================DELTA RAN====================================================================================================
----------------------------------------------------------------------------------------------------PERSISTING OCEAN----------------------------------------------------------------------------------------------------
Delta

PERSIST DIRECTORIES
{'input': './test/data/creation/case7/a/input/', 'output': './test/data/creation/case7/a/output/', 'rollback': './test/data/creation/case7/a/rollback/'}
old schema
CREATE TABLE IF NOT EXISTS "user" (
	fname VARCHAR(50) NOT NULL,
	lname VARCHAR(50) NOT NULL,
	email VARCHAR(100) NOT NULL,
	gender BOOLEAN NOT NULL,
	bio VARCHAR(500) NOT NULL,
	id SERIAL PRIMARY KEY
);
CREATE TABLE IF NOT EXISTS "post" (
	content VARCHAR(300) NOT NULL,
	id SERIAL PRIMARY KEY,
	user_id INTEGER NOT NULL,
	FOREIGN KEY (user_id) REFERENCES "user"(id) ON DELETE CASCADE
);

Metadata
	{'id': '1008.0', 'path_index': {'/Users/josephbender/Desktop/programming/python/pycelerity/test/data/creation/case7/a/input/user.json': ['user', 'post']}, 'checksums': {'/Users/josephbender/Desktop/programming/python/pycelerity/test/data/creation/case7/a/input/user.json': '78deee19834e4f943eb2fabb1319a4fc85e00d28ad5415dc6eceae2e3ccc1dab'}, 'schools': ['user', 'post'], 'history': [], 'school_index': {'user': ['/Users/josephbender/Desktop/programming/python/pycelerity/test/data/creation/case7/a/input/user.json'], 'post': ['/Users/josephbender/Desktop/programming/python/pycelerity/test/data/creation/case7/a/input/user.json']}}
====================================================================================================OCEAN PERSISTED====================================================================================================
====================================================================================================Terminated Gracefully====================================================================================================
Mock Timestamp
1009.0
----------------------------------------------------------------------------------------------------LOADING OCEAN----------------------------------------------------------------------------------------------------
Files to be considered for IR
	./test/data/creation/case8/a/input/polymorphic.json
{'user': {'!id:int': {}, 'gender:bool': {}}, 'employee': {'!id:int': {}, '#employable': {}}}
{'user': {'!id:int': {}, 'gender:bool': {}}, 'employee': {'!id:int': {}, '#employable': {}}}
Dependency Graph
	{}
Sorted deps
	[]
School fishs for school 'employee'
	Raw Fish: !id:int
		Fish Info
		==================================================
		Fish Name              : id
		Fish Type              : int
		Fish School Constraint : pk
		Fish Reference         : 
		Fish Special           : 
		Fish Alias             : 
	Raw Fish: #employable
		Fish Info
		==================================================
		Fish Name              : employable
		Fish Type              : 
		Fish School Constraint : poly
		Fish Reference         : 
		Fish Special           : 
		Fish Alias             : 
School fishs for school 'user'
	Raw Fish: !id:int
		Fish Info
		==================================================
		Fish Name              : id
		Fish Type              : int
		Fish School Constraint : pk
		Fish Reference         : 
		Fish Special           : 
		Fish Alias             : 
	Raw Fish: gender:bool
		Fish Info
		==================================================
		Fish Name              : gender
		Fish Type              : bool
		Fish School Constraint : None
		Fish Reference         : 
		Fish Special           : 
		Fish Alias             : 
WHAT THE HELlllLLLLLLLLLLLLLL
Path index is {'./test/data/creation/case8/a/input/polymorphic.json': ['user', 'employee']}
Schema IR
	employee
		!id:int          -- {}              
		#employable      -- {}              
	user
		!id:int          -- {}              
		gender:bool      -- {}              
Path Index: TODO ocean.dump()
====================================================================================================OCEAN LOADED====================================================================================================
----------------------------------------------------------------------------------------------------SERIALIZING OCEAN----------------------------------------------------------------------------------------------------
{'pk': <celerity.ir.school_constraint.SchoolConstraint object at 0x10386d6a0>, 'poly': <celerity.ir.school_constraint.SchoolConstraint object at 0x10386c4d0>}
ATTR SPECIAL

{'pk': <celerity.ir.school_constraint.SchoolConstraint object at 0x10386d7f0>}
Serialized Congregation
===========================================
CREATE TABLE IF NOT EXISTS "employee" (
	id SERIAL PRIMARY KEY,
	employable_type VARCHAR(50) NOT NULL,
	employable_id INTEGER NOT NULL,
	UNIQUE (employable_id, employable_type)
);
CREATE TABLE IF NOT EXISTS "user" (
	gender BOOLEAN NOT NULL,
	id SERIAL PRIMARY KEY
);

====================================================================================================OCEAN SERIALIZED====================================================================================================
----------------------------------------------------------------------------------------------------LOADING DELTA----------------------------------------------------------------------------------------------------
====================================================================================================DELTA RAN====================================================================================================
----------------------------------------------------------------------------------------------------PERSISTING OCEAN----------------------------------------------------------------------------------------------------
Delta

PERSIST DIRECTORIES
{'input': './test/data/creation/case8/a/input/', 'output': './test/data/creation/case8/a/output/', 'rollback': './test/data/creation/case8/a/rollback/'}
old schema
CREATE TABLE IF NOT EXISTS "employee" (
	id SERIAL PRIMARY KEY,
	employable_type VARCHAR(50) NOT NULL,
	employable_id INTEGER NOT NULL,
	UNIQUE (employable_id, employable_type)
);
CREATE TABLE IF NOT EXISTS "user" (
	gender BOOLEAN NOT NULL,
	id SERIAL PRIMARY KEY
);

Metadata
	{'id': '1009.0', 'path_index': {'/Users/josephbender/Desktop/programming/python/pycelerity/test/data/creation/case8/a/input/polymorphic.json': ['user', 'employee']}, 'checksums': {'/Users/josephbender/Desktop/programming/python/pycelerity/test/data/creation/case8/a/input/polymorphic.json': 'cc0a47c9e5ba5e7a5453d1443444443a8433881994d0f18c4b5edce06ae97fa8'}, 'schools': ['user', 'employee'], 'history': [], 'school_index': {'user': ['/Users/josephbender/Desktop/programming/python/pycelerity/test/data/creation/case8/a/input/polymorphic.json'], 'employee': ['/Users/josephbender/Desktop/programming/python/pycelerity/test/data/creation/case8/a/input/polymorphic.json']}}
====================================================================================================OCEAN PERSISTED====================================================================================================
====================================================================================================Terminated Gracefully====================================================================================================
Mock Timestamp
1010.0
----------------------------------------------------------------------------------------------------LOADING OCEAN----------------------------------------------------------------------------------------------------
Files to be considered for IR
	./test/data/creation/case9/a/input/file2.json
{'table2': {'!id:int': {}, 'eureka:int': {}}}
	./test/data/creation/case9/a/input/file1.json
{'table1': {'!id:int': {}, 'name:str': {'limit': 100}, 'cool:bool': {}}}
{'table2': {'!id:int': {}, 'eureka:int': {}}, 'table1': {'!id:int': {}, 'name:str': {'limit': 100}, 'cool:bool': {}}}
Dependency Graph
	{}
Sorted deps
	[]
School fishs for school 'table1'
	Raw Fish: !id:int
		Fish Info
		==================================================
		Fish Name              : id
		Fish Type              : int
		Fish School Constraint : pk
		Fish Reference         : 
		Fish Special           : 
		Fish Alias             : 
	Raw Fish: name:str
		Fish Info
		==================================================
		Fish Name              : name
		Fish Type              : str
		Fish School Constraint : None
		Fish Reference         : 
		Fish Special           : 
		Fish Alias             : 
	Raw Fish: cool:bool
		Fish Info
		==================================================
		Fish Name              : cool
		Fish Type              : bool
		Fish School Constraint : None
		Fish Reference         : 
		Fish Special           : 
		Fish Alias             : 
School fishs for school 'table2'
	Raw Fish: !id:int
		Fish Info
		==================================================
		Fish Name              : id
		Fish Type              : int
		Fish School Constraint : pk
		Fish Reference         : 
		Fish Special           : 
		Fish Alias             : 
	Raw Fish: eureka:int
		Fish Info
		==================================================
		Fish Name              : eureka
		Fish Type              : int
		Fish School Constraint : None
		Fish Reference         : 
		Fish Special           : 
		Fish Alias             : 
WHAT THE HELlllLLLLLLLLLLLLLL
Path index is {'./test/data/creation/case9/a/input/file2.json': ['table2'], './test/data/creation/case9/a/input/file1.json': ['table1']}
Schema IR
	table1
		!id:int          -- {}              
		name:str         -- {'limit': 100}  
		cool:bool        -- {}              
	table2
		!id:int          -- {}              
		eureka:int       -- {}              
Path Index: TODO ocean.dump()
====================================================================================================OCEAN LOADED====================================================================================================
----------------------------------------------------------------------------------------------------SERIALIZING OCEAN----------------------------------------------------------------------------------------------------
ATTR SPECIAL

ATTR SPECIAL

{'pk': <celerity.ir.school_constraint.SchoolConstraint object at 0x103761880>}
ATTR SPECIAL

{'pk': <celerity.ir.school_constraint.SchoolConstraint object at 0x10378f320>}
Serialized Congregation
===========================================
CREATE TABLE IF NOT EXISTS "table1" (
	name VARCHAR(100) NOT NULL,
	cool BOOLEAN NOT NULL,
	id SERIAL PRIMARY KEY
);
CREATE TABLE IF NOT EXISTS "table2" (
	eureka INTEGER NOT NULL,
	id SERIAL PRIMARY KEY
);

====================================================================================================OCEAN SERIALIZED====================================================================================================
----------------------------------------------------------------------------------------------------LOADING DELTA----------------------------------------------------------------------------------------------------
====================================================================================================DELTA RAN====================================================================================================
----------------------------------------------------------------------------------------------------PERSISTING OCEAN----------------------------------------------------------------------------------------------------
Delta

PERSIST DIRECTORIES
{'input': './test/data/creation/case9/a/input/', 'output': './test/data/creation/case9/a/output/', 'rollback': './test/data/creation/case9/a/rollback/'}
old schema
CREATE TABLE IF NOT EXISTS "table1" (
	name VARCHAR(100) NOT NULL,
	cool BOOLEAN NOT NULL,
	id SERIAL PRIMARY KEY
);
CREATE TABLE IF NOT EXISTS "table2" (
	eureka INTEGER NOT NULL,
	id SERIAL PRIMARY KEY
);

Metadata
	{'id': '1010.0', 'path_index': {'/Users/josephbender/Desktop/programming/python/pycelerity/test/data/creation/case9/a/input/file2.json': ['table2'], '/Users/josephbender/Desktop/programming/python/pycelerity/test/data/creation/case9/a/input/file1.json': ['table1']}, 'checksums': {'/Users/josephbender/Desktop/programming/python/pycelerity/test/data/creation/case9/a/input/file2.json': '40e7ed1e4dee546830a34fa85965342f40193b3c36ab8426dcda1bf99b22c540', '/Users/josephbender/Desktop/programming/python/pycelerity/test/data/creation/case9/a/input/file1.json': '0a6b3eac26f5533f6bdaf4654dd7f085607ac42ed034cc7e16addcd0bd0bd1a8'}, 'schools': ['table2', 'table1'], 'history': [], 'school_index': {'table2': ['/Users/josephbender/Desktop/programming/python/pycelerity/test/data/creation/case9/a/input/file2.json'], 'table1': ['/Users/josephbender/Desktop/programming/python/pycelerity/test/data/creation/case9/a/input/file1.json']}}
====================================================================================================OCEAN PERSISTED====================================================================================================
====================================================================================================Terminated Gracefully====================================================================================================
Mock Timestamp
1011.0
----------------------------------------------------------------------------------------------------LOADING OCEAN----------------------------------------------------------------------------------------------------
Files to be considered for IR
	./test/data/creation/case10/a/input/validations.json
{'validations': {'!id:int': {}, 'name:str*': {'limit': 100, 'default': 'hello'}, 'name2:int*': {'default': 10}, 'email:str*': {'limit': 500, 'regex': 'email'}, 'nullable:bool?': {}}}
{'validations': {'!id:int': {}, 'name:str*': {'limit': 100, 'default': 'hello'}, 'name2:int*': {'default': 10}, 'email:str*': {'limit': 500, 'regex': 'email'}, 'nullable:bool?': {}}}
Dependency Graph
	{}
Sorted deps
	[]
School fishs for school 'validations'
	Raw Fish: !id:int
		Fish Info
		==================================================
		Fish Name              : id
		Fish Type              : int
		Fish School Constraint : pk
		Fish Reference         : 
		Fish Special           : 
		Fish Alias             : 
	Raw Fish: name:str*
		Fish Info
		==================================================
		Fish Name              : name
		Fish Type              : str
		Fish School Constraint : None
		Fish Reference         : 
		Fish Special           : unique
		Fish Alias             : 
	Raw Fish: name2:int*
		Fish Info
		==================================================
		Fish Name              : name2
		Fish Type              : int
		Fish School Constraint : None
		Fish Reference         : 
		Fish Special           : unique
		Fish Alias             : 
	Raw Fish: email:str*
		Fish Info
		==================================================
		Fish Name              : email
		Fish Type              : str
		Fish School Constraint : None
		Fish Reference         : 
		Fish Special           : unique
		Fish Alias             : 
	Raw Fish: nullable:bool?
		Fish Info
		==================================================
		Fish Name              : nullable
		Fish Type              : bool
		Fish School Constraint : None
		Fish Reference         : 
		Fish Special           : optional
		Fish Alias             : 
WHAT THE HELlllLLLLLLLLLLLLLL
Path index is {'./test/data/creation/case10/a/input/validations.json': ['validations']}
Schema IR
	validations
		!id:int          -- {}              
		name:str*        -- {'limit': 100, 'default': 'hello'}
		name2:int*       -- {'default': 10} 
		email:str*       -- {'limit': 500, 'regex': 'email'}
		nullable:bool?   -- {}              
Path Index: TODO ocean.dump()
====================================================================================================OCEAN LOADED====================================================================================================
----------------------------------------------------------------------------------------------------SERIALIZING OCEAN----------------------------------------------------------------------------------------------------
ATTR SPECIAL
unique
ATTR SPECIAL
unique
ATTR SPECIAL
unique
ATTR SPECIAL
optional
{'pk': <celerity.ir.school_constraint.SchoolConstraint object at 0x103856e10>}
Serialized Congregation
===========================================
CREATE TABLE IF NOT EXISTS "validations" (
	name VARCHAR(100) UNIQUE NOT NULL DEFAULT 'hello',
	name2 INTEGER UNIQUE NOT NULL DEFAULT 10,
	email VARCHAR(500) UNIQUE NOT NULL,
	CHECK (email ~* '^[a-zA-Z0-9._%+-]+@[a-zA-Z0-9.-]+\\.[a-z|A-Z]{2,}$'),
	nullable BOOLEAN NULL,
	id SERIAL PRIMARY KEY
);

====================================================================================================OCEAN SERIALIZED====================================================================================================
----------------------------------------------------------------------------------------------------LOADING DELTA----------------------------------------------------------------------------------------------------
====================================================================================================DELTA RAN====================================================================================================
----------------------------------------------------------------------------------------------------PERSISTING OCEAN----------------------------------------------------------------------------------------------------
Delta

PERSIST DIRECTORIES
{'input': './test/data/creation/case10/a/input/', 'output': './test/data/creation/case10/a/output/', 'rollback': './test/data/creation/case10/a/rollback/'}
old schema
CREATE TABLE IF NOT EXISTS "validations" (
	name VARCHAR(100) UNIQUE NOT NULL DEFAULT 'hello',
	name2 INTEGER UNIQUE NOT NULL DEFAULT 10,
	email VARCHAR(500) UNIQUE NOT NULL,
	CHECK (email ~* '^[a-zA-Z0-9._%+-]+@[a-zA-Z0-9.-]+\\.[a-z|A-Z]{2,}$'),
	nullable BOOLEAN NULL,
	id SERIAL PRIMARY KEY
);

Metadata
	{'id': '1011.0', 'path_index': {'/Users/josephbender/Desktop/programming/python/pycelerity/test/data/creation/case10/a/input/validations.json': ['validations']}, 'checksums': {'/Users/josephbender/Desktop/programming/python/pycelerity/test/data/creation/case10/a/input/validations.json': '879ec923f4c44c0fcf4e9f78b3898ac62f9154b0fa57271faa40f28129a59277'}, 'schools': ['validations'], 'history': [], 'school_index': {'validations': ['/Users/josephbender/Desktop/programming/python/pycelerity/test/data/creation/case10/a/input/validations.json']}}
====================================================================================================OCEAN PERSISTED====================================================================================================
====================================================================================================Terminated Gracefully====================================================================================================
Mock Timestamp
1000.0
----------------------------------------------------------------------------------------------------LOADING OCEAN----------------------------------------------------------------------------------------------------
Files to be considered for IR
{}
Dependency Graph
	{}
Sorted deps
	[]
WHAT THE HELlllLLLLLLLLLLLLLL
Path index is {}
Schema IR
Path Index: TODO ocean.dump()
====================================================================================================OCEAN LOADED====================================================================================================
----------------------------------------------------------------------------------------------------SERIALIZING OCEAN----------------------------------------------------------------------------------------------------
Serialized Congregation
===========================================

====================================================================================================OCEAN SERIALIZED====================================================================================================
----------------------------------------------------------------------------------------------------LOADING DELTA----------------------------------------------------------------------------------------------------
====================================================================================================DELTA RAN====================================================================================================
----------------------------------------------------------------------------------------------------PERSISTING OCEAN----------------------------------------------------------------------------------------------------
Delta

PERSIST DIRECTORIES
{'input': './test/data/updation/case2/sim/a/input/', 'output': './test/data/updation/case2/sim/a/output/', 'rollback': './test/data/updation/case2/sim/a/rollback/'}
old schema

Metadata
	{'id': '1000.0', 'path_index': {}, 'checksums': {}, 'schools': [], 'history': [], 'school_index': {}}
====================================================================================================OCEAN PERSISTED====================================================================================================
====================================================================================================Terminated Gracefully====================================================================================================
Mock Timestamp
1000.0
----------------------------------------------------------------------------------------------------LOADING OCEAN----------------------------------------------------------------------------------------------------
Files to be considered for IR
	./test/data/updation/case3/sim/a/input/schools.json
{'table1': {'!id:int': {}}, 'table2': {'!id:int': {}}, 'table3': {'!id:int': {}}, 'table4': {'!id:int': {}}, 'table5': {'!id:int': {}}, 'table6': {'!id:int': {}}}
{'table1': {'!id:int': {}}, 'table2': {'!id:int': {}}, 'table3': {'!id:int': {}}, 'table4': {'!id:int': {}}, 'table5': {'!id:int': {}}, 'table6': {'!id:int': {}}}
Dependency Graph
	{}
Sorted deps
	[]
School fishs for school 'table1'
	Raw Fish: !id:int
		Fish Info
		==================================================
		Fish Name              : id
		Fish Type              : int
		Fish School Constraint : pk
		Fish Reference         : 
		Fish Special           : 
		Fish Alias             : 
School fishs for school 'table2'
	Raw Fish: !id:int
		Fish Info
		==================================================
		Fish Name              : id
		Fish Type              : int
		Fish School Constraint : pk
		Fish Reference         : 
		Fish Special           : 
		Fish Alias             : 
School fishs for school 'table3'
	Raw Fish: !id:int
		Fish Info
		==================================================
		Fish Name              : id
		Fish Type              : int
		Fish School Constraint : pk
		Fish Reference         : 
		Fish Special           : 
		Fish Alias             : 
School fishs for school 'table4'
	Raw Fish: !id:int
		Fish Info
		==================================================
		Fish Name              : id
		Fish Type              : int
		Fish School Constraint : pk
		Fish Reference         : 
		Fish Special           : 
		Fish Alias             : 
School fishs for school 'table5'
	Raw Fish: !id:int
		Fish Info
		==================================================
		Fish Name              : id
		Fish Type              : int
		Fish School Constraint : pk
		Fish Reference         : 
		Fish Special           : 
		Fish Alias             : 
School fishs for school 'table6'
	Raw Fish: !id:int
		Fish Info
		==================================================
		Fish Name              : id
		Fish Type              : int
		Fish School Constraint : pk
		Fish Reference         : 
		Fish Special           : 
		Fish Alias             : 
WHAT THE HELlllLLLLLLLLLLLLLL
Path index is {'./test/data/updation/case3/sim/a/input/schools.json': ['table1', 'table2', 'table3', 'table4', 'table5', 'table6']}
Schema IR
	table1
		!id:int          -- {}              
	table2
		!id:int          -- {}              
	table3
		!id:int          -- {}              
	table4
		!id:int          -- {}              
	table5
		!id:int          -- {}              
	table6
		!id:int          -- {}              
Path Index: TODO ocean.dump()
====================================================================================================OCEAN LOADED====================================================================================================
----------------------------------------------------------------------------------------------------SERIALIZING OCEAN----------------------------------------------------------------------------------------------------
{'pk': <celerity.ir.school_constraint.SchoolConstraint object at 0x10386c500>}
{'pk': <celerity.ir.school_constraint.SchoolConstraint object at 0x10386cfe0>}
{'pk': <celerity.ir.school_constraint.SchoolConstraint object at 0x10386cbc0>}
{'pk': <celerity.ir.school_constraint.SchoolConstraint object at 0x10373a300>}
{'pk': <celerity.ir.school_constraint.SchoolConstraint object at 0x10386c9e0>}
{'pk': <celerity.ir.school_constraint.SchoolConstraint object at 0x10386d340>}
Serialized Congregation
===========================================
CREATE TABLE IF NOT EXISTS "table1" (
	id SERIAL PRIMARY KEY
);
CREATE TABLE IF NOT EXISTS "table2" (
	id SERIAL PRIMARY KEY
);
CREATE TABLE IF NOT EXISTS "table3" (
	id SERIAL PRIMARY KEY
);
CREATE TABLE IF NOT EXISTS "table4" (
	id SERIAL PRIMARY KEY
);
CREATE TABLE IF NOT EXISTS "table5" (
	id SERIAL PRIMARY KEY
);
CREATE TABLE IF NOT EXISTS "table6" (
	id SERIAL PRIMARY KEY
);

====================================================================================================OCEAN SERIALIZED====================================================================================================
----------------------------------------------------------------------------------------------------LOADING DELTA----------------------------------------------------------------------------------------------------
====================================================================================================DELTA RAN====================================================================================================
----------------------------------------------------------------------------------------------------PERSISTING OCEAN----------------------------------------------------------------------------------------------------
Delta

PERSIST DIRECTORIES
{'input': './test/data/updation/case3/sim/a/input/', 'output': './test/data/updation/case3/sim/a/output/', 'rollback': './test/data/updation/case3/sim/a/rollback/'}
old schema
CREATE TABLE IF NOT EXISTS "table1" (
	id SERIAL PRIMARY KEY
);
CREATE TABLE IF NOT EXISTS "table2" (
	id SERIAL PRIMARY KEY
);
CREATE TABLE IF NOT EXISTS "table3" (
	id SERIAL PRIMARY KEY
);
CREATE TABLE IF NOT EXISTS "table4" (
	id SERIAL PRIMARY KEY
);
CREATE TABLE IF NOT EXISTS "table5" (
	id SERIAL PRIMARY KEY
);
CREATE TABLE IF NOT EXISTS "table6" (
	id SERIAL PRIMARY KEY
);

Metadata
	{'id': '1000.0', 'path_index': {'/Users/josephbender/Desktop/programming/python/pycelerity/test/data/updation/case3/sim/a/input/schools.json': ['table1', 'table2', 'table3', 'table4', 'table5', 'table6']}, 'checksums': {'/Users/josephbender/Desktop/programming/python/pycelerity/test/data/updation/case3/sim/a/input/schools.json': '873eccd611054bbe72dd60fdf90b8a99be7483cb659723f816a6a5b81d0007ee'}, 'schools': ['table1', 'table2', 'table3', 'table4', 'table5', 'table6'], 'history': [], 'school_index': {'table1': ['/Users/josephbender/Desktop/programming/python/pycelerity/test/data/updation/case3/sim/a/input/schools.json'], 'table2': ['/Users/josephbender/Desktop/programming/python/pycelerity/test/data/updation/case3/sim/a/input/schools.json'], 'table3': ['/Users/josephbender/Desktop/programming/python/pycelerity/test/data/updation/case3/sim/a/input/schools.json'], 'table4': ['/Users/josephbender/Desktop/programming/python/pycelerity/test/data/updation/case3/sim/a/input/schools.json'], 'table5': ['/Users/josephbender/Desktop/programming/python/pycelerity/test/data/updation/case3/sim/a/input/schools.json'], 'table6': ['/Users/josephbender/Desktop/programming/python/pycelerity/test/data/updation/case3/sim/a/input/schools.json']}}
====================================================================================================OCEAN PERSISTED====================================================================================================
====================================================================================================Terminated Gracefully====================================================================================================
Mock Timestamp
1001.0
----------------------------------------------------------------------------------------------------LOADING OCEAN----------------------------------------------------------------------------------------------------
Files to be considered for IR
	./test/data/updation/case3/sim/b/input/schools2.json
{'table1': {'!id:int': {}}, 'table2': {'!id:int': {}}, 'table3': {'!id:int': {}}, 'table4': {'!id:int': {}}, 'table5': {'!id:int': {}}}
{'table1': {'!id:int': {}}, 'table2': {'!id:int': {}}, 'table3': {'!id:int': {}}, 'table4': {'!id:int': {}}, 'table5': {'!id:int': {}}}
Dependency Graph
	{}
Sorted deps
	[]
School fishs for school 'table1'
	Raw Fish: !id:int
		Fish Info
		==================================================
		Fish Name              : id
		Fish Type              : int
		Fish School Constraint : pk
		Fish Reference         : 
		Fish Special           : 
		Fish Alias             : 
School fishs for school 'table2'
	Raw Fish: !id:int
		Fish Info
		==================================================
		Fish Name              : id
		Fish Type              : int
		Fish School Constraint : pk
		Fish Reference         : 
		Fish Special           : 
		Fish Alias             : 
School fishs for school 'table3'
	Raw Fish: !id:int
		Fish Info
		==================================================
		Fish Name              : id
		Fish Type              : int
		Fish School Constraint : pk
		Fish Reference         : 
		Fish Special           : 
		Fish Alias             : 
School fishs for school 'table4'
	Raw Fish: !id:int
		Fish Info
		==================================================
		Fish Name              : id
		Fish Type              : int
		Fish School Constraint : pk
		Fish Reference         : 
		Fish Special           : 
		Fish Alias             : 
School fishs for school 'table5'
	Raw Fish: !id:int
		Fish Info
		==================================================
		Fish Name              : id
		Fish Type              : int
		Fish School Constraint : pk
		Fish Reference         : 
		Fish Special           : 
		Fish Alias             : 
WHAT THE HELlllLLLLLLLLLLLLLL
Path index is {'./test/data/updation/case3/sim/b/input/schools2.json': ['table1', 'table2', 'table3', 'table4', 'table5']}
Schema IR
	table1
		!id:int          -- {}              
	table2
		!id:int          -- {}              
	table3
		!id:int          -- {}              
	table4
		!id:int          -- {}              
	table5
		!id:int          -- {}              
Path Index: TODO ocean.dump()
====================================================================================================OCEAN LOADED====================================================================================================
----------------------------------------------------------------------------------------------------SERIALIZING OCEAN----------------------------------------------------------------------------------------------------
{'pk': <celerity.ir.school_constraint.SchoolConstraint object at 0x103762a80>}
{'pk': <celerity.ir.school_constraint.SchoolConstraint object at 0x10378f650>}
{'pk': <celerity.ir.school_constraint.SchoolConstraint object at 0x10378d670>}
{'pk': <celerity.ir.school_constraint.SchoolConstraint object at 0x10378eed0>}
{'pk': <celerity.ir.school_constraint.SchoolConstraint object at 0x10373acc0>}
Serialized Congregation
===========================================
CREATE TABLE IF NOT EXISTS "table1" (
	id SERIAL PRIMARY KEY
);
CREATE TABLE IF NOT EXISTS "table2" (
	id SERIAL PRIMARY KEY
);
CREATE TABLE IF NOT EXISTS "table3" (
	id SERIAL PRIMARY KEY
);
CREATE TABLE IF NOT EXISTS "table4" (
	id SERIAL PRIMARY KEY
);
CREATE TABLE IF NOT EXISTS "table5" (
	id SERIAL PRIMARY KEY
);

====================================================================================================OCEAN SERIALIZED====================================================================================================
----------------------------------------------------------------------------------------------------LOADING DELTA----------------------------------------------------------------------------------------------------
Old schools
	['table1', 'table2', 'table3', 'table4', 'table5', 'table6']
New Schools
	['table1', 'table2', 'table3', 'table4', 'table5']
No creation detected
Deletion detected
	['table6']
Delta Deletion
DROP TABLE IF EXISTS "table6";

WHAT THE FUCKkkkkkkkkkk 1
WHAT THE FUCKkkkkkkkkkk 2
WHAT THE FUCKkkkkkkkkkk 3
WHAT THE FUCKkkkkkkkkkk 4
No alteration detected
====================================================================================================DELTA RAN====================================================================================================
----------------------------------------------------------------------------------------------------PERSISTING OCEAN----------------------------------------------------------------------------------------------------
Delta

PERSIST DIRECTORIES
{'input': './test/data/updation/case3/sim/b/input/', 'output': './test/data/updation/case3/sim/b/output/', 'rollback': './test/data/updation/case3/sim/b/rollback/'}
old schema
CREATE TABLE IF NOT EXISTS "table1" (
	id SERIAL PRIMARY KEY
);
CREATE TABLE IF NOT EXISTS "table2" (
	id SERIAL PRIMARY KEY
);
CREATE TABLE IF NOT EXISTS "table3" (
	id SERIAL PRIMARY KEY
);
CREATE TABLE IF NOT EXISTS "table4" (
	id SERIAL PRIMARY KEY
);
CREATE TABLE IF NOT EXISTS "table5" (
	id SERIAL PRIMARY KEY
);
CREATE TABLE IF NOT EXISTS "table6" (
	id SERIAL PRIMARY KEY
);

Metadata
	{'id': '1001.0', 'path_index': {'/Users/josephbender/Desktop/programming/python/pycelerity/test/data/updation/case3/sim/b/input/schools2.json': ['table1', 'table2', 'table3', 'table4', 'table5']}, 'checksums': {'/Users/josephbender/Desktop/programming/python/pycelerity/test/data/updation/case3/sim/b/input/schools2.json': '5f96bc75117a4fc586dc1be019beba9bf2c6af2eb1e1a2d0343ef55612d0f438'}, 'schools': ['table1', 'table2', 'table3', 'table4', 'table5'], 'history': None, 'school_index': {'table1': ['/Users/josephbender/Desktop/programming/python/pycelerity/test/data/updation/case3/sim/b/input/schools2.json'], 'table2': ['/Users/josephbender/Desktop/programming/python/pycelerity/test/data/updation/case3/sim/b/input/schools2.json'], 'table3': ['/Users/josephbender/Desktop/programming/python/pycelerity/test/data/updation/case3/sim/b/input/schools2.json'], 'table4': ['/Users/josephbender/Desktop/programming/python/pycelerity/test/data/updation/case3/sim/b/input/schools2.json'], 'table5': ['/Users/josephbender/Desktop/programming/python/pycelerity/test/data/updation/case3/sim/b/input/schools2.json']}}
====================================================================================================OCEAN PERSISTED====================================================================================================
====================================================================================================Terminated Gracefully====================================================================================================
