Files to be considered for IR
	./data/input/todo.json
	./data/input/new_file.json
	./data/input/portfolios.json
	./data/input/user.json
	./data/input/arson.json
Dependency Graph
{'todo': 'arson', 'follower': 'user', 'post': 'user', 'comment': 'user', 'like': 'user', 'arson': 'portfolio'}
Sorted deps: ['portfolio', 'post', 'like', 'arson', 'todo', 'user', 'comment', 'follower']
TABLE ATTRS
{'*id:int': {}, 'name:str': {'limit': 50}, 'prio:int': {}, 'completed:bool': {}}
*id:int
name:str
prio:int
completed:bool
TABLE ATTRS
{'*id:int': {}, 'content:str': {'limit': 300}, '@user->id:int!': {}}
*id:int
content:str
@user->id:int!
TABLE ATTRS
{'*id:int': {}, '@user->id:int!': {}, 'money:str': {'limit': 500}, '#likeable': {}}
*id:int
@user->id:int!
money:str
#likeable
TABLE ATTRS
{'*id:int': {}, '@portfolio->id:int': {}, 'text:str': {'limit': 50}, '@follower->id:int': {}, 'portfolio': {'*id:int': {}, 'name:str': {'limit': 50}, 'prio:int': {}, 'completed:bool': {}}, 'user': {'*id:int': {}, 'fname:str': {'regex': '', 'limit': 32}, 'lname:str': {'regex': '', 'limit': 32}, 'email:str!': {'regex': 'email', 'limit': 100}, 'gender:bool': {}, 'bio:str': {'limit': 300}}}
*id:int
@portfolio->id:int
text:str
@follower->id:int
portfolio
