Files to be considered for IR
	./test/data/creation/case1/a/input/table.json
{'table': {'!id:int': {}, 'comment:str': {'limit': 100}, 'priority:int': {}}}
{'table': {'!id:int': {}, 'comment:str': {'limit': 100}, 'priority:int': {}}}
Dependency Graph
	{}
Sorted deps
	[]
Schema IR
	table
		!id:int          -- {}              
		comment:str      -- {'limit': 100}  
		priority:int     -- {}              
Path Index
	./test/data/creation/case1/a/input/table.json: ['table']       
Table attrs for table 'table'
	Raw Attr: !id:int
	Raw Attr: comment:str
ATTR SPECIAL

	Raw Attr: priority:int
ATTR SPECIAL

Schema Bytes
CREATE TABLE IF NOT EXISTS "table" (
	id SERIAL PRIMARY KEY,
	comment VARCHAR(100) NOT NULL,
	priority INTEGER NOT NULL
);

Schema being rewritten
Delta

old schema
CREATE TABLE IF NOT EXISTS "table" (
	id SERIAL PRIMARY KEY,
	comment VARCHAR(100) NOT NULL,
	priority INTEGER NOT NULL
);

<celerity.transpiler.data_manager.DataManager object at 0x1031cde80>
<bound method DataManager.metadata of <celerity.transpiler.data_manager.DataManager object at 0x1031cde80>>
{'id': '1728575469739.033', 'path_index': {'/Users/josephbender/Desktop/programming/python/pycelerity/test/data/creation/case1/a/input/table.json': ['table']}, 'checksums': {'/Users/josephbender/Desktop/programming/python/pycelerity/test/data/creation/case1/a/input/table.json': 'aacbba7f6659fc3ea4379903ff1e449ce13c25e64dad8e9bc613aa41c75a5edd'}, 'schools': ['table'], 'history': ['./test/data/creation/case1/a/rollback/1728575469739.033'], 'school_index': {'table': ['/Users/josephbender/Desktop/programming/python/pycelerity/test/data/creation/case1/a/input/table.json']}}
Files to be considered for IR
	./test/data/creation/case2/a/input/multiple.json
{'table1': {'!id:int': {}, 'gate:bool': {}, 'effective:int': {}}, 'table2': {'!id:int': {}, 'gate:bool': {}, 'prio:int': {}}}
{'table1': {'!id:int': {}, 'gate:bool': {}, 'effective:int': {}}, 'table2': {'!id:int': {}, 'gate:bool': {}, 'prio:int': {}}}
Dependency Graph
	{}
Sorted deps
	[]
Schema IR
	table1
		!id:int          -- {}              
		gate:bool        -- {}              
		effective:int    -- {}              
	table2
		!id:int          -- {}              
		gate:bool        -- {}              
		prio:int         -- {}              
Path Index
	./test/data/creation/case2/a/input/multiple.json: ['table1', 'table2']
Table attrs for table 'table1'
	Raw Attr: !id:int
	Raw Attr: gate:bool
ATTR SPECIAL

	Raw Attr: effective:int
ATTR SPECIAL

Table attrs for table 'table2'
	Raw Attr: !id:int
	Raw Attr: gate:bool
ATTR SPECIAL

	Raw Attr: prio:int
ATTR SPECIAL

Schema Bytes
CREATE TABLE IF NOT EXISTS "table1" (
	id SERIAL PRIMARY KEY,
	gate BOOLEAN NOT NULL,
	effective INTEGER NOT NULL
);
CREATE TABLE IF NOT EXISTS "table2" (
	id SERIAL PRIMARY KEY,
	gate BOOLEAN NOT NULL,
	prio INTEGER NOT NULL
);

Schema being rewritten
Delta

old schema
CREATE TABLE IF NOT EXISTS "table1" (
	id SERIAL PRIMARY KEY,
	gate BOOLEAN NOT NULL,
	effective INTEGER NOT NULL
);
CREATE TABLE IF NOT EXISTS "table2" (
	id SERIAL PRIMARY KEY,
	gate BOOLEAN NOT NULL,
	prio INTEGER NOT NULL
);

<celerity.transpiler.data_manager.DataManager object at 0x1031ce570>
<bound method DataManager.metadata of <celerity.transpiler.data_manager.DataManager object at 0x1031ce570>>
{'id': '1728575469743.171', 'path_index': {'/Users/josephbender/Desktop/programming/python/pycelerity/test/data/creation/case2/a/input/multiple.json': ['table1', 'table2']}, 'checksums': {'/Users/josephbender/Desktop/programming/python/pycelerity/test/data/creation/case2/a/input/multiple.json': 'ff543c904e2ad60c907b7b9c1bc42a921be0593f54048842a15feb9d8a935d65'}, 'schools': ['table1', 'table2'], 'history': ['./test/data/creation/case2/a/rollback/1728575469743.171'], 'school_index': {'table1': ['/Users/josephbender/Desktop/programming/python/pycelerity/test/data/creation/case2/a/input/multiple.json'], 'table2': ['/Users/josephbender/Desktop/programming/python/pycelerity/test/data/creation/case2/a/input/multiple.json']}}
Files to be considered for IR
	./test/data/creation/case3/a/input/optional.json
{'table1': {'!id:int': {}, 'opt:int?': {}, 'string:str': {'limit': 100}}}
{'table1': {'!id:int': {}, 'opt:int?': {}, 'string:str': {'limit': 100}}}
Dependency Graph
	{}
Sorted deps
	[]
Schema IR
	table1
		!id:int          -- {}              
		opt:int?         -- {}              
		string:str       -- {'limit': 100}  
Path Index
	./test/data/creation/case3/a/input/optional.json: ['table1']      
Table attrs for table 'table1'
	Raw Attr: !id:int
	Raw Attr: opt:int?
ATTR SPECIAL
optional
	Raw Attr: string:str
ATTR SPECIAL

Schema Bytes
CREATE TABLE IF NOT EXISTS "table1" (
	id SERIAL PRIMARY KEY,
	opt INTEGER NULL,
	string VARCHAR(100) NOT NULL
);

Schema being rewritten
Delta

old schema
CREATE TABLE IF NOT EXISTS "table1" (
	id SERIAL PRIMARY KEY,
	opt INTEGER NULL,
	string VARCHAR(100) NOT NULL
);

<celerity.transpiler.data_manager.DataManager object at 0x1031ce840>
<bound method DataManager.metadata of <celerity.transpiler.data_manager.DataManager object at 0x1031ce840>>
{'id': '1728575469747.062', 'path_index': {'/Users/josephbender/Desktop/programming/python/pycelerity/test/data/creation/case3/a/input/optional.json': ['table1']}, 'checksums': {'/Users/josephbender/Desktop/programming/python/pycelerity/test/data/creation/case3/a/input/optional.json': '1ae8f60dd8dc0c63ad4965c58ba44b4ed49d927ed2b859323318283669cb1151'}, 'schools': ['table1'], 'history': ['./test/data/creation/case3/a/rollback/1728575469747.062'], 'school_index': {'table1': ['/Users/josephbender/Desktop/programming/python/pycelerity/test/data/creation/case3/a/input/optional.json']}}
Files to be considered for IR
	./test/data/creation/case4/a/input/something.json
{'table1': {'!id:int': {}, 'opt:int*': {}, 'string:str': {'limit': 100}}}
{'table1': {'!id:int': {}, 'opt:int*': {}, 'string:str': {'limit': 100}}}
Dependency Graph
	{}
Sorted deps
	[]
Schema IR
	table1
		!id:int          -- {}              
		opt:int*         -- {}              
		string:str       -- {'limit': 100}  
Path Index
	./test/data/creation/case4/a/input/something.json: ['table1']      
Table attrs for table 'table1'
	Raw Attr: !id:int
	Raw Attr: opt:int*
ATTR SPECIAL
unique
	Raw Attr: string:str
ATTR SPECIAL

Schema Bytes
CREATE TABLE IF NOT EXISTS "table1" (
	id SERIAL PRIMARY KEY,
	opt INTEGER UNIQUE NOT NULL,
	string VARCHAR(100) NOT NULL
);

Schema being rewritten
Delta

old schema
CREATE TABLE IF NOT EXISTS "table1" (
	id SERIAL PRIMARY KEY,
	opt INTEGER UNIQUE NOT NULL,
	string VARCHAR(100) NOT NULL
);

<celerity.transpiler.data_manager.DataManager object at 0x1031ceff0>
<bound method DataManager.metadata of <celerity.transpiler.data_manager.DataManager object at 0x1031ceff0>>
{'id': '1728575469752.273', 'path_index': {'/Users/josephbender/Desktop/programming/python/pycelerity/test/data/creation/case4/a/input/something.json': ['table1']}, 'checksums': {'/Users/josephbender/Desktop/programming/python/pycelerity/test/data/creation/case4/a/input/something.json': '818865fa9d3df9f9706573a42b183325bd30fe5897f87b6ba25da16e8df85dff'}, 'schools': ['table1'], 'history': ['./test/data/creation/case4/a/rollback/1728575469752.273'], 'school_index': {'table1': ['/Users/josephbender/Desktop/programming/python/pycelerity/test/data/creation/case4/a/input/something.json']}}
Files to be considered for IR
	./test/data/creation/case5/a/input/something.json
{'table1': {'!id:int': {}, 'opt:int+': {}, 'string:str': {'limit': 100}}}
{'table1': {'!id:int': {}, 'opt:int+': {}, 'string:str': {'limit': 100}}}
Dependency Graph
	{}
Sorted deps
	[]
Schema IR
	table1
		!id:int          -- {}              
		opt:int+         -- {}              
		string:str       -- {'limit': 100}  
Path Index
	./test/data/creation/case5/a/input/something.json: ['table1']      
Table attrs for table 'table1'
	Raw Attr: !id:int
	Raw Attr: opt:int+
ATTR SPECIAL
reqopt
	Raw Attr: string:str
ATTR SPECIAL

Schema Bytes
CREATE TABLE IF NOT EXISTS "table1" (
	id SERIAL PRIMARY KEY,
	opt INTEGER UNIQUE NULL,
	string VARCHAR(100) NOT NULL
);

Schema being rewritten
Delta

old schema
CREATE TABLE IF NOT EXISTS "table1" (
	id SERIAL PRIMARY KEY,
	opt INTEGER UNIQUE NULL,
	string VARCHAR(100) NOT NULL
);

<celerity.transpiler.data_manager.DataManager object at 0x1031ce240>
<bound method DataManager.metadata of <celerity.transpiler.data_manager.DataManager object at 0x1031ce240>>
{'id': '1728575469756.3462', 'path_index': {'/Users/josephbender/Desktop/programming/python/pycelerity/test/data/creation/case5/a/input/something.json': ['table1']}, 'checksums': {'/Users/josephbender/Desktop/programming/python/pycelerity/test/data/creation/case5/a/input/something.json': '1729065ae144d74d0ff9fd6857f5cfe92cc245e6f5032a6d76483b6a5e67adbb'}, 'schools': ['table1'], 'history': ['./test/data/creation/case5/a/rollback/1728575469756.3462'], 'school_index': {'table1': ['/Users/josephbender/Desktop/programming/python/pycelerity/test/data/creation/case5/a/input/something.json']}}
Files to be considered for IR
	./test/data/creation/case6/a/input/input.json
{'table1': {'!id:int=alias1': {}, 'name:str=alias2': {'limit': 100}, 'something:int=alias3': {}}}
{'table1': {'!id:int=alias1': {}, 'name:str=alias2': {'limit': 100}, 'something:int=alias3': {}}}
Dependency Graph
	{}
Sorted deps
	[]
Schema IR
	table1
		!id:int=alias1   -- {}              
		name:str=alias2  -- {'limit': 100}  
		something:int=alias3 -- {}              
Path Index
	./test/data/creation/case6/a/input/input.json: ['table1']      
Table attrs for table 'table1'
	Raw Attr: !id:int=alias1
	Raw Attr: name:str=alias2
ATTR SPECIAL
alias
	Raw Attr: something:int=alias3
ATTR SPECIAL
alias
Schema Bytes
CREATE TABLE IF NOT EXISTS "table1" (
	alias1 SERIAL PRIMARY KEY,
	alias2 VARCHAR(100) NOT NULL,
	alias3 INTEGER NOT NULL
);

Schema being rewritten
Delta

old schema
CREATE TABLE IF NOT EXISTS "table1" (
	alias1 SERIAL PRIMARY KEY,
	alias2 VARCHAR(100) NOT NULL,
	alias3 INTEGER NOT NULL
);

<celerity.transpiler.data_manager.DataManager object at 0x10318ede0>
<bound method DataManager.metadata of <celerity.transpiler.data_manager.DataManager object at 0x10318ede0>>
{'id': '1728575469760.201', 'path_index': {'/Users/josephbender/Desktop/programming/python/pycelerity/test/data/creation/case6/a/input/input.json': ['table1']}, 'checksums': {'/Users/josephbender/Desktop/programming/python/pycelerity/test/data/creation/case6/a/input/input.json': 'd8caa444de6ad3c032a67da233075d4b22e4f1e20d18577db6f00407001a513a'}, 'schools': ['table1'], 'history': ['./test/data/creation/case6/a/rollback/1728575469760.201'], 'school_index': {'table1': ['/Users/josephbender/Desktop/programming/python/pycelerity/test/data/creation/case6/a/input/input.json']}}
Files to be considered for IR
	./test/data/creation/case7/a/input/user.json
{'user': {'!id:int': {}, 'fname:str': {'limit': 50}, 'lname:str': {'limit': 50}, 'email:str': {'limit': 100}, 'gender:bool': {}, 'bio:str': {'limit': 500}}, 'post': {'!id:int': {}, 'content:str': {'limit': 300}, '@user->id:int=user_id': {}}}
{'user': {'!id:int': {}, 'fname:str': {'limit': 50}, 'lname:str': {'limit': 50}, 'email:str': {'limit': 100}, 'gender:bool': {}, 'bio:str': {'limit': 500}}, 'post': {'!id:int': {}, 'content:str': {'limit': 300}, '@user->id:int=user_id': {}}}
Dependency Graph
	{'post': 'user'}
Sorted deps
	['user', 'post']
Schema IR
	user
		!id:int          -- {}              
		fname:str        -- {'limit': 50}   
		lname:str        -- {'limit': 50}   
		email:str        -- {'limit': 100}  
		gender:bool      -- {}              
		bio:str          -- {'limit': 500}  
	post
		!id:int          -- {}              
		content:str      -- {'limit': 300}  
		@user->id:int=user_id -- {}              
Path Index
	./test/data/creation/case7/a/input/user.json: ['user', 'post']
Table attrs for table 'user'
	Raw Attr: !id:int
	Raw Attr: fname:str
ATTR SPECIAL

	Raw Attr: lname:str
ATTR SPECIAL

	Raw Attr: email:str
ATTR SPECIAL

	Raw Attr: gender:bool
ATTR SPECIAL

	Raw Attr: bio:str
ATTR SPECIAL

Table attrs for table 'post'
	Raw Attr: !id:int
	Raw Attr: content:str
ATTR SPECIAL

	Raw Attr: @user->id:int=user_id
ATTR SPECIAL
alias
Schema Bytes
CREATE TABLE IF NOT EXISTS "user" (
	id SERIAL PRIMARY KEY,
	fname VARCHAR(50) NOT NULL,
	lname VARCHAR(50) NOT NULL,
	email VARCHAR(100) NOT NULL,
	gender BOOLEAN NOT NULL,
	bio VARCHAR(500) NOT NULL
);
CREATE TABLE IF NOT EXISTS "post" (
	id SERIAL PRIMARY KEY,
	content VARCHAR(300) NOT NULL,
	user_id INTEGER NOT NULL,
	FOREIGN KEY (user_id) REFERENCES "user"(id) ON DELETE CASCADE
);

Schema being rewritten
Delta

old schema
CREATE TABLE IF NOT EXISTS "user" (
	id SERIAL PRIMARY KEY,
	fname VARCHAR(50) NOT NULL,
	lname VARCHAR(50) NOT NULL,
	email VARCHAR(100) NOT NULL,
	gender BOOLEAN NOT NULL,
	bio VARCHAR(500) NOT NULL
);
CREATE TABLE IF NOT EXISTS "post" (
	id SERIAL PRIMARY KEY,
	content VARCHAR(300) NOT NULL,
	user_id INTEGER NOT NULL,
	FOREIGN KEY (user_id) REFERENCES "user"(id) ON DELETE CASCADE
);

<celerity.transpiler.data_manager.DataManager object at 0x10318da30>
<bound method DataManager.metadata of <celerity.transpiler.data_manager.DataManager object at 0x10318da30>>
{'id': '1728575469764.8489', 'path_index': {'/Users/josephbender/Desktop/programming/python/pycelerity/test/data/creation/case7/a/input/user.json': ['user', 'post']}, 'checksums': {'/Users/josephbender/Desktop/programming/python/pycelerity/test/data/creation/case7/a/input/user.json': '78deee19834e4f943eb2fabb1319a4fc85e00d28ad5415dc6eceae2e3ccc1dab'}, 'schools': ['user', 'post'], 'history': ['./test/data/creation/case7/a/rollback/1728575469764.8489'], 'school_index': {'user': ['/Users/josephbender/Desktop/programming/python/pycelerity/test/data/creation/case7/a/input/user.json'], 'post': ['/Users/josephbender/Desktop/programming/python/pycelerity/test/data/creation/case7/a/input/user.json']}}
Files to be considered for IR
	./test/data/creation/case8/a/input/polymorphic.json
{'user': {'!id:int': {}, 'gender:bool': {}}, 'employee': {'!id:int': {}, '#employable': {}}}
{'user': {'!id:int': {}, 'gender:bool': {}}, 'employee': {'!id:int': {}, '#employable': {}}}
Dependency Graph
	{}
Sorted deps
	[]
Schema IR
	employee
		!id:int          -- {}              
		#employable      -- {}              
	user
		!id:int          -- {}              
		gender:bool      -- {}              
Path Index
	./test/data/creation/case8/a/input/polymorphic.json: ['user', 'employee']
Table attrs for table 'employee'
	Raw Attr: !id:int
	Raw Attr: #employable
Table attrs for table 'user'
	Raw Attr: !id:int
	Raw Attr: gender:bool
ATTR SPECIAL

Schema Bytes
CREATE TABLE IF NOT EXISTS "employee" (
	id SERIAL PRIMARY KEY,
	employable_type VARCHAR(50) NOT NULL,
	employable_id INTEGER NOT NULL,
	UNIQUE (employable_id, employable_type)
);
CREATE TABLE IF NOT EXISTS "user" (
	id SERIAL PRIMARY KEY,
	gender BOOLEAN NOT NULL
);

Schema being rewritten
Delta

old schema
CREATE TABLE IF NOT EXISTS "employee" (
	id SERIAL PRIMARY KEY,
	employable_type VARCHAR(50) NOT NULL,
	employable_id INTEGER NOT NULL,
	UNIQUE (employable_id, employable_type)
);
CREATE TABLE IF NOT EXISTS "user" (
	id SERIAL PRIMARY KEY,
	gender BOOLEAN NOT NULL
);

<celerity.transpiler.data_manager.DataManager object at 0x103213fb0>
<bound method DataManager.metadata of <celerity.transpiler.data_manager.DataManager object at 0x103213fb0>>
{'id': '1728575469770.3738', 'path_index': {'/Users/josephbender/Desktop/programming/python/pycelerity/test/data/creation/case8/a/input/polymorphic.json': ['user', 'employee']}, 'checksums': {'/Users/josephbender/Desktop/programming/python/pycelerity/test/data/creation/case8/a/input/polymorphic.json': 'cc0a47c9e5ba5e7a5453d1443444443a8433881994d0f18c4b5edce06ae97fa8'}, 'schools': ['employee', 'user'], 'history': ['./test/data/creation/case8/a/rollback/1728575469770.3738'], 'school_index': {'user': ['/Users/josephbender/Desktop/programming/python/pycelerity/test/data/creation/case8/a/input/polymorphic.json'], 'employee': ['/Users/josephbender/Desktop/programming/python/pycelerity/test/data/creation/case8/a/input/polymorphic.json']}}
Files to be considered for IR
	./test/data/creation/case9/a/input/file2.json
{'table2': {'!id:int': {}, 'eureka:int': {}}}
	./test/data/creation/case9/a/input/file1.json
{'table1': {'!id:int': {}, 'name:str': {'limit': 100}, 'cool:bool': {}}}
{'table2': {'!id:int': {}, 'eureka:int': {}}, 'table1': {'!id:int': {}, 'name:str': {'limit': 100}, 'cool:bool': {}}}
Dependency Graph
	{}
Sorted deps
	[]
Schema IR
	table1
		!id:int          -- {}              
		name:str         -- {'limit': 100}  
		cool:bool        -- {}              
	table2
		!id:int          -- {}              
		eureka:int       -- {}              
Path Index
	./test/data/creation/case9/a/input/file2.json: ['table2']      
	./test/data/creation/case9/a/input/file1.json: ['table1']      
Table attrs for table 'table1'
	Raw Attr: !id:int
	Raw Attr: name:str
ATTR SPECIAL

	Raw Attr: cool:bool
ATTR SPECIAL

Table attrs for table 'table2'
	Raw Attr: !id:int
	Raw Attr: eureka:int
ATTR SPECIAL

Schema Bytes
CREATE TABLE IF NOT EXISTS "table1" (
	id SERIAL PRIMARY KEY,
	name VARCHAR(100) NOT NULL,
	cool BOOLEAN NOT NULL
);
CREATE TABLE IF NOT EXISTS "table2" (
	id SERIAL PRIMARY KEY,
	eureka INTEGER NOT NULL
);

Schema being rewritten
Delta

old schema
CREATE TABLE IF NOT EXISTS "table1" (
	id SERIAL PRIMARY KEY,
	name VARCHAR(100) NOT NULL,
	cool BOOLEAN NOT NULL
);
CREATE TABLE IF NOT EXISTS "table2" (
	id SERIAL PRIMARY KEY,
	eureka INTEGER NOT NULL
);

<celerity.transpiler.data_manager.DataManager object at 0x103213ef0>
<bound method DataManager.metadata of <celerity.transpiler.data_manager.DataManager object at 0x103213ef0>>
{'id': '1728575469774.24', 'path_index': {'/Users/josephbender/Desktop/programming/python/pycelerity/test/data/creation/case9/a/input/file2.json': ['table2'], '/Users/josephbender/Desktop/programming/python/pycelerity/test/data/creation/case9/a/input/file1.json': ['table1']}, 'checksums': {'/Users/josephbender/Desktop/programming/python/pycelerity/test/data/creation/case9/a/input/file2.json': '40e7ed1e4dee546830a34fa85965342f40193b3c36ab8426dcda1bf99b22c540', '/Users/josephbender/Desktop/programming/python/pycelerity/test/data/creation/case9/a/input/file1.json': '0a6b3eac26f5533f6bdaf4654dd7f085607ac42ed034cc7e16addcd0bd0bd1a8'}, 'schools': ['table1', 'table2'], 'history': ['./test/data/creation/case9/a/rollback/1728575469774.24'], 'school_index': {'table2': ['/Users/josephbender/Desktop/programming/python/pycelerity/test/data/creation/case9/a/input/file2.json'], 'table1': ['/Users/josephbender/Desktop/programming/python/pycelerity/test/data/creation/case9/a/input/file1.json']}}
Files to be considered for IR
	./test/data/creation/case10/a/input/validations.json
{'validations': {'!id:int': {}, 'name:str*': {'limit': 100, 'default': 'hello'}, 'name2:int*': {'default': 10}, 'email:str': {'limit': 500, 'regex': 'email'}, 'nullable:bool?': {}}}
{'validations': {'!id:int': {}, 'name:str*': {'limit': 100, 'default': 'hello'}, 'name2:int*': {'default': 10}, 'email:str': {'limit': 500, 'regex': 'email'}, 'nullable:bool?': {}}}
Dependency Graph
	{}
Sorted deps
	[]
Schema IR
	validations
		!id:int          -- {}              
		name:str*        -- {'limit': 100, 'default': 'hello'}
		name2:int*       -- {'default': 10} 
		email:str        -- {'limit': 500, 'regex': 'email'}
		nullable:bool?   -- {}              
Path Index
	./test/data/creation/case10/a/input/validations.json: ['validations'] 
Table attrs for table 'validations'
	Raw Attr: !id:int
	Raw Attr: name:str*
ATTR SPECIAL
unique
	Raw Attr: name2:int*
ATTR SPECIAL
unique
	Raw Attr: email:str
ATTR SPECIAL

	Raw Attr: nullable:bool?
ATTR SPECIAL
optional
Schema Bytes
CREATE TABLE IF NOT EXISTS "validations" (
	id SERIAL PRIMARY KEY,
	name VARCHAR(100) UNIQUE NOT NULL,
	name2 INTEGER UNIQUE NOT NULL,
	email VARCHAR(500) NOT NULL CHECK (email ~* '^[a-zA-Z0-9._%+-]+@[a-zA-Z0-9.-]+\.[a-zA-Z]{2,}$'),
	nullable BOOLEAN NULL
);

Schema being rewritten
Delta

old schema
CREATE TABLE IF NOT EXISTS "validations" (
	id SERIAL PRIMARY KEY,
	name VARCHAR(100) UNIQUE NOT NULL,
	name2 INTEGER UNIQUE NOT NULL,
	email VARCHAR(500) NOT NULL CHECK (email ~* '^[a-zA-Z0-9._%+-]+@[a-zA-Z0-9.-]+\.[a-zA-Z]{2,}$'),
	nullable BOOLEAN NULL
);

<celerity.transpiler.data_manager.DataManager object at 0x103213c50>
<bound method DataManager.metadata of <celerity.transpiler.data_manager.DataManager object at 0x103213c50>>
{'id': '1728575469779.022', 'path_index': {'/Users/josephbender/Desktop/programming/python/pycelerity/test/data/creation/case10/a/input/validations.json': ['validations']}, 'checksums': {'/Users/josephbender/Desktop/programming/python/pycelerity/test/data/creation/case10/a/input/validations.json': '030b34140561e6eef8b672a978a5933afed96adc656c8c7fbccfa808930dd404'}, 'schools': ['validations'], 'history': ['./test/data/creation/case10/a/rollback/1728575469779.022'], 'school_index': {'validations': ['/Users/josephbender/Desktop/programming/python/pycelerity/test/data/creation/case10/a/input/validations.json']}}
