Files to be considered for IR
	./test/data/creation/case1/a/input/table.json
{'table': {'!id:int': {}, 'comment:str': {'limit': 100}, 'priority:int': {}}}
{'table': {'!id:int': {}, 'comment:str': {'limit': 100}, 'priority:int': {}}}
Dependency Graph
	{}
Sorted deps
	[]
School fishs for school 'table'
	Raw Fish: !id:int
		Fish Info
		==================================================
		Fish Name              : id
		Fish Type              : int
		Fish School Constraint : pk
		Fish Reference         : 
		Fish Special           : 
		Fish Alias             : 
	Raw Fish: comment:str
		Fish Info
		==================================================
		Fish Name              : comment
		Fish Type              : str
		Fish School Constraint : None
		Fish Reference         : 
		Fish Special           : 
		Fish Alias             : 
	Raw Fish: priority:int
		Fish Info
		==================================================
		Fish Name              : priority
		Fish Type              : int
		Fish School Constraint : None
		Fish Reference         : 
		Fish Special           : 
		Fish Alias             : 
Schema IR
	table
		!id:int          -- {}              
		comment:str      -- {'limit': 100}  
		priority:int     -- {}              
Path Index
	./test/data/creation/case1/a/input/table.json: ['table']       
ATTR SPECIAL

ATTR SPECIAL

{'pk': <celerity.transpiler.school_constraint.SchoolConstraint object at 0x1056a8f20>}
LETS GO ===============================

CREATE TABLE IF NOT EXISTS "table" (
	comment VARCHAR(100) NOT NULL,
	priority INTEGER NOT NULL,
	id SERIAL PRIMARY KEY
);

Schema Bytes
CREATE TABLE IF NOT EXISTS "table" (
	comment VARCHAR(100) NOT NULL,
	priority INTEGER NOT NULL,
	id SERIAL PRIMARY KEY
);

Schema being rewritten
Delta

old schema
CREATE TABLE IF NOT EXISTS "table" (
	comment VARCHAR(100) NOT NULL,
	priority INTEGER NOT NULL,
	id SERIAL PRIMARY KEY
);

<celerity.transpiler.ocean.Ocean object at 0x1056a99a0>
<bound method Ocean.metadata of <celerity.transpiler.ocean.Ocean object at 0x1056a99a0>>
{'id': '1728607805459.2168', 'path_index': {'/Users/josephbender/Desktop/programming/python/pycelerity/test/data/creation/case1/a/input/table.json': ['table']}, 'checksums': {'/Users/josephbender/Desktop/programming/python/pycelerity/test/data/creation/case1/a/input/table.json': 'aacbba7f6659fc3ea4379903ff1e449ce13c25e64dad8e9bc613aa41c75a5edd'}, 'schools': ['table'], 'history': ['./test/data/creation/case1/a/rollback/1728607805459.2168'], 'school_index': {'table': ['/Users/josephbender/Desktop/programming/python/pycelerity/test/data/creation/case1/a/input/table.json']}}
Files to be considered for IR
	./test/data/creation/case2/a/input/multiple.json
{'table1': {'!id:int': {}, 'gate:bool': {}, 'effective:int': {}}, 'table2': {'!id:int': {}, 'gate:bool': {}, 'prio:int': {}}}
{'table1': {'!id:int': {}, 'gate:bool': {}, 'effective:int': {}}, 'table2': {'!id:int': {}, 'gate:bool': {}, 'prio:int': {}}}
Dependency Graph
	{}
Sorted deps
	[]
School fishs for school 'table1'
	Raw Fish: !id:int
		Fish Info
		==================================================
		Fish Name              : id
		Fish Type              : int
		Fish School Constraint : pk
		Fish Reference         : 
		Fish Special           : 
		Fish Alias             : 
	Raw Fish: gate:bool
		Fish Info
		==================================================
		Fish Name              : gate
		Fish Type              : bool
		Fish School Constraint : None
		Fish Reference         : 
		Fish Special           : 
		Fish Alias             : 
	Raw Fish: effective:int
		Fish Info
		==================================================
		Fish Name              : effective
		Fish Type              : int
		Fish School Constraint : None
		Fish Reference         : 
		Fish Special           : 
		Fish Alias             : 
School fishs for school 'table2'
	Raw Fish: !id:int
		Fish Info
		==================================================
		Fish Name              : id
		Fish Type              : int
		Fish School Constraint : pk
		Fish Reference         : 
		Fish Special           : 
		Fish Alias             : 
	Raw Fish: gate:bool
		Fish Info
		==================================================
		Fish Name              : gate
		Fish Type              : bool
		Fish School Constraint : None
		Fish Reference         : 
		Fish Special           : 
		Fish Alias             : 
	Raw Fish: prio:int
		Fish Info
		==================================================
		Fish Name              : prio
		Fish Type              : int
		Fish School Constraint : None
		Fish Reference         : 
		Fish Special           : 
		Fish Alias             : 
Schema IR
	table1
		!id:int          -- {}              
		gate:bool        -- {}              
		effective:int    -- {}              
	table2
		!id:int          -- {}              
		gate:bool        -- {}              
		prio:int         -- {}              
Path Index
	./test/data/creation/case2/a/input/multiple.json: ['table1', 'table2']
ATTR SPECIAL

ATTR SPECIAL

{'pk': <celerity.transpiler.school_constraint.SchoolConstraint object at 0x1056a95b0>}
ATTR SPECIAL

ATTR SPECIAL

{'pk': <celerity.transpiler.school_constraint.SchoolConstraint object at 0x105612540>}
LETS GO ===============================

CREATE TABLE IF NOT EXISTS "table1" (
	gate BOOLEAN NOT NULL,
	effective INTEGER NOT NULL,
	id SERIAL PRIMARY KEY
);
CREATE TABLE IF NOT EXISTS "table2" (
	gate BOOLEAN NOT NULL,
	prio INTEGER NOT NULL,
	id SERIAL PRIMARY KEY
);

Schema Bytes
CREATE TABLE IF NOT EXISTS "table1" (
	gate BOOLEAN NOT NULL,
	effective INTEGER NOT NULL,
	id SERIAL PRIMARY KEY
);
CREATE TABLE IF NOT EXISTS "table2" (
	gate BOOLEAN NOT NULL,
	prio INTEGER NOT NULL,
	id SERIAL PRIMARY KEY
);

Schema being rewritten
Delta

old schema
CREATE TABLE IF NOT EXISTS "table1" (
	gate BOOLEAN NOT NULL,
	effective INTEGER NOT NULL,
	id SERIAL PRIMARY KEY
);
CREATE TABLE IF NOT EXISTS "table2" (
	gate BOOLEAN NOT NULL,
	prio INTEGER NOT NULL,
	id SERIAL PRIMARY KEY
);

<celerity.transpiler.ocean.Ocean object at 0x1056a9f70>
<bound method Ocean.metadata of <celerity.transpiler.ocean.Ocean object at 0x1056a9f70>>
{'id': '1728607805466.6738', 'path_index': {'/Users/josephbender/Desktop/programming/python/pycelerity/test/data/creation/case2/a/input/multiple.json': ['table1', 'table2']}, 'checksums': {'/Users/josephbender/Desktop/programming/python/pycelerity/test/data/creation/case2/a/input/multiple.json': 'ff543c904e2ad60c907b7b9c1bc42a921be0593f54048842a15feb9d8a935d65'}, 'schools': ['table1', 'table2'], 'history': ['./test/data/creation/case2/a/rollback/1728607805466.6738'], 'school_index': {'table1': ['/Users/josephbender/Desktop/programming/python/pycelerity/test/data/creation/case2/a/input/multiple.json'], 'table2': ['/Users/josephbender/Desktop/programming/python/pycelerity/test/data/creation/case2/a/input/multiple.json']}}
Files to be considered for IR
	./test/data/creation/case3/a/input/optional.json
{'table1': {'!id:int': {}, 'opt:int?': {}, 'string:str': {'limit': 100}}}
{'table1': {'!id:int': {}, 'opt:int?': {}, 'string:str': {'limit': 100}}}
Dependency Graph
	{}
Sorted deps
	[]
School fishs for school 'table1'
	Raw Fish: !id:int
		Fish Info
		==================================================
		Fish Name              : id
		Fish Type              : int
		Fish School Constraint : pk
		Fish Reference         : 
		Fish Special           : 
		Fish Alias             : 
	Raw Fish: opt:int?
		Fish Info
		==================================================
		Fish Name              : opt
		Fish Type              : int
		Fish School Constraint : None
		Fish Reference         : 
		Fish Special           : optional
		Fish Alias             : 
	Raw Fish: string:str
		Fish Info
		==================================================
		Fish Name              : string
		Fish Type              : str
		Fish School Constraint : None
		Fish Reference         : 
		Fish Special           : 
		Fish Alias             : 
Schema IR
	table1
		!id:int          -- {}              
		opt:int?         -- {}              
		string:str       -- {'limit': 100}  
Path Index
	./test/data/creation/case3/a/input/optional.json: ['table1']      
ATTR SPECIAL
optional
ATTR SPECIAL

{'pk': <celerity.transpiler.school_constraint.SchoolConstraint object at 0x1056a9a00>}
LETS GO ===============================

CREATE TABLE IF NOT EXISTS "table1" (
	opt INTEGER NULL,
	string VARCHAR(100) NOT NULL,
	id SERIAL PRIMARY KEY
);

Schema Bytes
CREATE TABLE IF NOT EXISTS "table1" (
	opt INTEGER NULL,
	string VARCHAR(100) NOT NULL,
	id SERIAL PRIMARY KEY
);

Schema being rewritten
Delta

old schema
CREATE TABLE IF NOT EXISTS "table1" (
	opt INTEGER NULL,
	string VARCHAR(100) NOT NULL,
	id SERIAL PRIMARY KEY
);

<celerity.transpiler.ocean.Ocean object at 0x1056aaae0>
<bound method Ocean.metadata of <celerity.transpiler.ocean.Ocean object at 0x1056aaae0>>
{'id': '1728607805474.651', 'path_index': {'/Users/josephbender/Desktop/programming/python/pycelerity/test/data/creation/case3/a/input/optional.json': ['table1']}, 'checksums': {'/Users/josephbender/Desktop/programming/python/pycelerity/test/data/creation/case3/a/input/optional.json': '1ae8f60dd8dc0c63ad4965c58ba44b4ed49d927ed2b859323318283669cb1151'}, 'schools': ['table1'], 'history': ['./test/data/creation/case3/a/rollback/1728607805474.651'], 'school_index': {'table1': ['/Users/josephbender/Desktop/programming/python/pycelerity/test/data/creation/case3/a/input/optional.json']}}
Files to be considered for IR
	./test/data/creation/case4/a/input/something.json
{'table1': {'!id:int': {}, 'opt:int*': {}, 'string:str': {'limit': 100}}}
{'table1': {'!id:int': {}, 'opt:int*': {}, 'string:str': {'limit': 100}}}
Dependency Graph
	{}
Sorted deps
	[]
School fishs for school 'table1'
	Raw Fish: !id:int
		Fish Info
		==================================================
		Fish Name              : id
		Fish Type              : int
		Fish School Constraint : pk
		Fish Reference         : 
		Fish Special           : 
		Fish Alias             : 
	Raw Fish: opt:int*
		Fish Info
		==================================================
		Fish Name              : opt
		Fish Type              : int
		Fish School Constraint : None
		Fish Reference         : 
		Fish Special           : unique
		Fish Alias             : 
	Raw Fish: string:str
		Fish Info
		==================================================
		Fish Name              : string
		Fish Type              : str
		Fish School Constraint : None
		Fish Reference         : 
		Fish Special           : 
		Fish Alias             : 
Schema IR
	table1
		!id:int          -- {}              
		opt:int*         -- {}              
		string:str       -- {'limit': 100}  
Path Index
	./test/data/creation/case4/a/input/something.json: ['table1']      
ATTR SPECIAL
unique
ATTR SPECIAL

{'pk': <celerity.transpiler.school_constraint.SchoolConstraint object at 0x1056a9340>}
LETS GO ===============================

CREATE TABLE IF NOT EXISTS "table1" (
	opt INTEGER UNIQUE NOT NULL,
	string VARCHAR(100) NOT NULL,
	id SERIAL PRIMARY KEY
);

Schema Bytes
CREATE TABLE IF NOT EXISTS "table1" (
	opt INTEGER UNIQUE NOT NULL,
	string VARCHAR(100) NOT NULL,
	id SERIAL PRIMARY KEY
);

Schema being rewritten
Delta

old schema
CREATE TABLE IF NOT EXISTS "table1" (
	opt INTEGER UNIQUE NOT NULL,
	string VARCHAR(100) NOT NULL,
	id SERIAL PRIMARY KEY
);

<celerity.transpiler.ocean.Ocean object at 0x1056aade0>
<bound method Ocean.metadata of <celerity.transpiler.ocean.Ocean object at 0x1056aade0>>
{'id': '1728607805479.7', 'path_index': {'/Users/josephbender/Desktop/programming/python/pycelerity/test/data/creation/case4/a/input/something.json': ['table1']}, 'checksums': {'/Users/josephbender/Desktop/programming/python/pycelerity/test/data/creation/case4/a/input/something.json': '818865fa9d3df9f9706573a42b183325bd30fe5897f87b6ba25da16e8df85dff'}, 'schools': ['table1'], 'history': ['./test/data/creation/case4/a/rollback/1728607805479.7'], 'school_index': {'table1': ['/Users/josephbender/Desktop/programming/python/pycelerity/test/data/creation/case4/a/input/something.json']}}
Files to be considered for IR
	./test/data/creation/case5/a/input/something.json
{'table1': {'!id:int': {}, 'opt:int+': {}, 'string:str': {'limit': 100}}}
{'table1': {'!id:int': {}, 'opt:int+': {}, 'string:str': {'limit': 100}}}
Dependency Graph
	{}
Sorted deps
	[]
School fishs for school 'table1'
	Raw Fish: !id:int
		Fish Info
		==================================================
		Fish Name              : id
		Fish Type              : int
		Fish School Constraint : pk
		Fish Reference         : 
		Fish Special           : 
		Fish Alias             : 
	Raw Fish: opt:int+
		Fish Info
		==================================================
		Fish Name              : opt
		Fish Type              : int
		Fish School Constraint : None
		Fish Reference         : 
		Fish Special           : reqopt
		Fish Alias             : 
	Raw Fish: string:str
		Fish Info
		==================================================
		Fish Name              : string
		Fish Type              : str
		Fish School Constraint : None
		Fish Reference         : 
		Fish Special           : 
		Fish Alias             : 
Schema IR
	table1
		!id:int          -- {}              
		opt:int+         -- {}              
		string:str       -- {'limit': 100}  
Path Index
	./test/data/creation/case5/a/input/something.json: ['table1']      
ATTR SPECIAL
reqopt
ATTR SPECIAL

{'pk': <celerity.transpiler.school_constraint.SchoolConstraint object at 0x10575d640>}
LETS GO ===============================

CREATE TABLE IF NOT EXISTS "table1" (
	opt INTEGER UNIQUE NULL,
	string VARCHAR(100) NOT NULL,
	id SERIAL PRIMARY KEY
);

Schema Bytes
CREATE TABLE IF NOT EXISTS "table1" (
	opt INTEGER UNIQUE NULL,
	string VARCHAR(100) NOT NULL,
	id SERIAL PRIMARY KEY
);

Schema being rewritten
Delta

old schema
CREATE TABLE IF NOT EXISTS "table1" (
	opt INTEGER UNIQUE NULL,
	string VARCHAR(100) NOT NULL,
	id SERIAL PRIMARY KEY
);

<celerity.transpiler.ocean.Ocean object at 0x1056a91f0>
<bound method Ocean.metadata of <celerity.transpiler.ocean.Ocean object at 0x1056a91f0>>
{'id': '1728607805485.915', 'path_index': {'/Users/josephbender/Desktop/programming/python/pycelerity/test/data/creation/case5/a/input/something.json': ['table1']}, 'checksums': {'/Users/josephbender/Desktop/programming/python/pycelerity/test/data/creation/case5/a/input/something.json': '1729065ae144d74d0ff9fd6857f5cfe92cc245e6f5032a6d76483b6a5e67adbb'}, 'schools': ['table1'], 'history': ['./test/data/creation/case5/a/rollback/1728607805485.915'], 'school_index': {'table1': ['/Users/josephbender/Desktop/programming/python/pycelerity/test/data/creation/case5/a/input/something.json']}}
Files to be considered for IR
	./test/data/creation/case6/a/input/input.json
{'table1': {'!id:int=alias1': {}, 'name:str=alias2': {'limit': 100}, 'something:int=alias3': {}}}
{'table1': {'!id:int=alias1': {}, 'name:str=alias2': {'limit': 100}, 'something:int=alias3': {}}}
Dependency Graph
	{}
Sorted deps
	[]
School fishs for school 'table1'
	Raw Fish: !id:int=alias1
		Fish Info
		==================================================
		Fish Name              : id
		Fish Type              : int
		Fish School Constraint : pk
		Fish Reference         : 
		Fish Special           : alias
		Fish Alias             : alias1
	Raw Fish: name:str=alias2
		Fish Info
		==================================================
		Fish Name              : name
		Fish Type              : str
		Fish School Constraint : None
		Fish Reference         : 
		Fish Special           : alias
		Fish Alias             : alias2
	Raw Fish: something:int=alias3
		Fish Info
		==================================================
		Fish Name              : something
		Fish Type              : int
		Fish School Constraint : None
		Fish Reference         : 
		Fish Special           : alias
		Fish Alias             : alias3
Schema IR
	table1
		!id:int=alias1   -- {}              
		name:str=alias2  -- {'limit': 100}  
		something:int=alias3 -- {}              
Path Index
	./test/data/creation/case6/a/input/input.json: ['table1']      
ATTR SPECIAL
alias
ATTR SPECIAL
alias
{'pk': <celerity.transpiler.school_constraint.SchoolConstraint object at 0x10572f1d0>}
LETS GO ===============================

CREATE TABLE IF NOT EXISTS "table1" (
	alias2 VARCHAR(100) NOT NULL,
	alias3 INTEGER NOT NULL,
	alias1 SERIAL PRIMARY KEY
);

Schema Bytes
CREATE TABLE IF NOT EXISTS "table1" (
	alias2 VARCHAR(100) NOT NULL,
	alias3 INTEGER NOT NULL,
	alias1 SERIAL PRIMARY KEY
);

Schema being rewritten
Delta

old schema
CREATE TABLE IF NOT EXISTS "table1" (
	alias2 VARCHAR(100) NOT NULL,
	alias3 INTEGER NOT NULL,
	alias1 SERIAL PRIMARY KEY
);

<celerity.transpiler.ocean.Ocean object at 0x10572ef60>
<bound method Ocean.metadata of <celerity.transpiler.ocean.Ocean object at 0x10572ef60>>
{'id': '1728607805492.883', 'path_index': {'/Users/josephbender/Desktop/programming/python/pycelerity/test/data/creation/case6/a/input/input.json': ['table1']}, 'checksums': {'/Users/josephbender/Desktop/programming/python/pycelerity/test/data/creation/case6/a/input/input.json': 'd8caa444de6ad3c032a67da233075d4b22e4f1e20d18577db6f00407001a513a'}, 'schools': ['table1'], 'history': ['./test/data/creation/case6/a/rollback/1728607805492.883'], 'school_index': {'table1': ['/Users/josephbender/Desktop/programming/python/pycelerity/test/data/creation/case6/a/input/input.json']}}
Files to be considered for IR
	./test/data/creation/case7/a/input/user.json
{'user': {'!id:int': {}, 'fname:str': {'limit': 50}, 'lname:str': {'limit': 50}, 'email:str': {'limit': 100}, 'gender:bool': {}, 'bio:str': {'limit': 500}}, 'post': {'!id:int': {}, 'content:str': {'limit': 300}, '@user->id:int=user_id': {}}}
{'user': {'!id:int': {}, 'fname:str': {'limit': 50}, 'lname:str': {'limit': 50}, 'email:str': {'limit': 100}, 'gender:bool': {}, 'bio:str': {'limit': 500}}, 'post': {'!id:int': {}, 'content:str': {'limit': 300}, '@user->id:int=user_id': {}}}
Dependency Graph
	{'post': 'user'}
Sorted deps
	['user', 'post']
School fishs for school 'user'
	Raw Fish: !id:int
		Fish Info
		==================================================
		Fish Name              : id
		Fish Type              : int
		Fish School Constraint : pk
		Fish Reference         : 
		Fish Special           : 
		Fish Alias             : 
	Raw Fish: fname:str
		Fish Info
		==================================================
		Fish Name              : fname
		Fish Type              : str
		Fish School Constraint : None
		Fish Reference         : 
		Fish Special           : 
		Fish Alias             : 
	Raw Fish: lname:str
		Fish Info
		==================================================
		Fish Name              : lname
		Fish Type              : str
		Fish School Constraint : None
		Fish Reference         : 
		Fish Special           : 
		Fish Alias             : 
	Raw Fish: email:str
		Fish Info
		==================================================
		Fish Name              : email
		Fish Type              : str
		Fish School Constraint : None
		Fish Reference         : 
		Fish Special           : 
		Fish Alias             : 
	Raw Fish: gender:bool
		Fish Info
		==================================================
		Fish Name              : gender
		Fish Type              : bool
		Fish School Constraint : None
		Fish Reference         : 
		Fish Special           : 
		Fish Alias             : 
	Raw Fish: bio:str
		Fish Info
		==================================================
		Fish Name              : bio
		Fish Type              : str
		Fish School Constraint : None
		Fish Reference         : 
		Fish Special           : 
		Fish Alias             : 
School fishs for school 'post'
	Raw Fish: !id:int
		Fish Info
		==================================================
		Fish Name              : id
		Fish Type              : int
		Fish School Constraint : pk
		Fish Reference         : 
		Fish Special           : 
		Fish Alias             : 
	Raw Fish: content:str
		Fish Info
		==================================================
		Fish Name              : content
		Fish Type              : str
		Fish School Constraint : None
		Fish Reference         : 
		Fish Special           : 
		Fish Alias             : 
	Raw Fish: @user->id:int=user_id
		Fish Info
		==================================================
		Fish Name              : user
		Fish Type              : int
		Fish School Constraint : fk
		Fish Reference         : id
		Fish Special           : alias
		Fish Alias             : user_id
Schema IR
	user
		!id:int          -- {}              
		fname:str        -- {'limit': 50}   
		lname:str        -- {'limit': 50}   
		email:str        -- {'limit': 100}  
		gender:bool      -- {}              
		bio:str          -- {'limit': 500}  
	post
		!id:int          -- {}              
		content:str      -- {'limit': 300}  
		@user->id:int=user_id -- {}              
Path Index
	./test/data/creation/case7/a/input/user.json: ['user', 'post']
ATTR SPECIAL

ATTR SPECIAL

ATTR SPECIAL

ATTR SPECIAL

ATTR SPECIAL

{'pk': <celerity.transpiler.school_constraint.SchoolConstraint object at 0x105645c40>}
ATTR SPECIAL

{'pk': <celerity.transpiler.school_constraint.SchoolConstraint object at 0x1056660f0>, 'fk': <celerity.transpiler.school_constraint.SchoolConstraint object at 0x105667e00>}
ATTR SPECIAL
alias
LETS GO ===============================

CREATE TABLE IF NOT EXISTS "user" (
	fname VARCHAR(50) NOT NULL,
	lname VARCHAR(50) NOT NULL,
	email VARCHAR(100) NOT NULL,
	gender BOOLEAN NOT NULL,
	bio VARCHAR(500) NOT NULL,
	id SERIAL PRIMARY KEY
);
CREATE TABLE IF NOT EXISTS "post" (
	content VARCHAR(300) NOT NULL,
	id SERIAL PRIMARY KEY,
	user_id INTEGER NOT NULL,
	FOREIGN KEY (user_id) REFERENCES "user"(id) ON DELETE CASCADE
);

Schema Bytes
CREATE TABLE IF NOT EXISTS "user" (
	fname VARCHAR(50) NOT NULL,
	lname VARCHAR(50) NOT NULL,
	email VARCHAR(100) NOT NULL,
	gender BOOLEAN NOT NULL,
	bio VARCHAR(500) NOT NULL,
	id SERIAL PRIMARY KEY
);
CREATE TABLE IF NOT EXISTS "post" (
	content VARCHAR(300) NOT NULL,
	id SERIAL PRIMARY KEY,
	user_id INTEGER NOT NULL,
	FOREIGN KEY (user_id) REFERENCES "user"(id) ON DELETE CASCADE
);

Schema being rewritten
Delta

old schema
CREATE TABLE IF NOT EXISTS "user" (
	fname VARCHAR(50) NOT NULL,
	lname VARCHAR(50) NOT NULL,
	email VARCHAR(100) NOT NULL,
	gender BOOLEAN NOT NULL,
	bio VARCHAR(500) NOT NULL,
	id SERIAL PRIMARY KEY
);
CREATE TABLE IF NOT EXISTS "post" (
	content VARCHAR(300) NOT NULL,
	id SERIAL PRIMARY KEY,
	user_id INTEGER NOT NULL,
	FOREIGN KEY (user_id) REFERENCES "user"(id) ON DELETE CASCADE
);

<celerity.transpiler.ocean.Ocean object at 0x10572f620>
<bound method Ocean.metadata of <celerity.transpiler.ocean.Ocean object at 0x10572f620>>
{'id': '1728607805498.344', 'path_index': {'/Users/josephbender/Desktop/programming/python/pycelerity/test/data/creation/case7/a/input/user.json': ['user', 'post']}, 'checksums': {'/Users/josephbender/Desktop/programming/python/pycelerity/test/data/creation/case7/a/input/user.json': '78deee19834e4f943eb2fabb1319a4fc85e00d28ad5415dc6eceae2e3ccc1dab'}, 'schools': ['user', 'post'], 'history': ['./test/data/creation/case7/a/rollback/1728607805498.344'], 'school_index': {'user': ['/Users/josephbender/Desktop/programming/python/pycelerity/test/data/creation/case7/a/input/user.json'], 'post': ['/Users/josephbender/Desktop/programming/python/pycelerity/test/data/creation/case7/a/input/user.json']}}
Files to be considered for IR
	./test/data/creation/case8/a/input/polymorphic.json
{'user': {'!id:int': {}, 'gender:bool': {}}, 'employee': {'!id:int': {}, '#employable': {}}}
{'user': {'!id:int': {}, 'gender:bool': {}}, 'employee': {'!id:int': {}, '#employable': {}}}
Dependency Graph
	{}
Sorted deps
	[]
School fishs for school 'employee'
	Raw Fish: !id:int
		Fish Info
		==================================================
		Fish Name              : id
		Fish Type              : int
		Fish School Constraint : pk
		Fish Reference         : 
		Fish Special           : 
		Fish Alias             : 
	Raw Fish: #employable
		Fish Info
		==================================================
		Fish Name              : employable
		Fish Type              : 
		Fish School Constraint : poly
		Fish Reference         : 
		Fish Special           : 
		Fish Alias             : 
School fishs for school 'user'
	Raw Fish: !id:int
		Fish Info
		==================================================
		Fish Name              : id
		Fish Type              : int
		Fish School Constraint : pk
		Fish Reference         : 
		Fish Special           : 
		Fish Alias             : 
	Raw Fish: gender:bool
		Fish Info
		==================================================
		Fish Name              : gender
		Fish Type              : bool
		Fish School Constraint : None
		Fish Reference         : 
		Fish Special           : 
		Fish Alias             : 
Schema IR
	employee
		!id:int          -- {}              
		#employable      -- {}              
	user
		!id:int          -- {}              
		gender:bool      -- {}              
Path Index
	./test/data/creation/case8/a/input/polymorphic.json: ['user', 'employee']
{'pk': <celerity.transpiler.school_constraint.SchoolConstraint object at 0x1056655b0>, 'poly': <celerity.transpiler.school_constraint.SchoolConstraint object at 0x105666c90>}
ATTR SPECIAL

{'pk': <celerity.transpiler.school_constraint.SchoolConstraint object at 0x10572f110>}
LETS GO ===============================

CREATE TABLE IF NOT EXISTS "employee" (
	id SERIAL PRIMARY KEY,
	employable_type VARCHAR(50) NOT NULL,
	employable_id INTEGER NOT NULL,
	UNIQUE (employable_id, employable_type)
);
CREATE TABLE IF NOT EXISTS "user" (
	gender BOOLEAN NOT NULL,
	id SERIAL PRIMARY KEY
);

Schema Bytes
CREATE TABLE IF NOT EXISTS "employee" (
	id SERIAL PRIMARY KEY,
	employable_type VARCHAR(50) NOT NULL,
	employable_id INTEGER NOT NULL,
	UNIQUE (employable_id, employable_type)
);
CREATE TABLE IF NOT EXISTS "user" (
	gender BOOLEAN NOT NULL,
	id SERIAL PRIMARY KEY
);

Schema being rewritten
Delta

old schema
CREATE TABLE IF NOT EXISTS "employee" (
	id SERIAL PRIMARY KEY,
	employable_type VARCHAR(50) NOT NULL,
	employable_id INTEGER NOT NULL,
	UNIQUE (employable_id, employable_type)
);
CREATE TABLE IF NOT EXISTS "user" (
	gender BOOLEAN NOT NULL,
	id SERIAL PRIMARY KEY
);

<celerity.transpiler.ocean.Ocean object at 0x105666330>
<bound method Ocean.metadata of <celerity.transpiler.ocean.Ocean object at 0x105666330>>
{'id': '1728607805507.236', 'path_index': {'/Users/josephbender/Desktop/programming/python/pycelerity/test/data/creation/case8/a/input/polymorphic.json': ['user', 'employee']}, 'checksums': {'/Users/josephbender/Desktop/programming/python/pycelerity/test/data/creation/case8/a/input/polymorphic.json': 'cc0a47c9e5ba5e7a5453d1443444443a8433881994d0f18c4b5edce06ae97fa8'}, 'schools': ['employee', 'user'], 'history': ['./test/data/creation/case8/a/rollback/1728607805507.236'], 'school_index': {'user': ['/Users/josephbender/Desktop/programming/python/pycelerity/test/data/creation/case8/a/input/polymorphic.json'], 'employee': ['/Users/josephbender/Desktop/programming/python/pycelerity/test/data/creation/case8/a/input/polymorphic.json']}}
Files to be considered for IR
	./test/data/creation/case9/a/input/file2.json
{'table2': {'!id:int': {}, 'eureka:int': {}}}
	./test/data/creation/case9/a/input/file1.json
{'table1': {'!id:int': {}, 'name:str': {'limit': 100}, 'cool:bool': {}}}
{'table2': {'!id:int': {}, 'eureka:int': {}}, 'table1': {'!id:int': {}, 'name:str': {'limit': 100}, 'cool:bool': {}}}
Dependency Graph
	{}
Sorted deps
	[]
School fishs for school 'table1'
	Raw Fish: !id:int
		Fish Info
		==================================================
		Fish Name              : id
		Fish Type              : int
		Fish School Constraint : pk
		Fish Reference         : 
		Fish Special           : 
		Fish Alias             : 
	Raw Fish: name:str
		Fish Info
		==================================================
		Fish Name              : name
		Fish Type              : str
		Fish School Constraint : None
		Fish Reference         : 
		Fish Special           : 
		Fish Alias             : 
	Raw Fish: cool:bool
		Fish Info
		==================================================
		Fish Name              : cool
		Fish Type              : bool
		Fish School Constraint : None
		Fish Reference         : 
		Fish Special           : 
		Fish Alias             : 
School fishs for school 'table2'
	Raw Fish: !id:int
		Fish Info
		==================================================
		Fish Name              : id
		Fish Type              : int
		Fish School Constraint : pk
		Fish Reference         : 
		Fish Special           : 
		Fish Alias             : 
	Raw Fish: eureka:int
		Fish Info
		==================================================
		Fish Name              : eureka
		Fish Type              : int
		Fish School Constraint : None
		Fish Reference         : 
		Fish Special           : 
		Fish Alias             : 
Schema IR
	table1
		!id:int          -- {}              
		name:str         -- {'limit': 100}  
		cool:bool        -- {}              
	table2
		!id:int          -- {}              
		eureka:int       -- {}              
Path Index
	./test/data/creation/case9/a/input/file2.json: ['table2']      
	./test/data/creation/case9/a/input/file1.json: ['table1']      
ATTR SPECIAL

ATTR SPECIAL

{'pk': <celerity.transpiler.school_constraint.SchoolConstraint object at 0x105667320>}
ATTR SPECIAL

{'pk': <celerity.transpiler.school_constraint.SchoolConstraint object at 0x10575c2f0>}
LETS GO ===============================

CREATE TABLE IF NOT EXISTS "table1" (
	name VARCHAR(100) NOT NULL,
	cool BOOLEAN NOT NULL,
	id SERIAL PRIMARY KEY
);
CREATE TABLE IF NOT EXISTS "table2" (
	eureka INTEGER NOT NULL,
	id SERIAL PRIMARY KEY
);

Schema Bytes
CREATE TABLE IF NOT EXISTS "table1" (
	name VARCHAR(100) NOT NULL,
	cool BOOLEAN NOT NULL,
	id SERIAL PRIMARY KEY
);
CREATE TABLE IF NOT EXISTS "table2" (
	eureka INTEGER NOT NULL,
	id SERIAL PRIMARY KEY
);

Schema being rewritten
Delta

old schema
CREATE TABLE IF NOT EXISTS "table1" (
	name VARCHAR(100) NOT NULL,
	cool BOOLEAN NOT NULL,
	id SERIAL PRIMARY KEY
);
CREATE TABLE IF NOT EXISTS "table2" (
	eureka INTEGER NOT NULL,
	id SERIAL PRIMARY KEY
);

<celerity.transpiler.ocean.Ocean object at 0x105667500>
<bound method Ocean.metadata of <celerity.transpiler.ocean.Ocean object at 0x105667500>>
{'id': '1728607805515.01', 'path_index': {'/Users/josephbender/Desktop/programming/python/pycelerity/test/data/creation/case9/a/input/file2.json': ['table2'], '/Users/josephbender/Desktop/programming/python/pycelerity/test/data/creation/case9/a/input/file1.json': ['table1']}, 'checksums': {'/Users/josephbender/Desktop/programming/python/pycelerity/test/data/creation/case9/a/input/file2.json': '40e7ed1e4dee546830a34fa85965342f40193b3c36ab8426dcda1bf99b22c540', '/Users/josephbender/Desktop/programming/python/pycelerity/test/data/creation/case9/a/input/file1.json': '0a6b3eac26f5533f6bdaf4654dd7f085607ac42ed034cc7e16addcd0bd0bd1a8'}, 'schools': ['table1', 'table2'], 'history': ['./test/data/creation/case9/a/rollback/1728607805515.01'], 'school_index': {'table2': ['/Users/josephbender/Desktop/programming/python/pycelerity/test/data/creation/case9/a/input/file2.json'], 'table1': ['/Users/josephbender/Desktop/programming/python/pycelerity/test/data/creation/case9/a/input/file1.json']}}
