[]
Mock Timestamp
1001.0
CREATING CONGREGATION WITH:
{}
----------------------------------------------------------------------------------------------------LOADING OCEAN----------------------------------------------------------------------------------------------------
Files to be considered for IR
	./test/data/creation/case1/a/input/table.json
{'table': {'!id:int': {}, 'comment:str': {'limit': 100}, 'priority:int': {}}}
Dependency Graph
	{}
Sorted deps
	[]
School fishs for school 'table'
	Raw Fish: !id:int
		Fish Info
		==================================================
		Fish Name              : id
		Fish Type              : int
		Fish School Constraint : pk
		Fish Reference         : 
		Fish Special           : 
		Fish Alias             : 
	Raw Fish: comment:str
		Fish Info
		==================================================
		Fish Name              : comment
		Fish Type              : str
		Fish School Constraint : None
		Fish Reference         : 
		Fish Special           : 
		Fish Alias             : 
	Raw Fish: priority:int
		Fish Info
		==================================================
		Fish Name              : priority
		Fish Type              : int
		Fish School Constraint : None
		Fish Reference         : 
		Fish Special           : 
		Fish Alias             : 
CREATING CONGREGATION WITH:
{'table': {'!id:int': {}, 'comment:str': {'limit': 100}, 'priority:int': {}}}
{'table': {'!id:int': {}, 'comment:str': {'limit': 100}, 'priority:int': {}}}
{'table': '627a3bdde6542fc32f01272bb8b2e8bb95e97d71e5e5d7134851a53b10ea5a70'}
Schema IR
	table
		!id:int          -- {}              
		comment:str      -- {'limit': 100}  
		priority:int     -- {}              
Path Index: TODO ocean.dump()
====================================================================================================OCEAN LOADED====================================================================================================
----------------------------------------------------------------------------------------------------SERIALIZING OCEAN----------------------------------------------------------------------------------------------------
[]
Mock Timestamp
1002.0
CREATING CONGREGATION WITH:
{}
----------------------------------------------------------------------------------------------------LOADING OCEAN----------------------------------------------------------------------------------------------------
Files to be considered for IR
	./test/data/creation/case2/a/input/multiple.json
{'table1': {'!id:int': {}, 'gate:bool': {}, 'effective:int': {}}, 'table2': {'!id:int': {}, 'gate:bool': {}, 'prio:int': {}}}
Dependency Graph
	{}
Sorted deps
	[]
School fishs for school 'table1'
	Raw Fish: !id:int
		Fish Info
		==================================================
		Fish Name              : id
		Fish Type              : int
		Fish School Constraint : pk
		Fish Reference         : 
		Fish Special           : 
		Fish Alias             : 
	Raw Fish: gate:bool
		Fish Info
		==================================================
		Fish Name              : gate
		Fish Type              : bool
		Fish School Constraint : None
		Fish Reference         : 
		Fish Special           : 
		Fish Alias             : 
	Raw Fish: effective:int
		Fish Info
		==================================================
		Fish Name              : effective
		Fish Type              : int
		Fish School Constraint : None
		Fish Reference         : 
		Fish Special           : 
		Fish Alias             : 
School fishs for school 'table2'
	Raw Fish: !id:int
		Fish Info
		==================================================
		Fish Name              : id
		Fish Type              : int
		Fish School Constraint : pk
		Fish Reference         : 
		Fish Special           : 
		Fish Alias             : 
	Raw Fish: gate:bool
		Fish Info
		==================================================
		Fish Name              : gate
		Fish Type              : bool
		Fish School Constraint : None
		Fish Reference         : 
		Fish Special           : 
		Fish Alias             : 
	Raw Fish: prio:int
		Fish Info
		==================================================
		Fish Name              : prio
		Fish Type              : int
		Fish School Constraint : None
		Fish Reference         : 
		Fish Special           : 
		Fish Alias             : 
CREATING CONGREGATION WITH:
{'table1': {'!id:int': {}, 'gate:bool': {}, 'effective:int': {}}, 'table2': {'!id:int': {}, 'gate:bool': {}, 'prio:int': {}}}
{'table1': {'!id:int': {}, 'gate:bool': {}, 'effective:int': {}}, 'table2': {'!id:int': {}, 'gate:bool': {}, 'prio:int': {}}}
{'table1': 'a6dc442e6a19577e36becb6217c11e1f52e60b544e2e262133af70b9d113e623', 'table2': 'b1aa8e6dd589a211e503f1f676c6cb518e8e0f1608414779f75eb0fc114dadf5'}
Schema IR
	table1
		!id:int          -- {}              
		gate:bool        -- {}              
		effective:int    -- {}              
	table2
		!id:int          -- {}              
		gate:bool        -- {}              
		prio:int         -- {}              
Path Index: TODO ocean.dump()
====================================================================================================OCEAN LOADED====================================================================================================
----------------------------------------------------------------------------------------------------SERIALIZING OCEAN----------------------------------------------------------------------------------------------------
[]
Mock Timestamp
1003.0
CREATING CONGREGATION WITH:
{}
----------------------------------------------------------------------------------------------------LOADING OCEAN----------------------------------------------------------------------------------------------------
Files to be considered for IR
	./test/data/creation/case3/a/input/optional.json
{'table1': {'!id:int': {}, 'opt:int?': {}, 'string:str': {'limit': 100}}}
Dependency Graph
	{}
Sorted deps
	[]
School fishs for school 'table1'
	Raw Fish: !id:int
		Fish Info
		==================================================
		Fish Name              : id
		Fish Type              : int
		Fish School Constraint : pk
		Fish Reference         : 
		Fish Special           : 
		Fish Alias             : 
	Raw Fish: opt:int?
		Fish Info
		==================================================
		Fish Name              : opt
		Fish Type              : int
		Fish School Constraint : None
		Fish Reference         : 
		Fish Special           : optional
		Fish Alias             : 
	Raw Fish: string:str
		Fish Info
		==================================================
		Fish Name              : string
		Fish Type              : str
		Fish School Constraint : None
		Fish Reference         : 
		Fish Special           : 
		Fish Alias             : 
CREATING CONGREGATION WITH:
{'table1': {'!id:int': {}, 'opt:int?': {}, 'string:str': {'limit': 100}}}
{'table1': {'!id:int': {}, 'opt:int?': {}, 'string:str': {'limit': 100}}}
{'table1': 'fc950cbf0101b5fa1fcb3d385b61e4248cd946732367713917e51f1b4407c83a'}
Schema IR
	table1
		!id:int          -- {}              
		opt:int?         -- {}              
		string:str       -- {'limit': 100}  
Path Index: TODO ocean.dump()
====================================================================================================OCEAN LOADED====================================================================================================
----------------------------------------------------------------------------------------------------SERIALIZING OCEAN----------------------------------------------------------------------------------------------------
[]
Mock Timestamp
1004.0
CREATING CONGREGATION WITH:
{}
----------------------------------------------------------------------------------------------------LOADING OCEAN----------------------------------------------------------------------------------------------------
Files to be considered for IR
	./test/data/creation/case4/a/input/something.json
{'table1': {'!id:int': {}, 'opt:int*': {}, 'string:str': {'limit': 100}}}
Dependency Graph
	{}
Sorted deps
	[]
School fishs for school 'table1'
	Raw Fish: !id:int
		Fish Info
		==================================================
		Fish Name              : id
		Fish Type              : int
		Fish School Constraint : pk
		Fish Reference         : 
		Fish Special           : 
		Fish Alias             : 
	Raw Fish: opt:int*
		Fish Info
		==================================================
		Fish Name              : opt
		Fish Type              : int
		Fish School Constraint : None
		Fish Reference         : 
		Fish Special           : unique
		Fish Alias             : 
	Raw Fish: string:str
		Fish Info
		==================================================
		Fish Name              : string
		Fish Type              : str
		Fish School Constraint : None
		Fish Reference         : 
		Fish Special           : 
		Fish Alias             : 
CREATING CONGREGATION WITH:
{'table1': {'!id:int': {}, 'opt:int*': {}, 'string:str': {'limit': 100}}}
{'table1': {'!id:int': {}, 'opt:int*': {}, 'string:str': {'limit': 100}}}
{'table1': '707aaf81f95fb8e61dfcc5ca3d191c150084b47e3ff79fa303f26a3e6839493f'}
Schema IR
	table1
		!id:int          -- {}              
		opt:int*         -- {}              
		string:str       -- {'limit': 100}  
Path Index: TODO ocean.dump()
====================================================================================================OCEAN LOADED====================================================================================================
----------------------------------------------------------------------------------------------------SERIALIZING OCEAN----------------------------------------------------------------------------------------------------
[]
Mock Timestamp
1005.0
CREATING CONGREGATION WITH:
{}
----------------------------------------------------------------------------------------------------LOADING OCEAN----------------------------------------------------------------------------------------------------
Files to be considered for IR
	./test/data/creation/case5/a/input/something.json
{'table1': {'!id:int': {}, 'opt:int+': {}, 'string:str': {'limit': 100}}}
Dependency Graph
	{}
Sorted deps
	[]
School fishs for school 'table1'
	Raw Fish: !id:int
		Fish Info
		==================================================
		Fish Name              : id
		Fish Type              : int
		Fish School Constraint : pk
		Fish Reference         : 
		Fish Special           : 
		Fish Alias             : 
	Raw Fish: opt:int+
		Fish Info
		==================================================
		Fish Name              : opt
		Fish Type              : int
		Fish School Constraint : None
		Fish Reference         : 
		Fish Special           : reqopt
		Fish Alias             : 
	Raw Fish: string:str
		Fish Info
		==================================================
		Fish Name              : string
		Fish Type              : str
		Fish School Constraint : None
		Fish Reference         : 
		Fish Special           : 
		Fish Alias             : 
CREATING CONGREGATION WITH:
{'table1': {'!id:int': {}, 'opt:int+': {}, 'string:str': {'limit': 100}}}
{'table1': {'!id:int': {}, 'opt:int+': {}, 'string:str': {'limit': 100}}}
{'table1': '1623fc1cfd9a5519162258d49074315ab27827cec35c92533db5319dee99a9d9'}
Schema IR
	table1
		!id:int          -- {}              
		opt:int+         -- {}              
		string:str       -- {'limit': 100}  
Path Index: TODO ocean.dump()
====================================================================================================OCEAN LOADED====================================================================================================
----------------------------------------------------------------------------------------------------SERIALIZING OCEAN----------------------------------------------------------------------------------------------------
[]
Mock Timestamp
1006.0
CREATING CONGREGATION WITH:
{}
----------------------------------------------------------------------------------------------------LOADING OCEAN----------------------------------------------------------------------------------------------------
Files to be considered for IR
	./test/data/creation/case6/a/input/input.json
{'table1': {'!id:int=alias1': {}, 'name:str=alias2': {'limit': 100}, 'something:int=alias3': {}}}
Dependency Graph
	{}
Sorted deps
	[]
School fishs for school 'table1'
	Raw Fish: !id:int=alias1
		Fish Info
		==================================================
		Fish Name              : id
		Fish Type              : int
		Fish School Constraint : pk
		Fish Reference         : 
		Fish Special           : alias
		Fish Alias             : alias1
	Raw Fish: name:str=alias2
		Fish Info
		==================================================
		Fish Name              : name
		Fish Type              : str
		Fish School Constraint : None
		Fish Reference         : 
		Fish Special           : alias
		Fish Alias             : alias2
	Raw Fish: something:int=alias3
		Fish Info
		==================================================
		Fish Name              : something
		Fish Type              : int
		Fish School Constraint : None
		Fish Reference         : 
		Fish Special           : alias
		Fish Alias             : alias3
CREATING CONGREGATION WITH:
{'table1': {'!id:int=alias1': {}, 'name:str=alias2': {'limit': 100}, 'something:int=alias3': {}}}
{'table1': {'!id:int=alias1': {}, 'name:str=alias2': {'limit': 100}, 'something:int=alias3': {}}}
{'table1': '03f8c38b4d80cc81e7c8b02b647dc3a7d23fa7550ecaa2cc9472e744cccadf35'}
Schema IR
	table1
		!id:int=alias1   -- {}              
		name:str=alias2  -- {'limit': 100}  
		something:int=alias3 -- {}              
Path Index: TODO ocean.dump()
====================================================================================================OCEAN LOADED====================================================================================================
----------------------------------------------------------------------------------------------------SERIALIZING OCEAN----------------------------------------------------------------------------------------------------
[]
Mock Timestamp
1007.0
CREATING CONGREGATION WITH:
{}
----------------------------------------------------------------------------------------------------LOADING OCEAN----------------------------------------------------------------------------------------------------
Files to be considered for IR
	./test/data/creation/case7/a/input/user.json
{'user': {'!id:int': {}, 'fname:str': {'limit': 50}, 'lname:str': {'limit': 50}, 'email:str': {'limit': 100}, 'gender:bool': {}, 'bio:str': {'limit': 500}}, 'post': {'!id:int': {}, 'content:str': {'limit': 300}, '@user->id:int=user_id': {}}}
Dependency Graph
	{'post': 'user'}
Sorted deps
	['user', 'post']
School fishs for school 'user'
	Raw Fish: !id:int
		Fish Info
		==================================================
		Fish Name              : id
		Fish Type              : int
		Fish School Constraint : pk
		Fish Reference         : 
		Fish Special           : 
		Fish Alias             : 
	Raw Fish: fname:str
		Fish Info
		==================================================
		Fish Name              : fname
		Fish Type              : str
		Fish School Constraint : None
		Fish Reference         : 
		Fish Special           : 
		Fish Alias             : 
	Raw Fish: lname:str
		Fish Info
		==================================================
		Fish Name              : lname
		Fish Type              : str
		Fish School Constraint : None
		Fish Reference         : 
		Fish Special           : 
		Fish Alias             : 
	Raw Fish: email:str
		Fish Info
		==================================================
		Fish Name              : email
		Fish Type              : str
		Fish School Constraint : None
		Fish Reference         : 
		Fish Special           : 
		Fish Alias             : 
	Raw Fish: gender:bool
		Fish Info
		==================================================
		Fish Name              : gender
		Fish Type              : bool
		Fish School Constraint : None
		Fish Reference         : 
		Fish Special           : 
		Fish Alias             : 
	Raw Fish: bio:str
		Fish Info
		==================================================
		Fish Name              : bio
		Fish Type              : str
		Fish School Constraint : None
		Fish Reference         : 
		Fish Special           : 
		Fish Alias             : 
School fishs for school 'post'
	Raw Fish: !id:int
		Fish Info
		==================================================
		Fish Name              : id
		Fish Type              : int
		Fish School Constraint : pk
		Fish Reference         : 
		Fish Special           : 
		Fish Alias             : 
	Raw Fish: content:str
		Fish Info
		==================================================
		Fish Name              : content
		Fish Type              : str
		Fish School Constraint : None
		Fish Reference         : 
		Fish Special           : 
		Fish Alias             : 
	Raw Fish: @user->id:int=user_id
		Fish Info
		==================================================
		Fish Name              : user
		Fish Type              : int
		Fish School Constraint : fk
		Fish Reference         : id
		Fish Special           : alias
		Fish Alias             : user_id
CREATING CONGREGATION WITH:
{'user': {'!id:int': {}, 'fname:str': {'limit': 50}, 'lname:str': {'limit': 50}, 'email:str': {'limit': 100}, 'gender:bool': {}, 'bio:str': {'limit': 500}}, 'post': {'!id:int': {}, 'content:str': {'limit': 300}, '@user->id:int=user_id': {}}}
{'user': {'!id:int': {}, 'fname:str': {'limit': 50}, 'lname:str': {'limit': 50}, 'email:str': {'limit': 100}, 'gender:bool': {}, 'bio:str': {'limit': 500}}, 'post': {'!id:int': {}, 'content:str': {'limit': 300}, '@user->id:int=user_id': {}}}
{'user': 'f637283ad702c7d33bba1bbddd24d73be6464cf8f501331620091e9f2e1a9f40', 'post': '4effa5458df54bad7a32a7b91c37362e344de121d2db4766d19c86b907ed5903'}
Schema IR
	user
		!id:int          -- {}              
		fname:str        -- {'limit': 50}   
		lname:str        -- {'limit': 50}   
		email:str        -- {'limit': 100}  
		gender:bool      -- {}              
		bio:str          -- {'limit': 500}  
	post
		!id:int          -- {}              
		content:str      -- {'limit': 300}  
		@user->id:int=user_id -- {}              
Path Index: TODO ocean.dump()
====================================================================================================OCEAN LOADED====================================================================================================
----------------------------------------------------------------------------------------------------SERIALIZING OCEAN----------------------------------------------------------------------------------------------------
[]
Mock Timestamp
1008.0
CREATING CONGREGATION WITH:
{}
----------------------------------------------------------------------------------------------------LOADING OCEAN----------------------------------------------------------------------------------------------------
Files to be considered for IR
	./test/data/creation/case8/a/input/polymorphic.json
{'user': {'!id:int': {}, 'gender:bool': {}}, 'employee': {'!id:int': {}, '#employable': {}}}
Dependency Graph
	{}
Sorted deps
	[]
School fishs for school 'employee'
	Raw Fish: !id:int
		Fish Info
		==================================================
		Fish Name              : id
		Fish Type              : int
		Fish School Constraint : pk
		Fish Reference         : 
		Fish Special           : 
		Fish Alias             : 
	Raw Fish: #employable
		Fish Info
		==================================================
		Fish Name              : employable
		Fish Type              : 
		Fish School Constraint : poly
		Fish Reference         : 
		Fish Special           : 
		Fish Alias             : 
School fishs for school 'user'
	Raw Fish: !id:int
		Fish Info
		==================================================
		Fish Name              : id
		Fish Type              : int
		Fish School Constraint : pk
		Fish Reference         : 
		Fish Special           : 
		Fish Alias             : 
	Raw Fish: gender:bool
		Fish Info
		==================================================
		Fish Name              : gender
		Fish Type              : bool
		Fish School Constraint : None
		Fish Reference         : 
		Fish Special           : 
		Fish Alias             : 
CREATING CONGREGATION WITH:
{'employee': {'!id:int': {}, '#employable': {}}, 'user': {'!id:int': {}, 'gender:bool': {}}}
{'employee': {'!id:int': {}, '#employable': {}}, 'user': {'!id:int': {}, 'gender:bool': {}}}
{'employee': '42ecb710a2782543b75c9a00d903edabbe50de7d2218a76cfc94ca2859613bcc', 'user': 'f8181d7976fa4dd8111ee4ac9f6c6dbaab35df24b9d96abe0fef76970441998d'}
Schema IR
	employee
		!id:int          -- {}              
		#employable      -- {}              
	user
		!id:int          -- {}              
		gender:bool      -- {}              
Path Index: TODO ocean.dump()
====================================================================================================OCEAN LOADED====================================================================================================
----------------------------------------------------------------------------------------------------SERIALIZING OCEAN----------------------------------------------------------------------------------------------------
[]
Mock Timestamp
1009.0
CREATING CONGREGATION WITH:
{}
----------------------------------------------------------------------------------------------------LOADING OCEAN----------------------------------------------------------------------------------------------------
Files to be considered for IR
	./test/data/creation/case9/a/input/file2.json
	./test/data/creation/case9/a/input/file1.json
{'table2': {'!id:int': {}, 'eureka:int': {}}, 'table1': {'!id:int': {}, 'name:str': {'limit': 100}, 'cool:bool': {}}}
Dependency Graph
	{}
Sorted deps
	[]
School fishs for school 'table1'
	Raw Fish: !id:int
		Fish Info
		==================================================
		Fish Name              : id
		Fish Type              : int
		Fish School Constraint : pk
		Fish Reference         : 
		Fish Special           : 
		Fish Alias             : 
	Raw Fish: name:str
		Fish Info
		==================================================
		Fish Name              : name
		Fish Type              : str
		Fish School Constraint : None
		Fish Reference         : 
		Fish Special           : 
		Fish Alias             : 
	Raw Fish: cool:bool
		Fish Info
		==================================================
		Fish Name              : cool
		Fish Type              : bool
		Fish School Constraint : None
		Fish Reference         : 
		Fish Special           : 
		Fish Alias             : 
School fishs for school 'table2'
	Raw Fish: !id:int
		Fish Info
		==================================================
		Fish Name              : id
		Fish Type              : int
		Fish School Constraint : pk
		Fish Reference         : 
		Fish Special           : 
		Fish Alias             : 
	Raw Fish: eureka:int
		Fish Info
		==================================================
		Fish Name              : eureka
		Fish Type              : int
		Fish School Constraint : None
		Fish Reference         : 
		Fish Special           : 
		Fish Alias             : 
CREATING CONGREGATION WITH:
{'table1': {'!id:int': {}, 'name:str': {'limit': 100}, 'cool:bool': {}}, 'table2': {'!id:int': {}, 'eureka:int': {}}}
{'table1': {'!id:int': {}, 'name:str': {'limit': 100}, 'cool:bool': {}}, 'table2': {'!id:int': {}, 'eureka:int': {}}}
{'table1': 'b021174e027c4b52a5eacaaf57b13c895567d330b87759442fec3c2ba5a98348', 'table2': '0e2a13b35adb9fcbeb1f72cf003e2c97fa54458796b586b19b18cfce9bcbfdb4'}
Schema IR
	table1
		!id:int          -- {}              
		name:str         -- {'limit': 100}  
		cool:bool        -- {}              
	table2
		!id:int          -- {}              
		eureka:int       -- {}              
Path Index: TODO ocean.dump()
====================================================================================================OCEAN LOADED====================================================================================================
----------------------------------------------------------------------------------------------------SERIALIZING OCEAN----------------------------------------------------------------------------------------------------
[]
Mock Timestamp
1010.0
CREATING CONGREGATION WITH:
{}
----------------------------------------------------------------------------------------------------LOADING OCEAN----------------------------------------------------------------------------------------------------
Files to be considered for IR
	./test/data/creation/case10/a/input/validations.json
{'validations': {'!id:int': {}, 'name:str*': {'limit': 100, 'default': 'hello'}, 'name2:int*': {'default': 10}, 'email:str*': {'limit': 500, 'regex': 'email'}, 'nullable:bool?': {}}}
Dependency Graph
	{}
Sorted deps
	[]
School fishs for school 'validations'
	Raw Fish: !id:int
		Fish Info
		==================================================
		Fish Name              : id
		Fish Type              : int
		Fish School Constraint : pk
		Fish Reference         : 
		Fish Special           : 
		Fish Alias             : 
	Raw Fish: name:str*
		Fish Info
		==================================================
		Fish Name              : name
		Fish Type              : str
		Fish School Constraint : None
		Fish Reference         : 
		Fish Special           : unique
		Fish Alias             : 
	Raw Fish: name2:int*
		Fish Info
		==================================================
		Fish Name              : name2
		Fish Type              : int
		Fish School Constraint : None
		Fish Reference         : 
		Fish Special           : unique
		Fish Alias             : 
	Raw Fish: email:str*
		Fish Info
		==================================================
		Fish Name              : email
		Fish Type              : str
		Fish School Constraint : None
		Fish Reference         : 
		Fish Special           : unique
		Fish Alias             : 
	Raw Fish: nullable:bool?
		Fish Info
		==================================================
		Fish Name              : nullable
		Fish Type              : bool
		Fish School Constraint : None
		Fish Reference         : 
		Fish Special           : optional
		Fish Alias             : 
CREATING CONGREGATION WITH:
{'validations': {'!id:int': {}, 'name:str*': {'limit': 100, 'default': 'hello'}, 'name2:int*': {'default': 10}, 'email:str*': {'limit': 500, 'regex': 'email'}, 'nullable:bool?': {}}}
{'validations': {'!id:int': {}, 'name:str*': {'limit': 100, 'default': 'hello'}, 'name2:int*': {'default': 10}, 'email:str*': {'limit': 500, 'regex': 'email'}, 'nullable:bool?': {}}}
{'validations': '10686d4fb9f987bc7b08dedfd290918fff3b75497d377355600548346dd95701'}
Schema IR
	validations
		!id:int          -- {}              
		name:str*        -- {'limit': 100, 'default': 'hello'}
		name2:int*       -- {'default': 10} 
		email:str*       -- {'limit': 500, 'regex': 'email'}
		nullable:bool?   -- {}              
Path Index: TODO ocean.dump()
====================================================================================================OCEAN LOADED====================================================================================================
----------------------------------------------------------------------------------------------------SERIALIZING OCEAN----------------------------------------------------------------------------------------------------
[]
Mock Timestamp
1000.0
CREATING CONGREGATION WITH:
{}
----------------------------------------------------------------------------------------------------LOADING OCEAN----------------------------------------------------------------------------------------------------
Files to be considered for IR
	./test/data/updation/case3/sim/a/input/schools.json
{'table1': {'!id:int': {}}, 'table2': {'!id:int': {}}, 'table3': {'!id:int': {}}, 'table4': {'!id:int': {}}, 'table5': {'!id:int': {}}, 'table6': {'!id:int': {}}}
Dependency Graph
	{}
Sorted deps
	[]
School fishs for school 'table1'
	Raw Fish: !id:int
		Fish Info
		==================================================
		Fish Name              : id
		Fish Type              : int
		Fish School Constraint : pk
		Fish Reference         : 
		Fish Special           : 
		Fish Alias             : 
School fishs for school 'table2'
	Raw Fish: !id:int
		Fish Info
		==================================================
		Fish Name              : id
		Fish Type              : int
		Fish School Constraint : pk
		Fish Reference         : 
		Fish Special           : 
		Fish Alias             : 
School fishs for school 'table3'
	Raw Fish: !id:int
		Fish Info
		==================================================
		Fish Name              : id
		Fish Type              : int
		Fish School Constraint : pk
		Fish Reference         : 
		Fish Special           : 
		Fish Alias             : 
School fishs for school 'table4'
	Raw Fish: !id:int
		Fish Info
		==================================================
		Fish Name              : id
		Fish Type              : int
		Fish School Constraint : pk
		Fish Reference         : 
		Fish Special           : 
		Fish Alias             : 
School fishs for school 'table5'
	Raw Fish: !id:int
		Fish Info
		==================================================
		Fish Name              : id
		Fish Type              : int
		Fish School Constraint : pk
		Fish Reference         : 
		Fish Special           : 
		Fish Alias             : 
School fishs for school 'table6'
	Raw Fish: !id:int
		Fish Info
		==================================================
		Fish Name              : id
		Fish Type              : int
		Fish School Constraint : pk
		Fish Reference         : 
		Fish Special           : 
		Fish Alias             : 
CREATING CONGREGATION WITH:
{'table1': {'!id:int': {}}, 'table2': {'!id:int': {}}, 'table3': {'!id:int': {}}, 'table4': {'!id:int': {}}, 'table5': {'!id:int': {}}, 'table6': {'!id:int': {}}}
{'table1': {'!id:int': {}}, 'table2': {'!id:int': {}}, 'table3': {'!id:int': {}}, 'table4': {'!id:int': {}}, 'table5': {'!id:int': {}}, 'table6': {'!id:int': {}}}
{'table1': '15cc935c9c8c6f59df4a03f881117203b9b9b7c76011ba0f990ba7c50417b69a', 'table2': '15cc935c9c8c6f59df4a03f881117203b9b9b7c76011ba0f990ba7c50417b69a', 'table3': '15cc935c9c8c6f59df4a03f881117203b9b9b7c76011ba0f990ba7c50417b69a', 'table4': '15cc935c9c8c6f59df4a03f881117203b9b9b7c76011ba0f990ba7c50417b69a', 'table5': '15cc935c9c8c6f59df4a03f881117203b9b9b7c76011ba0f990ba7c50417b69a', 'table6': '15cc935c9c8c6f59df4a03f881117203b9b9b7c76011ba0f990ba7c50417b69a'}
Schema IR
	table1
		!id:int          -- {}              
	table2
		!id:int          -- {}              
	table3
		!id:int          -- {}              
	table4
		!id:int          -- {}              
	table5
		!id:int          -- {}              
	table6
		!id:int          -- {}              
Path Index: TODO ocean.dump()
====================================================================================================OCEAN LOADED====================================================================================================
----------------------------------------------------------------------------------------------------SERIALIZING OCEAN----------------------------------------------------------------------------------------------------
[]
Mock Timestamp
1000.0
CREATING CONGREGATION WITH:
{}
----------------------------------------------------------------------------------------------------LOADING OCEAN----------------------------------------------------------------------------------------------------
Files to be considered for IR
	./test/data/updation/case4/sim/a/input/table1.json
{'table1': {'!id:int': {}, 'welcome:str': {'limit': 500}, 'food:int': {}}}
Dependency Graph
	{}
Sorted deps
	[]
School fishs for school 'table1'
	Raw Fish: !id:int
		Fish Info
		==================================================
		Fish Name              : id
		Fish Type              : int
		Fish School Constraint : pk
		Fish Reference         : 
		Fish Special           : 
		Fish Alias             : 
	Raw Fish: welcome:str
		Fish Info
		==================================================
		Fish Name              : welcome
		Fish Type              : str
		Fish School Constraint : None
		Fish Reference         : 
		Fish Special           : 
		Fish Alias             : 
	Raw Fish: food:int
		Fish Info
		==================================================
		Fish Name              : food
		Fish Type              : int
		Fish School Constraint : None
		Fish Reference         : 
		Fish Special           : 
		Fish Alias             : 
CREATING CONGREGATION WITH:
{'table1': {'!id:int': {}, 'welcome:str': {'limit': 500}, 'food:int': {}}}
{'table1': {'!id:int': {}, 'welcome:str': {'limit': 500}, 'food:int': {}}}
{'table1': 'fc7fd68144d59bb93fc2b21d594d7c8819510e9cef0b38593dc658fc68a512c2'}
Schema IR
	table1
		!id:int          -- {}              
		welcome:str      -- {'limit': 500}  
		food:int         -- {}              
Path Index: TODO ocean.dump()
====================================================================================================OCEAN LOADED====================================================================================================
----------------------------------------------------------------------------------------------------SERIALIZING OCEAN----------------------------------------------------------------------------------------------------
[]
Mock Timestamp
1000.0
CREATING CONGREGATION WITH:
{}
----------------------------------------------------------------------------------------------------LOADING OCEAN----------------------------------------------------------------------------------------------------
Files to be considered for IR
	./test/data/updation/case5/sim/a/input/table.json
{'table': {'!id:int': {}, 'name:str': {'limit': 100}, 'wellthen:str': {'limit': 100}, 'checkurslef:int': {'default': 5}, 'boolean:bool': {'default': True}, 'something:int': {'default': 9}, 'jose:bool': {}}}
Dependency Graph
	{}
Sorted deps
	[]
School fishs for school 'table'
	Raw Fish: !id:int
		Fish Info
		==================================================
		Fish Name              : id
		Fish Type              : int
		Fish School Constraint : pk
		Fish Reference         : 
		Fish Special           : 
		Fish Alias             : 
	Raw Fish: name:str
		Fish Info
		==================================================
		Fish Name              : name
		Fish Type              : str
		Fish School Constraint : None
		Fish Reference         : 
		Fish Special           : 
		Fish Alias             : 
	Raw Fish: wellthen:str
		Fish Info
		==================================================
		Fish Name              : wellthen
		Fish Type              : str
		Fish School Constraint : None
		Fish Reference         : 
		Fish Special           : 
		Fish Alias             : 
	Raw Fish: checkurslef:int
		Fish Info
		==================================================
		Fish Name              : checkurslef
		Fish Type              : int
		Fish School Constraint : None
		Fish Reference         : 
		Fish Special           : 
		Fish Alias             : 
	Raw Fish: boolean:bool
		Fish Info
		==================================================
		Fish Name              : boolean
		Fish Type              : bool
		Fish School Constraint : None
		Fish Reference         : 
		Fish Special           : 
		Fish Alias             : 
	Raw Fish: something:int
		Fish Info
		==================================================
		Fish Name              : something
		Fish Type              : int
		Fish School Constraint : None
		Fish Reference         : 
		Fish Special           : 
		Fish Alias             : 
	Raw Fish: jose:bool
		Fish Info
		==================================================
		Fish Name              : jose
		Fish Type              : bool
		Fish School Constraint : None
		Fish Reference         : 
		Fish Special           : 
		Fish Alias             : 
CREATING CONGREGATION WITH:
{'table': {'!id:int': {}, 'name:str': {'limit': 100}, 'wellthen:str': {'limit': 100}, 'checkurslef:int': {'default': 5}, 'boolean:bool': {'default': True}, 'something:int': {'default': 9}, 'jose:bool': {}}}
{'table': {'!id:int': {}, 'name:str': {'limit': 100}, 'wellthen:str': {'limit': 100}, 'checkurslef:int': {'default': 5}, 'boolean:bool': {'default': True}, 'something:int': {'default': 9}, 'jose:bool': {}}}
{'table': '7a74c32586f8491b60013b0ed636fb857f23abc2e82acbf4b95e0f6bafbe1b42'}
Schema IR
	table
		!id:int          -- {}              
		name:str         -- {'limit': 100}  
		wellthen:str     -- {'limit': 100}  
		checkurslef:int  -- {'default': 5}  
		boolean:bool     -- {'default': True}
		something:int    -- {'default': 9}  
		jose:bool        -- {}              
Path Index: TODO ocean.dump()
====================================================================================================OCEAN LOADED====================================================================================================
----------------------------------------------------------------------------------------------------SERIALIZING OCEAN----------------------------------------------------------------------------------------------------
