[]
----------------------------------------------------------------------------------------------------LOADING OCEAN----------------------------------------------------------------------------------------------------
Files to be considered for IR
	./data/demo/input/input.json
{'user': {'!id:int': {}, 'fname:str': {'limit': 100}, 'lname:str': {'limit': 100}, 'email:str': {'regex': 'email', 'unique': True}, 'password_digest:str': {'limit': 256}}}
Dependency Graph
	{}
Sorted deps
	[]
School fishs for school 'user'
	Raw Fish: !id:int
		Fish Info
		==================================================
		Fish Name              : id
		Fish Type              : int
		Fish School Constraint : pk
		Fish Reference         : 
		Fish Special           : 
		Fish Alias             : 
	Raw Fish: fname:str
		Fish Info
		==================================================
		Fish Name              : fname
		Fish Type              : str
		Fish School Constraint : None
		Fish Reference         : 
		Fish Special           : 
		Fish Alias             : 
	Raw Fish: lname:str
		Fish Info
		==================================================
		Fish Name              : lname
		Fish Type              : str
		Fish School Constraint : None
		Fish Reference         : 
		Fish Special           : 
		Fish Alias             : 
	Raw Fish: email:str
		Fish Info
		==================================================
		Fish Name              : email
		Fish Type              : str
		Fish School Constraint : None
		Fish Reference         : 
		Fish Special           : 
		Fish Alias             : 
	Raw Fish: password_digest:str
		Fish Info
		==================================================
		Fish Name              : password_digest
		Fish Type              : str
		Fish School Constraint : None
		Fish Reference         : 
		Fish Special           : 
		Fish Alias             : 
{'user': {'!id:int': {}, 'fname:str': {'limit': 100}, 'lname:str': {'limit': 100}, 'email:str': {'regex': 'email', 'unique': True}, 'password_digest:str': {'limit': 256}}}
{'user': 'd8bd2a4ec604b799bbd5a2bca4a4a71e76ce7cfe86856a430be409a32298a4b3'}
Schema IR
	user
		!id:int          -- {}              
		fname:str        -- {'limit': 100}  
		lname:str        -- {'limit': 100}  
		email:str        -- {'regex': 'email', 'unique': True}
		password_digest:str -- {'limit': 256}  
Path Index: TODO ocean.dump()
====================================================================================================OCEAN LOADED====================================================================================================
----------------------------------------------------------------------------------------------------SERIALIZING OCEAN----------------------------------------------------------------------------------------------------
